2026-03-12 17:49:09,136 - INFO - 开始执行单词分类更新
2026-03-12 17:49:09,137 - INFO - 数据库中的表: ['sqlite_sequence', 'songs', 'phrase', 'Signature', 'interj.', 'v.', 'n.', 'adj.', 'adv.', 'art.', 'prep.', 'pron.', 'num.', 'conj.', 'no_class', 'raw', 'dictionary', 'Album1', 'Album2', 'Album3', 'Single', 'All_words', 'Unknown', 'test']
2026-03-12 17:49:09,137 - INFO - 开始处理有词性的单词
2026-03-12 17:49:09,140 - INFO - 插入单词 'a' 到表 'conj.'
2026-03-12 17:49:09,140 - INFO - 插入单词 'AA' 到表 'interj.'
2026-03-12 17:49:09,141 - INFO - 插入单词 'Aasye' 到表 'v.'
2026-03-12 17:49:09,141 - INFO - 插入单词 'Abelu' 到表 'v.'
2026-03-12 17:49:09,141 - INFO - 插入单词 'Abid' 到表 'v.'
2026-03-12 17:49:09,141 - INFO - 插入单词 'Acary' 到表 'n.'
2026-03-12 17:49:09,142 - INFO - 插入单词 'Advelses' 到表 'adj.'
2026-03-12 17:49:09,142 - INFO - 插入单词 'Afitag' 到表 'v.'
2026-03-12 17:49:09,142 - INFO - 插入单词 'ah' 到表 'interj.'
2026-03-12 17:49:09,142 - INFO - 插入单词 'Aid' 到表 'v.'
2026-03-12 17:49:09,142 - INFO - 插入单词 'Aihel' 到表 'v.'
2026-03-12 17:49:09,142 - INFO - 插入单词 'Ail' 到表 'adj.'
2026-03-12 17:49:09,142 - INFO - 插入单词 'Ailent' 到表 'n.'
2026-03-12 17:49:09,142 - INFO - 插入单词 'Ailes' 到表 'v.'
2026-03-12 17:49:09,142 - INFO - 插入单词 'Ailjfa' 到表 'v.'
2026-03-12 17:49:09,142 - INFO - 插入单词 'Aim' 到表 'n.'
2026-03-12 17:49:09,143 - INFO - 插入单词 'Aisia' 到表 'n.'
2026-03-12 17:49:09,143 - INFO - 插入单词 'Aishellm' 到表 'n.'
2026-03-12 17:49:09,143 - INFO - 插入单词 'Ait' 到表 'v.'
2026-03-12 17:49:09,143 - INFO - 插入单词 'Ajarla' 到表 'adv.'
2026-03-12 17:49:09,143 - INFO - 插入单词 'Aka' 到表 'n.'
2026-03-12 17:49:09,143 - INFO - 插入单词 'Akaite' 到表 'n.'
2026-03-12 17:49:09,143 - INFO - 插入单词 'Akarche' 到表 'n.'
2026-03-12 17:49:09,143 - INFO - 插入单词 'Alan' 到表 'adv.'
2026-03-12 17:49:09,143 - INFO - 插入单词 'Albel' 到表 'v.'
2026-03-12 17:49:09,143 - INFO - 插入单词 'Aldaltia' 到表 'v.'
2026-03-12 17:49:09,143 - INFO - 插入单词 'Alfloul' 到表 'adv.'
2026-03-12 17:49:09,143 - INFO - 插入单词 'Alger' 到表 'n.'
2026-03-12 17:49:09,143 - INFO - 插入单词 'Alista' 到表 'v.'
2026-03-12 17:49:09,145 - INFO - 插入单词 'Alikkyteri' 到表 'v.'
2026-03-12 17:49:09,145 - INFO - 插入单词 'Allss' 到表 'n.'
2026-03-12 17:49:09,145 - INFO - 插入单词 'Alter' 到表 'n.'
2026-03-12 17:49:09,145 - INFO - 插入单词 'Alvete' 到表 'v.'
2026-03-12 17:49:09,145 - INFO - 插入单词 'Am' 到表 'adv.'
2026-03-12 17:49:09,145 - INFO - 插入单词 'Amabell' 到表 'adv.'
2026-03-12 17:49:09,145 - INFO - 插入单词 'Amadimel' 到表 'adj.'
2026-03-12 17:49:09,145 - INFO - 插入单词 'Amalait' 到表 'adv.'
2026-03-12 17:49:09,146 - INFO - 插入单词 'Ambiala' 到表 'adj.'
2026-03-12 17:49:09,146 - INFO - 插入单词 'Amblait' 到表 'adv.'
2026-03-12 17:49:09,146 - INFO - 插入单词 'Amblu' 到表 'n.'
2026-03-12 17:49:09,146 - INFO - 插入单词 'Ame' 到表 'n.'
2026-03-12 17:49:09,146 - INFO - 插入单词 'Amejdimer' 到表 'n.'
2026-03-12 17:49:09,146 - INFO - 插入单词 'Amie' 到表 'v.'
2026-03-12 17:49:09,146 - INFO - 插入单词 'Amil' 到表 'v.'
2026-03-12 17:49:09,146 - INFO - 插入单词 'Amiy' 到表 'n.'
2026-03-12 17:49:09,146 - INFO - 插入单词 'Amnist' 到表 'adj.'
2026-03-12 17:49:09,146 - INFO - 插入单词 'Amvwe' 到表 'n.'
2026-03-12 17:49:09,146 - INFO - 插入单词 'Amy' 到表 'n.'
2026-03-12 17:49:09,146 - INFO - 插入单词 'Andauraspray' 到表 'n.'
2026-03-12 17:49:09,146 - INFO - 插入单词 'Anie' 到表 'n.'
2026-03-12 17:49:09,148 - INFO - 插入单词 'Aniiz' 到表 'adv.'
2026-03-12 17:49:09,148 - INFO - 插入单词 'Anisia' 到表 'adj.'
2026-03-12 17:49:09,148 - INFO - 插入单词 'Antaka' 到表 'v.'
2026-03-12 17:49:09,148 - INFO - 插入单词 'Anyahel' 到表 'v.'
2026-03-12 17:49:09,148 - INFO - 插入单词 'Anys' 到表 'adj.'
2026-03-12 17:49:09,148 - INFO - 插入单词 'Aola' 到表 'adv.'
2026-03-12 17:49:09,148 - INFO - 插入单词 'Aolu' 到表 'adj.'
2026-03-12 17:49:09,148 - INFO - 插入单词 'Apeilf' 到表 'v.'
2026-03-12 17:49:09,148 - INFO - 插入单词 'Apka' 到表 'n.'
2026-03-12 17:49:09,149 - INFO - 插入单词 'Apnesia' 到表 'adv.'
2026-03-12 17:49:09,149 - INFO - 插入单词 'Apnesiaflea' 到表 'n.'
2026-03-12 17:49:09,149 - INFO - 插入单词 'Aprout' 到表 'n.'
2026-03-12 17:49:09,150 - INFO - 插入单词 'Arch' 到表 'prep.'
2026-03-12 17:49:09,150 - INFO - 插入单词 'Arche' 到表 'prep.'
2026-03-12 17:49:09,150 - INFO - 插入单词 'Ardand' 到表 'n.'
2026-03-12 17:49:09,150 - INFO - 插入单词 'Aria' 到表 'adv.'
2026-03-12 17:49:09,150 - INFO - 插入单词 'Ark' 到表 'n.'
2026-03-12 17:49:09,150 - INFO - 插入单词 'Arla' 到表 'adj.'
2026-03-12 17:49:09,150 - INFO - 插入单词 'Arliqlowt' 到表 'n.'
2026-03-12 17:49:09,150 - INFO - 插入单词 'Arlistielim' 到表 'n.'
2026-03-12 17:49:09,151 - INFO - 插入单词 'Arm' 到表 'v.'
2026-03-12 17:49:09,151 - INFO - 插入单词 'Arriziam' 到表 'v.'
2026-03-12 17:49:09,152 - INFO - 插入单词 'Arsa' 到表 'n.'
2026-03-12 17:49:09,152 - INFO - 插入单词 'Arsabid' 到表 'v.'
2026-03-12 17:49:09,152 - INFO - 插入单词 'Arsia' 到表 'n.'
2026-03-12 17:49:09,152 - INFO - 插入单词 'Arsiam' 到表 'prep.'
2026-03-12 17:49:09,152 - INFO - 插入单词 'Arte' 到表 'conj.'
2026-03-12 17:49:09,152 - INFO - 插入单词 'Arth' 到表 'v.'
2026-03-12 17:49:09,153 - INFO - 插入单词 'Arupe' 到表 'adj.'
2026-03-12 17:49:09,153 - INFO - 插入单词 'Ary' 到表 'v.'
2026-03-12 17:49:09,153 - INFO - 插入单词 'Asta' 到表 'n.'
2026-03-12 17:49:09,153 - INFO - 插入单词 'Atherty' 到表 'n.'
2026-03-12 17:49:09,153 - INFO - 插入单词 'Aupaup' 到表 'n.'
2026-03-12 17:49:09,153 - INFO - 插入单词 'Avis' 到表 'v.'
2026-03-12 17:49:09,153 - INFO - 插入单词 'Awdrom' 到表 'n.'
2026-03-12 17:49:09,153 - INFO - 插入单词 'Awlsijvikt' 到表 'adj.'
2026-03-12 17:49:09,153 - INFO - 插入单词 'Awlst' 到表 'v.'
2026-03-12 17:49:09,153 - INFO - 插入单词 'Awte' 到表 'v.'
2026-03-12 17:49:09,153 - INFO - 插入单词 'Awter' 到表 'v.'
2026-03-12 17:49:09,154 - INFO - 插入单词 'Ay' 到表 'interj.'
2026-03-12 17:49:09,154 - INFO - 插入单词 'Badie' 到表 'v.'
2026-03-12 17:49:09,154 - INFO - 插入单词 'Bai' 到表 'adv.'
2026-03-12 17:49:09,154 - INFO - 插入单词 'Bale' 到表 'adj.'
2026-03-12 17:49:09,154 - INFO - 插入单词 'Baly' 到表 'adv.'
2026-03-12 17:49:09,154 - INFO - 插入单词 'Bedig' 到表 'adj.'
2026-03-12 17:49:09,154 - INFO - 插入单词 'Bektit' 到表 'v.'
2026-03-12 17:49:09,154 - INFO - 插入单词 'Bell' 到表 'v.'
2026-03-12 17:49:09,156 - INFO - 插入单词 'Belqua' 到表 'v.'
2026-03-12 17:49:09,156 - INFO - 插入单词 'Belzebav' 到表 'n.'
2026-03-12 17:49:09,156 - INFO - 插入单词 'Berte' 到表 'n.'
2026-03-12 17:49:09,156 - INFO - 插入单词 'Bertene' 到表 'n.'
2026-03-12 17:49:09,156 - INFO - 插入单词 'Biibell' 到表 'adj.'
2026-03-12 17:49:09,156 - INFO - 插入单词 'Bijiik' 到表 'v.'
2026-03-12 17:49:09,156 - INFO - 插入单词 'Bip' 到表 'n.'
2026-03-12 17:49:09,156 - INFO - 插入单词 'Bipeid' 到表 'v.'
2026-03-12 17:49:09,156 - INFO - 插入单词 'Bipeidit' 到表 'adj.'
2026-03-12 17:49:09,158 - INFO - 插入单词 'Bipli' 到表 'n.'
2026-03-12 17:49:09,158 - INFO - 插入单词 'Bis' 到表 'pron.'
2026-03-12 17:49:09,158 - INFO - 插入单词 'Bisoli' 到表 'pron.'
2026-03-12 17:49:09,158 - INFO - 插入单词 'Bistie' 到表 'adj.'
2026-03-12 17:49:09,158 - INFO - 插入单词 'Biziq' 到表 'n.'
2026-03-12 17:49:09,158 - INFO - 插入单词 'Blaide' 到表 'n.'
2026-03-12 17:49:09,158 - INFO - 插入单词 'Blawl' 到表 'v.'
2026-03-12 17:49:09,159 - INFO - 插入单词 'Blawpelee' 到表 'n.'
2026-03-12 17:49:09,159 - INFO - 插入单词 'Blem' 到表 'pron.'
2026-03-12 17:49:09,159 - INFO - 插入单词 'Blemenes' 到表 'n.'
2026-03-12 17:49:09,160 - INFO - 插入单词 'Blemyte' 到表 'adj.'
2026-03-12 17:49:09,160 - INFO - 插入单词 'Blidi' 到表 'n.'
2026-03-12 17:49:09,160 - INFO - 插入单词 'Blinzlait' 到表 'adv.'
2026-03-12 17:49:09,160 - INFO - 插入单词 'Bllink' 到表 'adj.'
2026-03-12 17:49:09,160 - INFO - 插入单词 'Bloud' 到表 'n.'
2026-03-12 17:49:09,160 - INFO - 插入单词 'Blu' 到表 'v.'
2026-03-12 17:49:09,161 - INFO - 插入单词 'Brai' 到表 'n.'
2026-03-12 17:49:09,161 - INFO - 插入单词 'Brait' 到表 'v.'
2026-03-12 17:49:09,161 - INFO - 插入单词 'Brey' 到表 'adj.'
2026-03-12 17:49:09,161 - INFO - 插入单词 'Briss' 到表 'adj.'
2026-03-12 17:49:09,161 - INFO - 插入单词 'Brou' 到表 'n.'
2026-03-12 17:49:09,161 - INFO - 插入单词 'Brous' 到表 'n.'
2026-03-12 17:49:09,161 - INFO - 插入单词 'Canvas' 到表 'n.'
2026-03-12 17:49:09,162 - INFO - 插入单词 'Canvie' 到表 'v.'
2026-03-12 17:49:09,162 - INFO - 插入单词 'Canvied' 到表 'adj.'
2026-03-12 17:49:09,162 - INFO - 插入单词 'Capite' 到表 'n.'
2026-03-12 17:49:09,162 - INFO - 插入单词 'Carafe' 到表 'n.'
2026-03-12 17:49:09,162 - INFO - 插入单词 'Caren' 到表 'adv.'
2026-03-12 17:49:09,162 - INFO - 插入单词 'Cat' 到表 'n.'
2026-03-12 17:49:09,162 - INFO - 插入单词 'Cate' 到表 'v.'
2026-03-12 17:49:09,162 - INFO - 插入单词 'Caty' 到表 'v.'
2026-03-12 17:49:09,162 - INFO - 插入单词 'Ceeka' 到表 'n.'
2026-03-12 17:49:09,162 - INFO - 插入单词 'Cees' 到表 'adj.'
2026-03-12 17:49:09,162 - INFO - 插入单词 'Chail' 到表 'n.'
2026-03-12 17:49:09,163 - INFO - 插入单词 'Challen' 到表 'v.'
2026-03-12 17:49:09,163 - INFO - 插入单词 'Chronicle' 到表 'n.'
2026-03-12 17:49:09,163 - INFO - 插入单词 'Circus' 到表 'n.'
2026-03-12 17:49:09,163 - INFO - 插入单词 'Cliid' 到表 'v.'
2026-03-12 17:49:09,163 - INFO - 插入单词 'Clooshe' 到表 'v.'
2026-03-12 17:49:09,163 - INFO - 插入单词 'Clooshela' 到表 'n.'
2026-03-12 17:49:09,163 - INFO - 插入单词 'Cloud' 到表 'pron.'
2026-03-12 17:49:09,163 - INFO - 插入单词 'Cloudyte' 到表 'adj.'
2026-03-12 17:49:09,163 - INFO - 插入单词 'Cobs' 到表 'n.'
2026-03-12 17:49:09,163 - INFO - 插入单词 'Coffee' 到表 'n.'
2026-03-12 17:49:09,163 - INFO - 插入单词 'Colista' 到表 'v.'
2026-03-12 17:49:09,163 - INFO - 插入单词 'Coll' 到表 'n.'
2026-03-12 17:49:09,165 - INFO - 插入单词 'Collflea' 到表 'n.'
2026-03-12 17:49:09,165 - INFO - 插入单词 'Colls' 到表 'n.'
2026-03-12 17:49:09,165 - INFO - 插入单词 'Colt' 到表 'adj.'
2026-03-12 17:49:09,165 - INFO - 插入单词 'Compass' 到表 'n.'
2026-03-12 17:49:09,165 - INFO - 插入单词 'Crai' 到表 'pron.'
2026-03-12 17:49:09,165 - INFO - 插入单词 'Craill' 到表 'pron.'
2026-03-12 17:49:09,165 - INFO - 插入单词 'Crait' 到表 'adj.'
2026-03-12 17:49:09,166 - INFO - 插入单词 'Crute' 到表 'n.'
2026-03-12 17:49:09,166 - INFO - 插入单词 'Cup' 到表 'n.'
2026-03-12 17:49:09,166 - INFO - 插入单词 'Dal' 到表 'v.'
2026-03-12 17:49:09,167 - INFO - 插入单词 'Daltu' 到表 'n.'
2026-03-12 17:49:09,167 - INFO - 插入单词 'Dangli' 到表 'v.'
2026-03-12 17:49:09,167 - INFO - 插入单词 'Darla' 到表 'n.'
2026-03-12 17:49:09,167 - INFO - 插入单词 'Darli' 到表 'adj.'
2026-03-12 17:49:09,167 - INFO - 插入单词 'Darlitte' 到表 'n.'
2026-03-12 17:49:09,167 - INFO - 插入单词 'Deank' 到表 'v.'
2026-03-12 17:49:09,167 - INFO - 插入单词 'Deet' 到表 'v.'
2026-03-12 17:49:09,167 - INFO - 插入单词 'Dejavu' 到表 'n.'
2026-03-12 17:49:09,167 - INFO - 插入单词 'Deris' 到表 'n.'
2026-03-12 17:49:09,167 - INFO - 插入单词 'Dex' 到表 'n.'
2026-03-12 17:49:09,167 - INFO - 插入单词 'Dhahyez' 到表 'v.'
2026-03-12 17:49:09,168 - INFO - 插入单词 'Di' 到表 'num.'
2026-03-12 17:49:09,168 - INFO - 插入单词 'Dia' 到表 'prep.'
2026-03-12 17:49:09,168 - INFO - 插入单词 'Diaggu' 到表 'adj.'
2026-03-12 17:49:09,168 - INFO - 插入单词 'Diallif' 到表 'v.'
2026-03-12 17:49:09,168 - INFO - 插入单词 'Dialoss' 到表 'v.'
2026-03-12 17:49:09,168 - INFO - 插入单词 'Diazz' 到表 'n.'
2026-03-12 17:49:09,168 - INFO - 插入单词 'Dibytt' 到表 'v.'
2026-03-12 17:49:09,168 - INFO - 插入单词 'Digleema' 到表 'v.'
2026-03-12 17:49:09,168 - INFO - 插入单词 'Digris' 到表 'v.'
2026-03-12 17:49:09,168 - INFO - 插入单词 'Diiza' 到表 'v.'
2026-03-12 17:49:09,170 - INFO - 插入单词 'Dijap' 到表 'n.'
2026-03-12 17:49:09,170 - INFO - 插入单词 'Dijsya' 到表 'v.'
2026-03-12 17:49:09,170 - INFO - 插入单词 'Dikteb' 到表 'v.'
2026-03-12 17:49:09,170 - INFO - 插入单词 'Dikti' 到表 'n.'
2026-03-12 17:49:09,170 - INFO - 插入单词 'Dikzim' 到表 'v.'
2026-03-12 17:49:09,170 - INFO - 插入单词 'Dilem' 到表 'v.'
2026-03-12 17:49:09,170 - INFO - 插入单词 'Dim' 到表 'n.'
2026-03-12 17:49:09,170 - INFO - 插入单词 'Dimea' 到表 'adj.'
2026-03-12 17:49:09,170 - INFO - 插入单词 'Dinb' 到表 'n.'
2026-03-12 17:49:09,170 - INFO - 插入单词 'Dis' 到表 'n.'
2026-03-12 17:49:09,171 - INFO - 插入单词 'Disigalm' 到表 'adj.'
2026-03-12 17:49:09,171 - INFO - 插入单词 'Dist' 到表 'v.'
2026-03-12 17:49:09,171 - INFO - 插入单词 'Disrait' 到表 'v.'
2026-03-12 17:49:09,172 - INFO - 插入单词 'Disverry' 到表 'n.'
2026-03-12 17:49:09,172 - INFO - 插入单词 'Dizzle' 到表 'v.'
2026-03-12 17:49:09,172 - INFO - 插入单词 'Dizzlet' 到表 'adj.'
2026-03-12 17:49:09,172 - INFO - 插入单词 'Doe' 到表 'adv.'
2026-03-12 17:49:09,172 - INFO - 插入单词 'Doool' 到表 'n.'
2026-03-12 17:49:09,172 - INFO - 插入单词 'Dooolas' 到表 'n.'
2026-03-12 17:49:09,172 - INFO - 插入单词 'Dooom' 到表 'adj.'
2026-03-12 17:49:09,172 - INFO - 插入单词 'Dooomlait' 到表 'adv.'
2026-03-12 17:49:09,172 - INFO - 插入单词 'Door' 到表 'n.'
2026-03-12 17:49:09,172 - INFO - 插入单词 'Dora' 到表 'n.'
2026-03-12 17:49:09,172 - INFO - 插入单词 'Doraid' 到表 'n.'
2026-03-12 17:49:09,174 - INFO - 插入单词 'Dorain' 到表 'adj.'
2026-03-12 17:49:09,174 - INFO - 插入单词 'Dors' 到表 'n.'
2026-03-12 17:49:09,174 - INFO - 插入单词 'Drea' 到表 'v.'
2026-03-12 17:49:09,174 - INFO - 插入单词 'Dro' 到表 'num.'
2026-03-12 17:49:09,174 - INFO - 插入单词 'Drone' 到表 'adj.'
2026-03-12 17:49:09,174 - INFO - 插入单词 'Dronene' 到表 'n.'
2026-03-12 17:49:09,174 - INFO - 插入单词 'Droq' 到表 'n.'
2026-03-12 17:49:09,174 - INFO - 插入单词 'Dubs' 到表 'n.'
2026-03-12 17:49:09,174 - INFO - 插入单词 'Dufaus' 到表 'n.'
2026-03-12 17:49:09,174 - INFO - 插入单词 'Dybytt' 到表 'v.'
2026-03-12 17:49:09,174 - INFO - 插入单词 'Eadalam' 到表 'n.'
2026-03-12 17:49:09,174 - INFO - 插入单词 'Eala' 到表 'v.'
2026-03-12 17:49:09,176 - INFO - 插入单词 'Eamis' 到表 'n.'
2026-03-12 17:49:09,176 - INFO - 插入单词 'Earris' 到表 'v.'
2026-03-12 17:49:09,176 - INFO - 插入单词 'Easdriwb' 到表 'n.'
2026-03-12 17:49:09,176 - INFO - 插入单词 'Ebilinijeslait' 到表 'adv.'
2026-03-12 17:49:09,176 - INFO - 插入单词 'Eclap' 到表 'v.'
2026-03-12 17:49:09,176 - INFO - 插入单词 'Eclat' 到表 'v.'
2026-03-12 17:49:09,176 - INFO - 插入单词 'Edal' 到表 'n.'
2026-03-12 17:49:09,176 - INFO - 插入单词 'Edie' 到表 'n.'
2026-03-12 17:49:09,176 - INFO - 插入单词 'Edil' 到表 'adj.'
2026-03-12 17:49:09,177 - INFO - 插入单词 'Edilloli' 到表 'n.'
2026-03-12 17:49:09,177 - INFO - 插入单词 'Editav' 到表 'adj.'
2026-03-12 17:49:09,177 - INFO - 插入单词 'Edlijtu' 到表 'n.'
2026-03-12 17:49:09,178 - INFO - 插入单词 'Eem' 到表 'v.'
2026-03-12 17:49:09,178 - INFO - 插入单词 'Efa' 到表 'n.'
2026-03-12 17:49:09,178 - INFO - 插入单词 'Efiitlaw' 到表 'n.'
2026-03-12 17:49:09,178 - INFO - 插入单词 'Efitu' 到表 'v.'
2026-03-12 17:49:09,178 - INFO - 插入单词 'Efok' 到表 'interj.'
2026-03-12 17:49:09,178 - INFO - 插入单词 'Egdrea' 到表 'v.'
2026-03-12 17:49:09,179 - INFO - 插入单词 'Egdup' 到表 'v.'
2026-03-12 17:49:09,179 - INFO - 插入单词 'Eid' 到表 'v.'
2026-03-12 17:49:09,179 - INFO - 插入单词 'Eida' 到表 'n.'
2026-03-12 17:49:09,179 - INFO - 插入单词 'Eifijb' 到表 'prep.'
2026-03-12 17:49:09,179 - INFO - 插入单词 'Eilent' 到表 'adj.'
2026-03-12 17:49:09,179 - INFO - 插入单词 'Eiphinr' 到表 'v.'
2026-03-12 17:49:09,179 - INFO - 插入单词 'Eist' 到表 'n.'
2026-03-12 17:49:09,180 - INFO - 插入单词 'Eita' 到表 'adj.'
2026-03-12 17:49:09,180 - INFO - 插入单词 'Eiti' 到表 'adj.'
2026-03-12 17:49:09,180 - INFO - 插入单词 'Eitilait' 到表 'adv.'
2026-03-12 17:49:09,180 - INFO - 插入单词 'Eivena' 到表 'v.'
2026-03-12 17:49:09,180 - INFO - 插入单词 'Eiveri' 到表 'v.'
2026-03-12 17:49:09,180 - INFO - 插入单词 'Ejderi' 到表 'v.'
2026-03-12 17:49:09,180 - INFO - 插入单词 'Ekphie' 到表 'v.'
2026-03-12 17:49:09,180 - INFO - 插入单词 'Ekphinols' 到表 'n.'
2026-03-12 17:49:09,180 - INFO - 插入单词 'Elaind' 到表 'interj.'
2026-03-12 17:49:09,180 - INFO - 插入单词 'Elaisic' 到表 'adv.'
2026-03-12 17:49:09,180 - INFO - 插入单词 'Elay' 到表 'v.'
2026-03-12 17:49:09,180 - INFO - 插入单词 'Elemie' 到表 'n.'
2026-03-12 17:49:09,180 - INFO - 插入单词 'Elfalasia' 到表 'v.'
2026-03-12 17:49:09,180 - INFO - 插入单词 'Elie' 到表 'prep.'
2026-03-12 17:49:09,180 - INFO - 插入单词 'Elied' 到表 'prep.'
2026-03-12 17:49:09,182 - INFO - 插入单词 'Elifiance' 到表 'v.'
2026-03-12 17:49:09,182 - INFO - 插入单词 'Eliisa' 到表 'n.'
2026-03-12 17:49:09,182 - INFO - 插入单词 'Elijsjelm' 到表 'n.'
2026-03-12 17:49:09,182 - INFO - 插入单词 'Elize' 到表 'adv.'
2026-03-12 17:49:09,182 - INFO - 插入单词 'Ell' 到表 'v.'
2026-03-12 17:49:09,182 - INFO - 插入单词 'Elled' 到表 'n.'
2026-03-12 17:49:09,182 - INFO - 插入单词 'Ellif' 到表 'v.'
2026-03-12 17:49:09,182 - INFO - 插入单词 'Elliflea' 到表 'n.'
2026-03-12 17:49:09,182 - INFO - 插入单词 'Ellift' 到表 'adj.'
2026-03-12 17:49:09,182 - INFO - 插入单词 'Elquom' 到表 'n.'
2026-03-12 17:49:09,183 - INFO - 插入单词 'Elza' 到表 'n.'
2026-03-12 17:49:09,183 - INFO - 插入单词 'Elzanoa' 到表 'adj.'
2026-03-12 17:49:09,183 - INFO - 插入单词 'Embid' 到表 'v.'
2026-03-12 17:49:09,183 - INFO - 插入单词 'Emer' 到表 'n.'
2026-03-12 17:49:09,183 - INFO - 插入单词 'Emernes' 到表 'n.'
2026-03-12 17:49:09,183 - INFO - 插入单词 'Emerte' 到表 'n.'
2026-03-12 17:49:09,183 - INFO - 插入单词 'Emphi' 到表 'adv.'
2026-03-12 17:49:09,183 - INFO - 插入单词 'Emsa' 到表 'n.'
2026-03-12 17:49:09,185 - INFO - 插入单词 'en' 到表 'conj.'
2026-03-12 17:49:09,185 - INFO - 插入单词 'Enaq' 到表 'v.'
2026-03-12 17:49:09,185 - INFO - 插入单词 'Enbrikardi' 到表 'adj.'
2026-03-12 17:49:09,185 - INFO - 插入单词 'end' 到表 'conj.'
2026-03-12 17:49:09,185 - INFO - 插入单词 'Endaqlt' 到表 'n.'
2026-03-12 17:49:09,185 - INFO - 插入单词 'Endareries' 到表 'n.'
2026-03-12 17:49:09,186 - INFO - 插入单词 'Endekta' 到表 'v.'
2026-03-12 17:49:09,186 - INFO - 插入单词 'endil' 到表 'conj.'
2026-03-12 17:49:09,186 - INFO - 插入单词 'Endjulf' 到表 'adv.'
2026-03-12 17:49:09,186 - INFO - 插入单词 'Endroll' 到表 'n.'
2026-03-12 17:49:09,186 - INFO - 插入单词 'Endyd' 到表 'v.'
2026-03-12 17:49:09,186 - INFO - 插入单词 'Ene' 到表 'n.'
2026-03-12 17:49:09,186 - INFO - 插入单词 'Enebis' 到表 'n.'
2026-03-12 17:49:09,186 - INFO - 插入单词 'Eneqls' 到表 'n.'
2026-03-12 17:49:09,186 - INFO - 插入单词 'Enes' 到表 'n.'
2026-03-12 17:49:09,186 - INFO - 插入单词 'Enphil' 到表 'adj.'
2026-03-12 17:49:09,186 - INFO - 插入单词 'Enquif' 到表 'adj.'
2026-03-12 17:49:09,186 - INFO - 插入单词 'Entic' 到表 'n.'
2026-03-12 17:49:09,188 - INFO - 插入单词 'Entie' 到表 'v.'
2026-03-12 17:49:09,188 - INFO - 插入单词 'Entilk' 到表 'adj.'
2026-03-12 17:49:09,188 - INFO - 插入单词 'Entllphi' 到表 'v.'
2026-03-12 17:49:09,188 - INFO - 插入单词 'Epite' 到表 'adj.'
2026-03-12 17:49:09,188 - INFO - 插入单词 'Epkejla' 到表 'n.'
2026-03-12 17:49:09,188 - INFO - 插入单词 'Epkejlarche' 到表 'n.'
2026-03-12 17:49:09,188 - INFO - 插入单词 'Era' 到表 'n.'
2026-03-12 17:49:09,188 - INFO - 插入单词 'Eram' 到表 'n.'
2026-03-12 17:49:09,188 - INFO - 插入单词 'Erel' 到表 'n.'
2026-03-12 17:49:09,190 - INFO - 插入单词 'Erikes' 到表 'conj.'
2026-03-12 17:49:09,190 - INFO - 插入单词 'Erlim' 到表 'adj.'
2026-03-12 17:49:09,190 - INFO - 插入单词 'es' 到表 'conj.'
2026-03-12 17:49:09,190 - INFO - 插入单词 'Esc' 到表 'v.'
2026-03-12 17:49:09,190 - INFO - 插入单词 'Escolia' 到表 'n.'
2026-03-12 17:49:09,190 - INFO - 插入单词 'Esp' 到表 'n.'
2026-03-12 17:49:09,190 - INFO - 插入单词 'Esto' 到表 'adj.'
2026-03-12 17:49:09,190 - INFO - 插入单词 'Estola' 到表 'v.'
2026-03-12 17:49:09,190 - INFO - 插入单词 'Etuse' 到表 'v.'
2026-03-12 17:49:09,190 - INFO - 插入单词 'Etusyatt' 到表 'n.'
2026-03-12 17:49:09,190 - INFO - 插入单词 'Eugidha' 到表 'adj.'
2026-03-12 17:49:09,191 - INFO - 插入单词 'Eviita' 到表 'n.'
2026-03-12 17:49:09,191 - INFO - 插入单词 'Evila' 到表 'adj.'
2026-03-12 17:49:09,191 - INFO - 插入单词 'Evilaqq' 到表 'n.'
2026-03-12 17:49:09,191 - INFO - 插入单词 'Ewgit' 到表 'adj.'
2026-03-12 17:49:09,192 - INFO - 插入单词 'Ewguiderie' 到表 'v.'
2026-03-12 17:49:09,192 - INFO - 插入单词 'Ewol' 到表 'adj.'
2026-03-12 17:49:09,192 - INFO - 插入单词 'Ewoldorain' 到表 'adj.'
2026-03-12 17:49:09,192 - INFO - 插入单词 'Faet' 到表 'v.'
2026-03-12 17:49:09,192 - INFO - 插入单词 'Fal' 到表 'v.'
2026-03-12 17:49:09,192 - INFO - 插入单词 'Fala' 到表 'v.'
2026-03-12 17:49:09,192 - INFO - 插入单词 'Falarle' 到表 'n.'
2026-03-12 17:49:09,193 - INFO - 插入单词 'Falisiam' 到表 'v.'
2026-03-12 17:49:09,193 - INFO - 插入单词 'Falke' 到表 'adv.'
2026-03-12 17:49:09,193 - INFO - 插入单词 'Falt' 到表 'n.'
2026-03-12 17:49:09,193 - INFO - 插入单词 'Faltnoa' 到表 'adj.'
2026-03-12 17:49:09,193 - INFO - 插入单词 'Fanju' 到表 'n.'
2026-03-12 17:49:09,193 - INFO - 插入单词 'Farc' 到表 'v.'
2026-03-12 17:49:09,193 - INFO - 插入单词 'Faress' 到表 'adj.'
2026-03-12 17:49:09,193 - INFO - 插入单词 'Farla' 到表 'adj.'
2026-03-12 17:49:09,193 - INFO - 插入单词 'Farley' 到表 'adj.'
2026-03-12 17:49:09,194 - INFO - 插入单词 'Farp' 到表 'adj.'
2026-03-12 17:49:09,194 - INFO - 插入单词 'Farsha' 到表 'n.'
2026-03-12 17:49:09,194 - INFO - 插入单词 'Fartvinst' 到表 'n.'
2026-03-12 17:49:09,194 - INFO - 插入单词 'Fas' 到表 'n.'
2026-03-12 17:49:09,194 - INFO - 插入单词 'Fassinir' 到表 'adj.'
2026-03-12 17:49:09,194 - INFO - 插入单词 'Fatasmoute' 到表 'v.'
2026-03-12 17:49:09,194 - INFO - 插入单词 'Faye' 到表 'n.'
2026-03-12 17:49:09,194 - INFO - 插入单词 'Fea' 到表 'v.'
2026-03-12 17:49:09,194 - INFO - 插入单词 'Fei' 到表 'n.'
2026-03-12 17:49:09,196 - INFO - 插入单词 'Feib' 到表 'n.'
2026-03-12 17:49:09,196 - INFO - 插入单词 'Feid' 到表 'v.'
2026-03-12 17:49:09,196 - INFO - 插入单词 'Feida' 到表 'adj.'
2026-03-12 17:49:09,196 - INFO - 插入单词 'Feike' 到表 'adj.'
2026-03-12 17:49:09,196 - INFO - 插入单词 'Feikeed' 到表 'v.'
2026-03-12 17:49:09,196 - INFO - 插入单词 'Feikk' 到表 'n.'
2026-03-12 17:49:09,196 - INFO - 插入单词 'Feila' 到表 'v.'
2026-03-12 17:49:09,196 - INFO - 插入单词 'Feilihea' 到表 'n.'
2026-03-12 17:49:09,196 - INFO - 插入单词 'Feim' 到表 'adj.'
2026-03-12 17:49:09,196 - INFO - 插入单词 'Feipist' 到表 'adj.'
2026-03-12 17:49:09,196 - INFO - 插入单词 'Feivene' 到表 'n.'
2026-03-12 17:49:09,196 - INFO - 插入单词 'Fel' 到表 'n.'
2026-03-12 17:49:09,196 - INFO - 插入单词 'Felia' 到表 'v.'
2026-03-12 17:49:09,196 - INFO - 插入单词 'Fellito' 到表 'v.'
2026-03-12 17:49:09,197 - INFO - 插入单词 'Fellusia' 到表 'n.'
2026-03-12 17:49:09,197 - INFO - 插入单词 'Fenklu' 到表 'n.'
2026-03-12 17:49:09,197 - INFO - 插入单词 'Fete' 到表 'n.'
2026-03-12 17:49:09,197 - INFO - 插入单词 'Fetisileq' 到表 'v.'
2026-03-12 17:49:09,198 - INFO - 插入单词 'Fevla' 到表 'adv.'
2026-03-12 17:49:09,198 - INFO - 插入单词 'Fiakli' 到表 'n.'
2026-03-12 17:49:09,198 - INFO - 插入单词 'Fidpiam' 到表 'n.'
2026-03-12 17:49:09,198 - INFO - 插入单词 'Fie' 到表 'pron.'
2026-03-12 17:49:09,198 - INFO - 插入单词 'Fiea' 到表 'adj.'
2026-03-12 17:49:09,198 - INFO - 插入单词 'Fiel' 到表 'v.'
2026-03-12 17:49:09,199 - INFO - 插入单词 'Fiela' 到表 'v.'
2026-03-12 17:49:09,199 - INFO - 插入单词 'Fiem' 到表 'n.'
2026-03-12 17:49:09,199 - INFO - 插入单词 'Fiesmes' 到表 'adv.'
2026-03-12 17:49:09,199 - INFO - 插入单词 'Fiete' 到表 'adj.'
2026-03-12 17:49:09,199 - INFO - 插入单词 'Fiiani' 到表 'v.'
2026-03-12 17:49:09,199 - INFO - 插入单词 'Fijdattou' 到表 'v.'
2026-03-12 17:49:09,199 - INFO - 插入单词 'Fijnyaditt' 到表 'adj.'
2026-03-12 17:49:09,199 - INFO - 插入单词 'Fikalat' 到表 'n.'
2026-03-12 17:49:09,199 - INFO - 插入单词 'Filistea' 到表 'adj.'
2026-03-12 17:49:09,199 - INFO - 插入单词 'Filshua' 到表 'n.'
2026-03-12 17:49:09,200 - INFO - 插入单词 'Filteil' 到表 'v.'
2026-03-12 17:49:09,200 - INFO - 插入单词 'Fimeles' 到表 'n.'
2026-03-12 17:49:09,200 - INFO - 插入单词 'Fimelesnoa' 到表 'adj.'
2026-03-12 17:49:09,200 - INFO - 插入单词 'Fimoa' 到表 'n.'
2026-03-12 17:49:09,200 - INFO - 插入单词 'Fims' 到表 'v.'
2026-03-12 17:49:09,201 - INFO - 插入单词 'Fin' 到表 'n.'
2026-03-12 17:49:09,201 - INFO - 插入单词 'Finient' 到表 'n.'
2026-03-12 17:49:09,201 - INFO - 插入单词 'Finka' 到表 'adv.'
2026-03-12 17:49:09,201 - INFO - 插入单词 'Finz' 到表 'n.'
2026-03-12 17:49:09,201 - INFO - 插入单词 'Finza' 到表 'n.'
2026-03-12 17:49:09,201 - INFO - 插入单词 'Finzo' 到表 'n.'
2026-03-12 17:49:09,201 - INFO - 插入单词 'Fiola' 到表 'n.'
2026-03-12 17:49:09,202 - INFO - 插入单词 'Fiolaza' 到表 'n.'
2026-03-12 17:49:09,202 - INFO - 插入单词 'Fiqqlait' 到表 'adv.'
2026-03-12 17:49:09,202 - INFO - 插入单词 'Fiqsyndelait' 到表 'adv.'
2026-03-12 17:49:09,202 - INFO - 插入单词 'Fittou' 到表 'adj.'
2026-03-12 17:49:09,202 - INFO - 插入单词 'Flasche' 到表 'n.'
2026-03-12 17:49:09,202 - INFO - 插入单词 'Flea' 到表 'n.'
2026-03-12 17:49:09,202 - INFO - 插入单词 'Fleekijt' 到表 'n.'
2026-03-12 17:49:09,202 - INFO - 插入单词 'Fleesie' 到表 'v.'
2026-03-12 17:49:09,202 - INFO - 插入单词 'Fliiad' 到表 'v.'
2026-03-12 17:49:09,202 - INFO - 插入单词 'Flojrie' 到表 'v.'
2026-03-12 17:49:09,202 - INFO - 插入单词 'Floul' 到表 'v.'
2026-03-12 17:49:09,202 - INFO - 插入单词 'Flous' 到表 'v.'
2026-03-12 17:49:09,202 - INFO - 插入单词 'Flute' 到表 'adj.'
2026-03-12 17:49:09,202 - INFO - 插入单词 'Flutenoa' 到表 'adj.'
2026-03-12 17:49:09,202 - INFO - 插入单词 'Foas' 到表 'n.'
2026-03-12 17:49:09,202 - INFO - 插入单词 'Fol' 到表 'n.'
2026-03-12 17:49:09,204 - INFO - 插入单词 'folme' 到表 'prep.'
2026-03-12 17:49:09,204 - INFO - 插入单词 'Folqui' 到表 'n.'
2026-03-12 17:49:09,204 - INFO - 插入单词 'Folsiagol' 到表 'n.'
2026-03-12 17:49:09,204 - INFO - 插入单词 'Folsiagolzid' 到表 'n.'
2026-03-12 17:49:09,204 - INFO - 插入单词 'Foly' 到表 'adj.'
2026-03-12 17:49:09,204 - INFO - 插入单词 'Forklei' 到表 'v.'
2026-03-12 17:49:09,204 - INFO - 插入单词 'Forkleimea' 到表 'adj.'
2026-03-12 17:49:09,204 - INFO - 插入单词 'Forle' 到表 'prep.'
2026-03-12 17:49:09,204 - INFO - 插入单词 'Forsip' 到表 'v.'
2026-03-12 17:49:09,204 - INFO - 插入单词 'Fotzob' 到表 'n.'
2026-03-12 17:49:09,205 - INFO - 插入单词 'Foul' 到表 'interj.'
2026-03-12 17:49:09,205 - INFO - 插入单词 'Fouzanoa' 到表 'adj.'
2026-03-12 17:49:09,205 - INFO - 插入单词 'Fouzanoalait' 到表 'adv.'
2026-03-12 17:49:09,205 - INFO - 插入单词 'Fpikartm' 到表 'v.'
2026-03-12 17:49:09,206 - INFO - 插入单词 'Frait' 到表 'v.'
2026-03-12 17:49:09,206 - INFO - 插入单词 'Fraitaria' 到表 'n.'
2026-03-12 17:49:09,206 - INFO - 插入单词 'Fraitit' 到表 'n.'
2026-03-12 17:49:09,206 - INFO - 插入单词 'Freikes' 到表 'v.'
2026-03-12 17:49:09,206 - INFO - 插入单词 'Fressobai' 到表 'v.'
2026-03-12 17:49:09,206 - INFO - 插入单词 'Frey' 到表 'n.'
2026-03-12 17:49:09,206 - INFO - 插入单词 'Friud' 到表 'adj.'
2026-03-12 17:49:09,206 - INFO - 插入单词 'Fur' 到表 'v.'
2026-03-12 17:49:09,206 - INFO - 插入单词 'Furtla' 到表 'v.'
2026-03-12 17:49:09,206 - INFO - 插入单词 'Galha' 到表 'v.'
2026-03-12 17:49:09,206 - INFO - 插入单词 'Galm' 到表 'n.'
2026-03-12 17:49:09,206 - INFO - 插入单词 'Gardis' 到表 'v.'
2026-03-12 17:49:09,206 - INFO - 插入单词 'Garei' 到表 'n.'
2026-03-12 17:49:09,206 - INFO - 插入单词 'Garve' 到表 'v.'
2026-03-12 17:49:09,206 - INFO - 插入单词 'Gaujeus' 到表 'adj.'
2026-03-12 17:49:09,206 - INFO - 插入单词 'Geeg' 到表 'v.'
2026-03-12 17:49:09,206 - INFO - 插入单词 'Gehnd' 到表 'v.'
2026-03-12 17:49:09,208 - INFO - 插入单词 'Gejris' 到表 'adj.'
2026-03-12 17:49:09,208 - INFO - 插入单词 'Gelem' 到表 'n.'
2026-03-12 17:49:09,208 - INFO - 插入单词 'Gent' 到表 'adj.'
2026-03-12 17:49:09,208 - INFO - 插入单词 'Gete' 到表 'adj.'
2026-03-12 17:49:09,208 - INFO - 插入单词 'Geze' 到表 'v.'
2026-03-12 17:49:09,208 - INFO - 插入单词 'Giidu' 到表 'adj.'
2026-03-12 17:49:09,208 - INFO - 插入单词 'Giila' 到表 'adj.'
2026-03-12 17:49:09,208 - INFO - 插入单词 'Giinia' 到表 'adj.'
2026-03-12 17:49:09,208 - INFO - 插入单词 'Giss' 到表 'v.'
2026-03-12 17:49:09,208 - INFO - 插入单词 'Gleetz' 到表 'v.'
2026-03-12 17:49:09,208 - INFO - 插入单词 'Glenzikle' 到表 'n.'
2026-03-12 17:49:09,209 - INFO - 插入单词 'Glevi' 到表 'adj.'
2026-03-12 17:49:09,209 - INFO - 插入单词 'Gllind' 到表 'v.'
2026-03-12 17:49:09,209 - INFO - 插入单词 'Golk' 到表 'n.'
2026-03-12 17:49:09,209 - INFO - 插入单词 'Golsilipt' 到表 'n.'
2026-03-12 17:49:09,209 - INFO - 插入单词 'Goriis' 到表 'adj.'
2026-03-12 17:49:09,210 - INFO - 插入单词 'Goss' 到表 'v.'
2026-03-12 17:49:09,210 - INFO - 插入单词 'Gossim' 到表 'n.'
2026-03-12 17:49:09,210 - INFO - 插入单词 'Gout' 到表 'conj.'
2026-03-12 17:49:09,210 - INFO - 插入单词 'Graid' 到表 'n.'
2026-03-12 17:49:09,210 - INFO - 插入单词 'Graidqls' 到表 'n.'
2026-03-12 17:49:09,210 - INFO - 插入单词 'grei' 到表 'n.'
2026-03-12 17:49:09,210 - INFO - 插入单词 'Grend' 到表 'adj.'
2026-03-12 17:49:09,210 - INFO - 插入单词 'Guadisijlam' 到表 'n.'
2026-03-12 17:49:09,210 - INFO - 插入单词 'Guidial' 到表 'adj.'
2026-03-12 17:49:09,210 - INFO - 插入单词 'Guidialm' 到表 'v.'
2026-03-12 17:49:09,210 - INFO - 插入单词 'Guit' 到表 'v.'
2026-03-12 17:49:09,210 - INFO - 插入单词 'Haart' 到表 'v.'
2026-03-12 17:49:09,210 - INFO - 插入单词 'hai' 到表 'n.'
2026-03-12 17:49:09,210 - INFO - 插入单词 'Hait' 到表 'n.'
2026-03-12 17:49:09,210 - INFO - 插入单词 'Hal' 到表 'v.'
2026-03-12 17:49:09,210 - INFO - 插入单词 'Haol' 到表 'n.'
2026-03-12 17:49:09,210 - INFO - 插入单词 'Haolm' 到表 'n.'
2026-03-12 17:49:09,210 - INFO - 插入单词 'Haols' 到表 'n.'
2026-03-12 17:49:09,211 - INFO - 插入单词 'Harie' 到表 'v.'
2026-03-12 17:49:09,211 - INFO - 插入单词 'Harla' 到表 'n.'
2026-03-12 17:49:09,211 - INFO - 插入单词 'Harlanoa' 到表 'adj.'
2026-03-12 17:49:09,211 - INFO - 插入单词 'Harlanoamea' 到表 'adj.'
2026-03-12 17:49:09,211 - INFO - 插入单词 'Harledid' 到表 'v.'
2026-03-12 17:49:09,211 - INFO - 插入单词 'Harlly' 到表 'v.'
2026-03-12 17:49:09,212 - INFO - 插入单词 'Harmey' 到表 'v.'
2026-03-12 17:49:09,212 - INFO - 插入单词 'Harmiy' 到表 'v.'
2026-03-12 17:49:09,212 - INFO - 插入单词 'Harris' 到表 'n.'
2026-03-12 17:49:09,212 - INFO - 插入单词 'Haundi' 到表 'v.'
2026-03-12 17:49:09,212 - INFO - 插入单词 'Haymate' 到表 'n.'
2026-03-12 17:49:09,212 - INFO - 插入单词 'Heart' 到表 'n.'
2026-03-12 17:49:09,213 - INFO - 插入单词 'Hedijlyke' 到表 'n.'
2026-03-12 17:49:09,213 - INFO - 插入单词 'Heela' 到表 'adj.'
2026-03-12 17:49:09,213 - INFO - 插入单词 'Hegglait' 到表 'adv.'
2026-03-12 17:49:09,213 - INFO - 插入单词 'Hegss' 到表 'v.'
2026-03-12 17:49:09,213 - INFO - 插入单词 'Heik' 到表 'adv.'
2026-03-12 17:49:09,213 - INFO - 插入单词 'Heil' 到表 'v.'
2026-03-12 17:49:09,213 - INFO - 插入单词 'Heiliam' 到表 'n.'
2026-03-12 17:49:09,213 - INFO - 插入单词 'Heilim' 到表 'v.'
2026-03-12 17:49:09,213 - INFO - 插入单词 'Heimia' 到表 'v.'
2026-03-12 17:49:09,214 - INFO - 插入单词 'Heip' 到表 'adj.'
2026-03-12 17:49:09,214 - INFO - 插入单词 'Heipe' 到表 'v.'
2026-03-12 17:49:09,214 - INFO - 插入单词 'Heiss' 到表 'n.'
2026-03-12 17:49:09,214 - INFO - 插入单词 'Heivi' 到表 'v.'
2026-03-12 17:49:09,214 - INFO - 插入单词 'Heizid' 到表 'adj.'
2026-03-12 17:49:09,214 - INFO - 插入单词 'Helfigi' 到表 'n.'
2026-03-12 17:49:09,214 - INFO - 插入单词 'Hellm' 到表 'n.'
2026-03-12 17:49:09,214 - INFO - 插入单词 'Hellmeila' 到表 'n.'
2026-03-12 17:49:09,214 - INFO - 插入单词 'Hellsijma' 到表 'n.'
2026-03-12 17:49:09,214 - INFO - 插入单词 'Hemp' 到表 'v.'
2026-03-12 17:49:09,215 - INFO - 插入单词 'Hendi' 到表 'n.'
2026-03-12 17:49:09,215 - INFO - 插入单词 'Hendikki' 到表 'v.'
2026-03-12 17:49:09,215 - INFO - 插入单词 'Herches' 到表 'n.'
2026-03-12 17:49:09,215 - INFO - 插入单词 'Heridier' 到表 'adj.'
2026-03-12 17:49:09,216 - INFO - 插入单词 'Heridiji' 到表 'n.'
2026-03-12 17:49:09,216 - INFO - 插入单词 'Heriim' 到表 'adv.'
2026-03-12 17:49:09,216 - INFO - 插入单词 'Heritiji' 到表 'v.'
2026-03-12 17:49:09,216 - INFO - 插入单词 'Hervisme' 到表 'adj.'
2026-03-12 17:49:09,216 - INFO - 插入单词 'Herz' 到表 'n.'
2026-03-12 17:49:09,216 - INFO - 插入单词 'Hes' 到表 'interj.'
2026-03-12 17:49:09,216 - INFO - 插入单词 'Hesserie' 到表 'n.'
2026-03-12 17:49:09,216 - INFO - 插入单词 'Heund' 到表 'n.'
2026-03-12 17:49:09,216 - INFO - 插入单词 'Hewvews' 到表 'adj.'
2026-03-12 17:49:09,216 - INFO - 插入单词 'Hexixa' 到表 'v.'
2026-03-12 17:49:09,216 - INFO - 插入单词 'Hey' 到表 'interj.'
2026-03-12 17:49:09,216 - INFO - 插入单词 'Hiear' 到表 'adj.'
2026-03-12 17:49:09,216 - INFO - 插入单词 'Hiele' 到表 'interj.'
2026-03-12 17:49:09,216 - INFO - 插入单词 'Hierti' 到表 'v.'
2026-03-12 17:49:09,216 - INFO - 插入单词 'Hiip' 到表 'v.'
2026-03-12 17:49:09,216 - INFO - 插入单词 'Hilie' 到表 'adj.'
2026-03-12 17:49:09,216 - INFO - 插入单词 'Hise' 到表 'v.'
2026-03-12 17:49:09,216 - INFO - 插入单词 'Histipri' 到表 'n.'
2026-03-12 17:49:09,216 - INFO - 插入单词 'Historia' 到表 'n.'
2026-03-12 17:49:09,216 - INFO - 插入单词 'Holo' 到表 'v.'
2026-03-12 17:49:09,216 - INFO - 插入单词 'Hols' 到表 'v.'
2026-03-12 17:49:09,216 - INFO - 插入单词 'Holsiana' 到表 'n.'
2026-03-12 17:49:09,216 - INFO - 插入单词 'Holstia' 到表 'n.'
2026-03-12 17:49:09,216 - INFO - 插入单词 'Holt' 到表 'v.'
2026-03-12 17:49:09,218 - INFO - 插入单词 'Holtica' 到表 'n.'
2026-03-12 17:49:09,218 - INFO - 插入单词 'Holtit' 到表 'n.'
2026-03-12 17:49:09,218 - INFO - 插入单词 'Hor' 到表 'interj.'
2026-03-12 17:49:09,218 - INFO - 插入单词 'Horiis' 到表 'v.'
2026-03-12 17:49:09,218 - INFO - 插入单词 'Horlmaia' 到表 'n.'
2026-03-12 17:49:09,218 - INFO - 插入单词 'Hyerisq' 到表 'interj.'
2026-03-12 17:49:09,218 - INFO - 插入单词 'Hyula' 到表 'v.'
2026-03-12 17:49:09,218 - INFO - 插入单词 'Hyune' 到表 'num.'
2026-03-12 17:49:09,218 - INFO - 插入单词 'Hyuserti' 到表 'adj.'
2026-03-12 17:49:09,218 - INFO - 插入单词 'Hyuz' 到表 'n.'
2026-03-12 17:49:09,219 - INFO - 插入单词 'Iar' 到表 'v.'
2026-03-12 17:49:09,219 - INFO - 插入单词 'Idem' 到表 'v.'
2026-03-12 17:49:09,219 - INFO - 插入单词 'Idial' 到表 'v.'
2026-03-12 17:49:09,219 - INFO - 插入单词 'Iedsit' 到表 'n.'
2026-03-12 17:49:09,220 - INFO - 插入单词 'Ieha' 到表 'v.'
2026-03-12 17:49:09,220 - INFO - 插入单词 'Iem' 到表 'conj.'
2026-03-12 17:49:09,220 - INFO - 插入单词 'Ienadip' 到表 'n.'
2026-03-12 17:49:09,220 - INFO - 插入单词 'ieq' 到表 'prep.'
2026-03-12 17:49:09,220 - INFO - 插入单词 'ifa' 到表 'prep.'
2026-03-12 17:49:09,220 - INFO - 插入单词 'Ignai' 到表 'adv.'
2026-03-12 17:49:09,220 - INFO - 插入单词 'Igsip' 到表 'adj.'
2026-03-12 17:49:09,220 - INFO - 插入单词 'Iila' 到表 'n.'
2026-03-12 17:49:09,220 - INFO - 插入单词 'Iis' 到表 'n.'
2026-03-12 17:49:09,220 - INFO - 插入单词 'ijfzeit' 到表 'n.'
2026-03-12 17:49:09,220 - INFO - 插入单词 'Ijlim' 到表 'prep.'
2026-03-12 17:49:09,220 - INFO - 插入单词 'Ijsya' 到表 'n.'
2026-03-12 17:49:09,220 - INFO - 插入单词 'Ijti' 到表 'adj.'
2026-03-12 17:49:09,220 - INFO - 插入单词 'Ikeam' 到表 'v.'
2026-03-12 17:49:09,220 - INFO - 插入单词 'il' 到表 'prep.'
2026-03-12 17:49:09,220 - INFO - 插入单词 'Iladmea' 到表 'adj.'
2026-03-12 17:49:09,220 - INFO - 插入单词 'Ildrem' 到表 'n.'
2026-03-12 17:49:09,220 - INFO - 插入单词 'Ilfelieqls' 到表 'n.'
2026-03-12 17:49:09,220 - INFO - 插入单词 'Ilis' 到表 'adj.'
2026-03-12 17:49:09,220 - INFO - 插入单词 'Ilqum' 到表 'n.'
2026-03-12 17:49:09,220 - INFO - 插入单词 'Imeila' 到表 'conj.'
2026-03-12 17:49:09,222 - INFO - 插入单词 'Imisier' 到表 'v.'
2026-03-12 17:49:09,222 - INFO - 插入单词 'Imiyl' 到表 'v.'
2026-03-12 17:49:09,222 - INFO - 插入单词 'Imiylt' 到表 'adj.'
2026-03-12 17:49:09,222 - INFO - 插入单词 'imm' 到表 'prep.'
2026-03-12 17:49:09,222 - INFO - 插入单词 'Impihs' 到表 'v.'
2026-03-12 17:49:09,222 - INFO - 插入单词 'In' 到表 'n.'
2026-03-12 17:49:09,222 - INFO - 插入单词 'Inay' 到表 'v.'
2026-03-12 17:49:09,222 - INFO - 插入单词 'Indi' 到表 'adj.'
2026-03-12 17:49:09,222 - INFO - 插入单词 'Insloadiviqls' 到表 'n.'
2026-03-12 17:49:09,222 - INFO - 插入单词 'Invalda' 到表 'n.'
2026-03-12 17:49:09,222 - INFO - 插入单词 'Invilstaqls' 到表 'n.'
2026-03-12 17:49:09,222 - INFO - 插入单词 'Ipsi' 到表 'n.'
2026-03-12 17:49:09,222 - INFO - 插入单词 'Irdliq' 到表 'n.'
2026-03-12 17:49:09,223 - INFO - 插入单词 'Isbalg' 到表 'n.'
2026-03-12 17:49:09,223 - INFO - 插入单词 'ivata' 到表 'adj.'
2026-03-12 17:49:09,223 - INFO - 插入单词 'Ixche' 到表 'n.'
2026-03-12 17:49:09,223 - INFO - 插入单词 'Ixlatla' 到表 'n.'
2026-03-12 17:49:09,223 - INFO - 插入单词 'iy' 到表 'v.'
2026-03-12 17:49:09,223 - INFO - 插入单词 'Iyldam' 到表 'adv.'
2026-03-12 17:49:09,223 - INFO - 插入单词 'Jac' 到表 'adj.'
2026-03-12 17:49:09,223 - INFO - 插入单词 'Jam' 到表 'adj.'
2026-03-12 17:49:09,223 - INFO - 插入单词 'Jamiy' 到表 'adj.'
2026-03-12 17:49:09,223 - INFO - 插入单词 'Jareic' 到表 'adj.'
2026-03-12 17:49:09,223 - INFO - 插入单词 'Jay' 到表 'adj.'
2026-03-12 17:49:09,223 - INFO - 插入单词 'Jayt' 到表 'n.'
2026-03-12 17:49:09,223 - INFO - 插入单词 'Jeari' 到表 'n.'
2026-03-12 17:49:09,223 - INFO - 插入单词 'Jedleqnoa' 到表 'adj.'
2026-03-12 17:49:09,223 - INFO - 插入单词 'Jedreid' 到表 'v.'
2026-03-12 17:49:09,223 - INFO - 插入单词 'Jelipnoa' 到表 'adj.'
2026-03-12 17:49:09,223 - INFO - 插入单词 'Jered' 到表 'n.'
2026-03-12 17:49:09,225 - INFO - 插入单词 'Jeridiq' 到表 'n.'
2026-03-12 17:49:09,225 - INFO - 插入单词 'Jesijne' 到表 'n.'
2026-03-12 17:49:09,225 - INFO - 插入单词 'Jiddle' 到表 'adj.'
2026-03-12 17:49:09,225 - INFO - 插入单词 'Jilga' 到表 'n.'
2026-03-12 17:49:09,225 - INFO - 插入单词 'Joul' 到表 'adv.'
2026-03-12 17:49:09,225 - INFO - 插入单词 'Jueid' 到表 'adj.'
2026-03-12 17:49:09,225 - INFO - 插入单词 'Julledak' 到表 'adj.'
2026-03-12 17:49:09,225 - INFO - 插入单词 'Kampiela' 到表 'n.'
2026-03-12 17:49:09,225 - INFO - 插入单词 'Karna' 到表 'adv.'
2026-03-12 17:49:09,225 - INFO - 插入单词 'Katarles' 到表 'n.'
2026-03-12 17:49:09,225 - INFO - 插入单词 'Kelasiad' 到表 'adj.'
2026-03-12 17:49:09,226 - INFO - 插入单词 'Kelletta' 到表 'v.'
2026-03-12 17:49:09,226 - INFO - 插入单词 'Kept' 到表 'v.'
2026-03-12 17:49:09,226 - INFO - 插入单词 'Keqtoxa' 到表 'n.'
2026-03-12 17:49:09,226 - INFO - 插入单词 'Keritta' 到表 'adj.'
2026-03-12 17:49:09,226 - INFO - 插入单词 'Kerla' 到表 'v.'
2026-03-12 17:49:09,227 - INFO - 插入单词 'Kerlat' 到表 'n.'
2026-03-12 17:49:09,227 - INFO - 插入单词 'Kesef' 到表 'v.'
2026-03-12 17:49:09,227 - INFO - 插入单词 'Kewv' 到表 'n.'
2026-03-12 17:49:09,227 - INFO - 插入单词 'Kheis' 到表 'adj.'
2026-03-12 17:49:09,227 - INFO - 插入单词 'Kiila' 到表 'n.'
2026-03-12 17:49:09,227 - INFO - 插入单词 'Klar' 到表 'adv.'
2026-03-12 17:49:09,227 - INFO - 插入单词 'Klardat' 到表 'adj.'
2026-03-12 17:49:09,227 - INFO - 插入单词 'Klatsia' 到表 'adj.'
2026-03-12 17:49:09,227 - INFO - 插入单词 'Klattle' 到表 'v.'
2026-03-12 17:49:09,227 - INFO - 插入单词 'Klautie' 到表 'n.'
2026-03-12 17:49:09,227 - INFO - 插入单词 'Kleet' 到表 'n.'
2026-03-12 17:49:09,227 - INFO - 插入单词 'Klijka' 到表 'n.'
2026-03-12 17:49:09,227 - INFO - 插入单词 'Kllea' 到表 'v.'
2026-03-12 17:49:09,227 - INFO - 插入单词 'Klleat' 到表 'adj.'
2026-03-12 17:49:09,227 - INFO - 插入单词 'Klolsi' 到表 'n.'
2026-03-12 17:49:09,227 - INFO - 插入单词 'Klowdreuslait' 到表 'adv.'
2026-03-12 17:49:09,227 - INFO - 插入单词 'Kolto' 到表 'n.'
2026-03-12 17:49:09,227 - INFO - 插入单词 'Kopiita' 到表 'n.'
2026-03-12 17:49:09,227 - INFO - 插入单词 'Kopiitoli' 到表 'n.'
2026-03-12 17:49:09,228 - INFO - 插入单词 'Kre' 到表 'n.'
2026-03-12 17:49:09,228 - INFO - 插入单词 'Kreis' 到表 'v.'
2026-03-12 17:49:09,228 - INFO - 插入单词 'Krey' 到表 'adj.'
2026-03-12 17:49:09,228 - INFO - 插入单词 'Kuen' 到表 'v.'
2026-03-12 17:49:09,228 - INFO - 插入单词 'Kull' 到表 'adv.'
2026-03-12 17:49:09,228 - INFO - 插入单词 'Kulu' 到表 'v.'
2026-03-12 17:49:09,228 - INFO - 插入单词 'Kysei' 到表 'adj.'
2026-03-12 17:49:09,228 - INFO - 插入单词 'La' 到表 'interj.'
2026-03-12 17:49:09,228 - INFO - 插入单词 'Labb' 到表 'n.'
2026-03-12 17:49:09,228 - INFO - 插入单词 'Lackalatia' 到表 'n.'
2026-03-12 17:49:09,228 - INFO - 插入单词 'Laidiik' 到表 'v.'
2026-03-12 17:49:09,228 - INFO - 插入单词 'Laila' 到表 'n.'
2026-03-12 17:49:09,228 - INFO - 插入单词 'Laiscall' 到表 'n.'
2026-03-12 17:49:09,228 - INFO - 插入单词 'Laiz' 到表 'n.'
2026-03-12 17:49:09,228 - INFO - 插入单词 'Laiziin' 到表 'n.'
2026-03-12 17:49:09,228 - INFO - 插入单词 'Lamb' 到表 'n.'
2026-03-12 17:49:09,228 - INFO - 插入单词 'Lamie' 到表 'v.'
2026-03-12 17:49:09,230 - INFO - 插入单词 'Lamiy' 到表 'v.'
2026-03-12 17:49:09,230 - INFO - 插入单词 'Lanai' 到表 'n.'
2026-03-12 17:49:09,230 - INFO - 插入单词 'Lane' 到表 'v.'
2026-03-12 17:49:09,230 - INFO - 插入单词 'Laness' 到表 'v.'
2026-03-12 17:49:09,230 - INFO - 插入单词 'Lans' 到表 'v.'
2026-03-12 17:49:09,230 - INFO - 插入单词 'Lansfidpiam' 到表 'n.'
2026-03-12 17:49:09,230 - INFO - 插入单词 'Lanskeem' 到表 'v.'
2026-03-12 17:49:09,230 - INFO - 插入单词 'Lantan' 到表 'n.'
2026-03-12 17:49:09,231 - INFO - 插入单词 'Laqqarte' 到表 'n.'
2026-03-12 17:49:09,231 - INFO - 插入单词 'Lar' 到表 'prep.'
2026-03-12 17:49:09,231 - INFO - 插入单词 'lau' 到表 'n.'
2026-03-12 17:49:09,231 - INFO - 插入单词 'Lazz' 到表 'n.'
2026-03-12 17:49:09,231 - INFO - 插入单词 'Lazzsarcoll' 到表 'n.'
2026-03-12 17:49:09,232 - INFO - 插入单词 'Lazzversepray' 到表 'n.'
2026-03-12 17:49:09,232 - INFO - 插入单词 'Leat' 到表 'adj.'
2026-03-12 17:49:09,232 - INFO - 插入单词 'Ledi' 到表 'v.'
2026-03-12 17:49:09,232 - INFO - 插入单词 'Leema' 到表 'n.'
2026-03-12 17:49:09,232 - INFO - 插入单词 'Lef' 到表 'conj.'
2026-03-12 17:49:09,232 - INFO - 插入单词 'Leida' 到表 'v.'
2026-03-12 17:49:09,232 - INFO - 插入单词 'Leidiq' 到表 'adv.'
2026-03-12 17:49:09,232 - INFO - 插入单词 'Leife' 到表 'n.'
2026-03-12 17:49:09,232 - INFO - 插入单词 'Leifemea' 到表 'adj.'
2026-03-12 17:49:09,232 - INFO - 插入单词 'Leig' 到表 'v.'
2026-03-12 17:49:09,232 - INFO - 插入单词 'Leim' 到表 'n.'
2026-03-12 17:49:09,232 - INFO - 插入单词 'Leimy' 到表 'v.'
2026-03-12 17:49:09,232 - INFO - 插入单词 'Leimyt' 到表 'n.'
2026-03-12 17:49:09,232 - INFO - 插入单词 'Lein' 到表 'v.'
2026-03-12 17:49:09,232 - INFO - 插入单词 'Leje' 到表 'v.'
2026-03-12 17:49:09,232 - INFO - 插入单词 'Lejed' 到表 'v.'
2026-03-12 17:49:09,232 - INFO - 插入单词 'Lend' 到表 'conj.'
2026-03-12 17:49:09,232 - INFO - 插入单词 'Lenekle' 到表 'n.'
2026-03-12 17:49:09,232 - INFO - 插入单词 'Leste' 到表 'interj.'
2026-03-12 17:49:09,232 - INFO - 插入单词 'Ley' 到表 'n.'
2026-03-12 17:49:09,232 - INFO - 插入单词 'Leyd' 到表 'n.'
2026-03-12 17:49:09,234 - INFO - 插入单词 'Leyseg' 到表 'n.'
2026-03-12 17:49:09,234 - INFO - 插入单词 'lid' 到表 'prep.'
2026-03-12 17:49:09,234 - INFO - 插入单词 'Lidit' 到表 'v.'
2026-03-12 17:49:09,234 - INFO - 插入单词 'Lieb' 到表 'adj.'
2026-03-12 17:49:09,234 - INFO - 插入单词 'Liin' 到表 'n.'
2026-03-12 17:49:09,234 - INFO - 插入单词 'Liiquip' 到表 'n.'
2026-03-12 17:49:09,234 - INFO - 插入单词 'Liix' 到表 'n.'
2026-03-12 17:49:09,234 - INFO - 插入单词 'Likti' 到表 'adv.'
2026-03-12 17:49:09,234 - INFO - 插入单词 'Likya' 到表 'v.'
2026-03-12 17:49:09,234 - INFO - 插入单词 'Lili' 到表 'adj.'
2026-03-12 17:49:09,234 - INFO - 插入单词 'Lilp' 到表 'n.'
2026-03-12 17:49:09,234 - INFO - 插入单词 'Lim' 到表 'prep.'
2026-03-12 17:49:09,234 - INFO - 插入单词 'Lipiq' 到表 'n.'
2026-03-12 17:49:09,234 - INFO - 插入单词 'Liqleea' 到表 'v.'
2026-03-12 17:49:09,234 - INFO - 插入单词 'Lishe' 到表 'v.'
2026-03-12 17:49:09,234 - INFO - 插入单词 'Liumd' 到表 'n.'
2026-03-12 17:49:09,235 - INFO - 插入单词 'Liz' 到表 'v.'
2026-03-12 17:49:09,235 - INFO - 插入单词 'Lizem' 到表 'v.'
2026-03-12 17:49:09,235 - INFO - 插入单词 'Loast' 到表 'adj.'
2026-03-12 17:49:09,235 - INFO - 插入单词 'Loog' 到表 'adj.'
2026-03-12 17:49:09,235 - INFO - 插入单词 'Loosya' 到表 'adj.'
2026-03-12 17:49:09,235 - INFO - 插入单词 'Loot' 到表 'adj.'
2026-03-12 17:49:09,235 - INFO - 插入单词 'Lootaria' 到表 'n.'
2026-03-12 17:49:09,236 - INFO - 插入单词 'Lophalas' 到表 'n.'
2026-03-12 17:49:09,236 - INFO - 插入单词 'Loqcka' 到表 'adj.'
2026-03-12 17:49:09,236 - INFO - 插入单词 'Luan' 到表 'v.'
2026-03-12 17:49:09,236 - INFO - 插入单词 'Luina' 到表 'adj.'
2026-03-12 17:49:09,236 - INFO - 插入单词 'Luind' 到表 'n.'
2026-03-12 17:49:09,236 - INFO - 插入单词 'Lujes' 到表 'adj.'
2026-03-12 17:49:09,236 - INFO - 插入单词 'Lushegand' 到表 'n.'
2026-03-12 17:49:09,237 - INFO - 插入单词 'Lusia' 到表 'n.'
2026-03-12 17:49:09,237 - INFO - 插入单词 'Lwei' 到表 'v.'
2026-03-12 17:49:09,237 - INFO - 插入单词 'Lyck' 到表 'n.'
2026-03-12 17:49:09,237 - INFO - 插入单词 'Lyckellana' 到表 'n.'
2026-03-12 17:49:09,237 - INFO - 插入单词 'Lyckto' 到表 'n.'
2026-03-12 17:49:09,237 - INFO - 插入单词 'Lytori' 到表 'n.'
2026-03-12 17:49:09,237 - INFO - 插入单词 'Mad' 到表 'n.'
2026-03-12 17:49:09,237 - INFO - 插入单词 'Madie' 到表 'v.'
2026-03-12 17:49:09,237 - INFO - 插入单词 'Madiendlea' 到表 'n.'
2026-03-12 17:49:09,237 - INFO - 插入单词 'Mage' 到表 'n.'
2026-03-12 17:49:09,237 - INFO - 插入单词 'Magene' 到表 'n.'
2026-03-12 17:49:09,237 - INFO - 插入单词 'Mail' 到表 'v.'
2026-03-12 17:49:09,237 - INFO - 插入单词 'Mairu' 到表 'n.'
2026-03-12 17:49:09,237 - INFO - 插入单词 'Mane' 到表 'adv.'
2026-03-12 17:49:09,237 - INFO - 插入单词 'Mariju' 到表 'v.'
2026-03-12 17:49:09,237 - INFO - 插入单词 'Mario' 到表 'v.'
2026-03-12 17:49:09,237 - INFO - 插入单词 'Mariotoriet' 到表 'n.'
2026-03-12 17:49:09,238 - INFO - 插入单词 'Marla' 到表 'n.'
2026-03-12 17:49:09,238 - INFO - 插入单词 'Mazy' 到表 'n.'
2026-03-12 17:49:09,238 - INFO - 插入单词 'Meehellm' 到表 'n.'
2026-03-12 17:49:09,238 - INFO - 插入单词 'Meele' 到表 'n.'
2026-03-12 17:49:09,238 - INFO - 插入单词 'Meeti' 到表 'n.'
2026-03-12 17:49:09,238 - INFO - 插入单词 'Meidiep' 到表 'v.'
2026-03-12 17:49:09,238 - INFO - 插入单词 'Meila' 到表 'adv.'
2026-03-12 17:49:09,238 - INFO - 插入单词 'Meilt' 到表 'adj.'
2026-03-12 17:49:09,238 - INFO - 插入单词 'Meisem' 到表 'adj.'
2026-03-12 17:49:09,238 - INFO - 插入单词 'Meit' 到表 'n.'
2026-03-12 17:49:09,238 - INFO - 插入单词 'Melineto' 到表 'n.'
2026-03-12 17:49:09,238 - INFO - 插入单词 'Melnaid' 到表 'v.'
2026-03-12 17:49:09,240 - INFO - 插入单词 'Melp' 到表 'n.'
2026-03-12 17:49:09,240 - INFO - 插入单词 'Melpisia' 到表 'adj.'
2026-03-12 17:49:09,240 - INFO - 插入单词 'Melplist' 到表 'n.'
2026-03-12 17:49:09,240 - INFO - 插入单词 'Mier' 到表 'adj.'
2026-03-12 17:49:09,240 - INFO - 插入单词 'Mii' 到表 'pron.'
2026-03-12 17:49:09,240 - INFO - 插入单词 'Miis' 到表 'pron.'
2026-03-12 17:49:09,240 - INFO - 插入单词 'Miisia' 到表 'adj.'
2026-03-12 17:49:09,240 - INFO - 插入单词 'Miistiel' 到表 'n.'
2026-03-12 17:49:09,240 - INFO - 插入单词 'Mijha' 到表 'adj.'
2026-03-12 17:49:09,240 - INFO - 插入单词 'mil' 到表 'pron.'
2026-03-12 17:49:09,240 - INFO - 插入单词 'Mill' 到表 'pron.'
2026-03-12 17:49:09,240 - INFO - 插入单词 'Millant' 到表 'adj.'
2026-03-12 17:49:09,240 - INFO - 插入单词 'Millarm' 到表 'v.'
2026-03-12 17:49:09,240 - INFO - 插入单词 'Millte' 到表 'adj.'
2026-03-12 17:49:09,240 - INFO - 插入单词 'Minai' 到表 'n.'
2026-03-12 17:49:09,240 - INFO - 插入单词 'Minelbli' 到表 'n.'
2026-03-12 17:49:09,240 - INFO - 插入单词 'Mineldari' 到表 'n.'
2026-03-12 17:49:09,241 - INFO - 插入单词 'Minelia' 到表 'n.'
2026-03-12 17:49:09,241 - INFO - 插入单词 'Minelu' 到表 'n.'
2026-03-12 17:49:09,241 - INFO - 插入单词 'Mins' 到表 'v.'
2026-03-12 17:49:09,241 - INFO - 插入单词 'Minsty' 到表 'n.'
2026-03-12 17:49:09,241 - INFO - 插入单词 'Mirya' 到表 'n.'
2026-03-12 17:49:09,241 - INFO - 插入单词 'Mishalak' 到表 'n.'
2026-03-12 17:49:09,241 - INFO - 插入单词 'Misiik' 到表 'v.'
2026-03-12 17:49:09,242 - INFO - 插入单词 'Missile' 到表 'n.'
2026-03-12 17:49:09,242 - INFO - 插入单词 'Miz' 到表 'v.'
2026-03-12 17:49:09,242 - INFO - 插入单词 'Mizy' 到表 'n.'
2026-03-12 17:49:09,242 - INFO - 插入单词 'Molda' 到表 'n.'
2026-03-12 17:49:09,242 - INFO - 插入单词 'Mols' 到表 'adv.'
2026-03-12 17:49:09,242 - INFO - 插入单词 'Mono' 到表 'n.'
2026-03-12 17:49:09,242 - INFO - 插入单词 'Monodrama' 到表 'n.'
2026-03-12 17:49:09,242 - INFO - 插入单词 'Mophen' 到表 'num.'
2026-03-12 17:49:09,242 - INFO - 插入单词 'Morhe' 到表 'v.'
2026-03-12 17:49:09,242 - INFO - 插入单词 'Mout' 到表 'adj.'
2026-03-12 17:49:09,242 - INFO - 插入单词 'Myahalke' 到表 'adv.'
2026-03-12 17:49:09,242 - INFO - 插入单词 'Myte' 到表 'adj.'
2026-03-12 17:49:09,242 - INFO - 插入单词 'Nacc' 到表 'v.'
2026-03-12 17:49:09,242 - INFO - 插入单词 'Nache' 到表 'v.'
2026-03-12 17:49:09,242 - INFO - 插入单词 'Nadi' 到表 'v.'
2026-03-12 17:49:09,242 - INFO - 插入单词 'Naits' 到表 'adv.'
2026-03-12 17:49:09,242 - INFO - 插入单词 'neu' 到表 'conj.'
2026-03-12 17:49:09,242 - INFO - 插入单词 'Niar' 到表 'adj.'
2026-03-12 17:49:09,242 - INFO - 插入单词 'Nielatelea' 到表 'n.'
2026-03-12 17:49:09,242 - INFO - 插入单词 'Niims' 到表 'n.'
2026-03-12 17:49:09,242 - INFO - 插入单词 'Nilai' 到表 'n.'
2026-03-12 17:49:09,242 - INFO - 插入单词 'Nita' 到表 'n.'
2026-03-12 17:49:09,242 - INFO - 插入单词 'no' 到表 'v.'
2026-03-12 17:49:09,242 - INFO - 插入单词 'Noa' 到表 'v.'
2026-03-12 17:49:09,244 - INFO - 插入单词 'Noablem' 到表 'n.'
2026-03-12 17:49:09,244 - INFO - 插入单词 'Noaditt' 到表 'conj.'
2026-03-12 17:49:09,244 - INFO - 插入单词 'Noaflea' 到表 'n.'
2026-03-12 17:49:09,244 - INFO - 插入单词 'Nol' 到表 'n.'
2026-03-12 17:49:09,244 - INFO - 插入单词 'Noll' 到表 'n.'
2026-03-12 17:49:09,244 - INFO - 插入单词 'Nolm' 到表 'v.'
2026-03-12 17:49:09,244 - INFO - 插入单词 'Note' 到表 'n.'
2026-03-12 17:49:09,244 - INFO - 插入单词 'Nouche' 到表 'n.'
2026-03-12 17:49:09,244 - INFO - 插入单词 'Nout' 到表 'n.'
2026-03-12 17:49:09,244 - INFO - 插入单词 'o' 到表 'v.'
2026-03-12 17:49:09,244 - INFO - 插入单词 'Obeylaes' 到表 'v.'
2026-03-12 17:49:09,244 - INFO - 插入单词 'Ofa' 到表 'adj.'
2026-03-12 17:49:09,244 - INFO - 插入单词 'Ofelnti' 到表 'n.'
2026-03-12 17:49:09,244 - INFO - 插入单词 'Oglejmea' 到表 'adj.'
2026-03-12 17:49:09,244 - INFO - 插入单词 'oh' 到表 'interj.'
2026-03-12 17:49:09,245 - INFO - 插入单词 'Ojdikkart' 到表 'n.'
2026-03-12 17:49:09,245 - INFO - 插入单词 'Okiti' 到表 'v.'
2026-03-12 17:49:09,245 - INFO - 插入单词 'Okititil' 到表 'n.'
2026-03-12 17:49:09,245 - INFO - 插入单词 'Ola' 到表 'adj.'
2026-03-12 17:49:09,245 - INFO - 插入单词 'Olaio' 到表 'adj.'
2026-03-12 17:49:09,245 - INFO - 插入单词 'Olca' 到表 'adj.'
2026-03-12 17:49:09,246 - INFO - 插入单词 'Olfeis' 到表 'v.'
2026-03-12 17:49:09,246 - INFO - 插入单词 'Oli' 到表 'n.'
2026-03-12 17:49:09,246 - INFO - 插入单词 'Olim' 到表 'adj.'
2026-03-12 17:49:09,246 - INFO - 插入单词 'Olipha' 到表 'n.'
2026-03-12 17:49:09,246 - INFO - 插入单词 'Olis' 到表 'adv.'
2026-03-12 17:49:09,246 - INFO - 插入单词 'Olista' 到表 'v.'
2026-03-12 17:49:09,246 - INFO - 插入单词 'Olistea' 到表 'adv.'
2026-03-12 17:49:09,246 - INFO - 插入单词 'Olize' 到表 'n.'
2026-03-12 17:49:09,246 - INFO - 插入单词 'Olizenote' 到表 'n.'
2026-03-12 17:49:09,246 - INFO - 插入单词 'Olizes' 到表 'n.'
2026-03-12 17:49:09,246 - INFO - 插入单词 'Olkei' 到表 'v.'
2026-03-12 17:49:09,246 - INFO - 插入单词 'Olkemia' 到表 'v.'
2026-03-12 17:49:09,246 - INFO - 插入单词 'Oll' 到表 'n.'
2026-03-12 17:49:09,246 - INFO - 插入单词 'Ollenes' 到表 'n.'
2026-03-12 17:49:09,246 - INFO - 插入单词 'Olm' 到表 'adj.'
2026-03-12 17:49:09,246 - INFO - 插入单词 'Olseiph' 到表 'n.'
2026-03-12 17:49:09,246 - INFO - 插入单词 'Olte' 到表 'v.'
2026-03-12 17:49:09,246 - INFO - 插入单词 'Oltemia' 到表 'conj.'
2026-03-12 17:49:09,246 - INFO - 插入单词 'Oltia' 到表 'adj.'
2026-03-12 17:49:09,246 - INFO - 插入单词 'Olzy' 到表 'v.'
2026-03-12 17:49:09,246 - INFO - 插入单词 'Opl' 到表 'interj.'
2026-03-12 17:49:09,246 - INFO - 插入单词 'Opsa' 到表 'n.'
2026-03-12 17:49:09,246 - INFO - 插入单词 'Optokia' 到表 'adj.'
2026-03-12 17:49:09,246 - INFO - 插入单词 'Oracle' 到表 'n.'
2026-03-12 17:49:09,246 - INFO - 插入单词 'Ord' 到表 'prep.'
2026-03-12 17:49:09,246 - INFO - 插入单词 'Orfag' 到表 'v.'
2026-03-12 17:49:09,246 - INFO - 插入单词 'orklim' 到表 'prep.'
2026-03-12 17:49:09,248 - INFO - 插入单词 'Orpheus' 到表 'n.'
2026-03-12 17:49:09,248 - INFO - 插入单词 'osa' 到表 'adv.'
2026-03-12 17:49:09,248 - INFO - 插入单词 'Ostel' 到表 'n.'
2026-03-12 17:49:09,248 - INFO - 插入单词 'ou' 到表 'prep.'
2026-03-12 17:49:09,248 - INFO - 插入单词 'Oudiq' 到表 'v.'
2026-03-12 17:49:09,248 - INFO - 插入单词 'Ougowd' 到表 'adj.'
2026-03-12 17:49:09,248 - INFO - 插入单词 'Oukbejvi' 到表 'n.'
2026-03-12 17:49:09,248 - INFO - 插入单词 'Oul' 到表 'adj.'
2026-03-12 17:49:09,248 - INFO - 插入单词 'Oulayz' 到表 'adj.'
2026-03-12 17:49:09,248 - INFO - 插入单词 'Owbaly' 到表 'adj.'
2026-03-12 17:49:09,248 - INFO - 插入单词 'Paladi' 到表 'v.'
2026-03-12 17:49:09,248 - INFO - 插入单词 'Palevekll' 到表 'adj.'
2026-03-12 17:49:09,248 - INFO - 插入单词 'Paphileeta' 到表 'n.'
2026-03-12 17:49:09,250 - INFO - 插入单词 'Party' 到表 'n.'
2026-03-12 17:49:09,250 - INFO - 插入单词 'Pawqui' 到表 'adj.'
2026-03-12 17:49:09,250 - INFO - 插入单词 'Pazz' 到表 'n.'
2026-03-12 17:49:09,250 - INFO - 插入单词 'Peak' 到表 'n.'
2026-03-12 17:49:09,250 - INFO - 插入单词 'Pefid' 到表 'n.'
2026-03-12 17:49:09,250 - INFO - 插入单词 'Pefidqls' 到表 'n.'
2026-03-12 17:49:09,250 - INFO - 插入单词 'Peil' 到表 'v.'
2026-03-12 17:49:09,250 - INFO - 插入单词 'Peiti' 到表 'adj.'
2026-03-12 17:49:09,250 - INFO - 插入单词 'Peitim' 到表 'v.'
2026-03-12 17:49:09,250 - INFO - 插入单词 'Pellsipia' 到表 'v.'
2026-03-12 17:49:09,250 - INFO - 插入单词 'Pelto' 到表 'n.'
2026-03-12 17:49:09,250 - INFO - 插入单词 'Pen' 到表 'n.'
2026-03-12 17:49:09,250 - INFO - 插入单词 'Peris' 到表 'adj.'
2026-03-12 17:49:09,250 - INFO - 插入单词 'Persona' 到表 'n.'
2026-03-12 17:49:09,251 - INFO - 插入单词 'Perte' 到表 'v.'
2026-03-12 17:49:09,251 - INFO - 插入单词 'Phantasm' 到表 'n.'
2026-03-12 17:49:09,251 - INFO - 插入单词 'Phet' 到表 'v.'
2026-03-12 17:49:09,251 - INFO - 插入单词 'Phewdins' 到表 'adj.'
2026-03-12 17:49:09,251 - INFO - 插入单词 'Phialak' 到表 'n.'
2026-03-12 17:49:09,251 - INFO - 插入单词 'Phida' 到表 'n.'
2026-03-12 17:49:09,251 - INFO - 插入单词 'Phier' 到表 'adv.'
2026-03-12 17:49:09,251 - INFO - 插入单词 'Phily' 到表 'adj.'
2026-03-12 17:49:09,251 - INFO - 插入单词 'Phim' 到表 'v.'
2026-03-12 17:49:09,251 - INFO - 插入单词 'Phina' 到表 'v.'
2026-03-12 17:49:09,251 - INFO - 插入单词 'Piala' 到表 'adj.'
2026-03-12 17:49:09,251 - INFO - 插入单词 'Piero' 到表 'n.'
2026-03-12 17:49:09,251 - INFO - 插入单词 'Pieto' 到表 'adj.'
2026-03-12 17:49:09,251 - INFO - 插入单词 'Pigaldi' 到表 'v.'
2026-03-12 17:49:09,251 - INFO - 插入单词 'Piikle' 到表 'v.'
2026-03-12 17:49:09,252 - INFO - 插入单词 'Piino' 到表 'n.'
2026-03-12 17:49:09,252 - INFO - 插入单词 'Piisa' 到表 'n.'
2026-03-12 17:49:09,252 - INFO - 插入单词 'Piisika' 到表 'v.'
2026-03-12 17:49:09,252 - INFO - 插入单词 'Piito' 到表 'n.'
2026-03-12 17:49:09,252 - INFO - 插入单词 'Piitoqls' 到表 'n.'
2026-03-12 17:49:09,252 - INFO - 插入单词 'Pijsu' 到表 'v.'
2026-03-12 17:49:09,252 - INFO - 插入单词 'Pilek' 到表 'adv.'
2026-03-12 17:49:09,252 - INFO - 插入单词 'Pileknoa' 到表 'adv.'
2026-03-12 17:49:09,252 - INFO - 插入单词 'Piley' 到表 'n.'
2026-03-12 17:49:09,252 - INFO - 插入单词 'Pillusi' 到表 'v.'
2026-03-12 17:49:09,252 - INFO - 插入单词 'Pils' 到表 'adj.'
2026-03-12 17:49:09,252 - INFO - 插入单词 'Pisca' 到表 'n.'
2026-03-12 17:49:09,252 - INFO - 插入单词 'Pisklaim' 到表 'n.'
2026-03-12 17:49:09,252 - INFO - 插入单词 'Plarli' 到表 'v.'
2026-03-12 17:49:09,252 - INFO - 插入单词 'Plau' 到表 'v.'
2026-03-12 17:49:09,252 - INFO - 插入单词 'Pleesa' 到表 'v.'
2026-03-12 17:49:09,252 - INFO - 插入单词 'Plenptie' 到表 'n.'
2026-03-12 17:49:09,252 - INFO - 插入单词 'Pliphasoil' 到表 'n.'
2026-03-12 17:49:09,252 - INFO - 插入单词 'Pliphalaineqls' 到表 'n.'
2026-03-12 17:49:09,252 - INFO - 插入单词 'Plist' 到表 'v.'
2026-03-12 17:49:09,252 - INFO - 插入单词 'Pllardki' 到表 'adj.'
2026-03-12 17:49:09,252 - INFO - 插入单词 'Pllia' 到表 'adv.'
2026-03-12 17:49:09,252 - INFO - 插入单词 'Pllis' 到表 'adv.'
2026-03-12 17:49:09,254 - INFO - 插入单词 'Plousa' 到表 'n.'
2026-03-12 17:49:09,254 - INFO - 插入单词 'Poa' 到表 'n.'
2026-03-12 17:49:09,254 - INFO - 插入单词 'Pocket' 到表 'n.'
2026-03-12 17:49:09,254 - INFO - 插入单词 'Poet' 到表 'adj.'
2026-03-12 17:49:09,254 - INFO - 插入单词 'Poetolt' 到表 'prep.'
2026-03-12 17:49:09,254 - INFO - 插入单词 'Poinglasene' 到表 'n.'
2026-03-12 17:49:09,254 - INFO - 插入单词 'Polt' 到表 'n.'
2026-03-12 17:49:09,254 - INFO - 插入单词 'Poltorch' 到表 'n.'
2026-03-12 17:49:09,254 - INFO - 插入单词 'Porsa' 到表 'adv.'
2026-03-12 17:49:09,254 - INFO - 插入单词 'Porta' 到表 'n.'
2026-03-12 17:49:09,254 - INFO - 插入单词 'Poul' 到表 'prep.'
2026-03-12 17:49:09,254 - INFO - 插入单词 'Poutie' 到表 'prep.'
2026-03-12 17:49:09,254 - INFO - 插入单词 'Poetklar' 到表 'adv.'
2026-03-12 17:49:09,255 - INFO - 插入单词 'Pray' 到表 'n.'
2026-03-12 17:49:09,255 - INFO - 插入单词 'Preparat' 到表 'n.'
2026-03-12 17:49:09,255 - INFO - 插入单词 'Prifiel' 到表 'v.'
2026-03-12 17:49:09,256 - INFO - 插入单词 'Prii' 到表 'n.'
2026-03-12 17:49:09,256 - INFO - 插入单词 'Priisa' 到表 'v.'
2026-03-12 17:49:09,256 - INFO - 插入单词 'Pris' 到表 'n.'
2026-03-12 17:49:09,256 - INFO - 插入单词 'Prolen' 到表 'n.'
2026-03-12 17:49:09,256 - INFO - 插入单词 'Protia' 到表 'n.'
2026-03-12 17:49:09,256 - INFO - 插入单词 'Proula' 到表 'n.'
2026-03-12 17:49:09,256 - INFO - 插入单词 'Prous' 到表 'v.'
2026-03-12 17:49:09,256 - INFO - 插入单词 'Prousia' 到表 'n.'
2026-03-12 17:49:09,256 - INFO - 插入单词 'Pysietia' 到表 'n.'
2026-03-12 17:49:09,257 - INFO - 插入单词 'Qleea' 到表 'v.'
2026-03-12 17:49:09,257 - INFO - 插入单词 'Qleel' 到表 'v.'
2026-03-12 17:49:09,257 - INFO - 插入单词 'Qlittit' 到表 'adj.'
2026-03-12 17:49:09,257 - INFO - 插入单词 'Qllsiim' 到表 'pron.'
2026-03-12 17:49:09,257 - INFO - 插入单词 'Qllsiimtiel' 到表 'pron.'
2026-03-12 17:49:09,257 - INFO - 插入单词 'Qtua' 到表 'v.'
2026-03-12 17:49:09,257 - INFO - 插入单词 'Qualda' 到表 'n.'
2026-03-12 17:49:09,257 - INFO - 插入单词 'Quand' 到表 'adj.'
2026-03-12 17:49:09,257 - INFO - 插入单词 'Queim' 到表 'v.'
2026-03-12 17:49:09,257 - INFO - 插入单词 'Queit' 到表 'adv.'
2026-03-12 17:49:09,257 - INFO - 插入单词 'Quente' 到表 'n.'
2026-03-12 17:49:09,258 - INFO - 插入单词 'Quest' 到表 'n.'
2026-03-12 17:49:09,258 - INFO - 插入单词 'Qufit' 到表 'n.'
2026-03-12 17:49:09,258 - INFO - 插入单词 'Quoltri' 到表 'v.'
2026-03-12 17:49:09,258 - INFO - 插入单词 'Quondlea' 到表 'adj.'
2026-03-12 17:49:09,258 - INFO - 插入单词 'Quop' 到表 'n.'
2026-03-12 17:49:09,258 - INFO - 插入单词 'Rait' 到表 'v.'
2026-03-12 17:49:09,258 - INFO - 插入单词 'Rak' 到表 'n.'
2026-03-12 17:49:09,258 - INFO - 插入单词 'Ramiy' 到表 'adj.'
2026-03-12 17:49:09,258 - INFO - 插入单词 'Ran' 到表 'n.'
2026-03-12 17:49:09,258 - INFO - 插入单词 'Rance' 到表 'v.'
2026-03-12 17:49:09,258 - INFO - 插入单词 'Ranya' 到表 'v.'
2026-03-12 17:49:09,258 - INFO - 插入单词 'Ranyabellt' 到表 'adj.'
2026-03-12 17:49:09,258 - INFO - 插入单词 'Ranyastodd' 到表 'n.'
2026-03-12 17:49:09,258 - INFO - 插入单词 'Rata' 到表 'v.'
2026-03-12 17:49:09,258 - INFO - 插入单词 'Ratatouille' 到表 'n.'
2026-03-12 17:49:09,258 - INFO - 插入单词 'Rave' 到表 'v.'
2026-03-12 17:49:09,258 - INFO - 插入单词 'Ray' 到表 'v.'
2026-03-12 17:49:09,258 - INFO - 插入单词 'Raya' 到表 'n.'
2026-03-12 17:49:09,258 - INFO - 插入单词 'Razzid' 到表 'v.'
2026-03-12 17:49:09,258 - INFO - 插入单词 'Razzle' 到表 'v.'
2026-03-12 17:49:09,258 - INFO - 插入单词 'Reiz' 到表 'n.'
2026-03-12 17:49:09,260 - INFO - 插入单词 'Renz' 到表 'v.'
2026-03-12 17:49:09,260 - INFO - 插入单词 'Retuel' 到表 'adj.'
2026-03-12 17:49:09,260 - INFO - 插入单词 'Retuela' 到表 'n.'
2026-03-12 17:49:09,260 - INFO - 插入单词 'Rie' 到表 'adv.'
2026-03-12 17:49:09,260 - INFO - 插入单词 'Rig' 到表 'n.'
2026-03-12 17:49:09,260 - INFO - 插入单词 'Riikajta' 到表 'v.'
2026-03-12 17:49:09,260 - INFO - 插入单词 'Rinasia' 到表 'v.'
2026-03-12 17:49:09,260 - INFO - 插入单词 'Rinasijma' 到表 'n.'
2026-03-12 17:49:09,260 - INFO - 插入单词 'Rindou' 到表 'v.'
2026-03-12 17:49:09,260 - INFO - 插入单词 'Ription' 到表 'n.'
2026-03-12 17:49:09,260 - INFO - 插入单词 'Ritto' 到表 'v.'
2026-03-12 17:49:09,260 - INFO - 插入单词 'Ronk' 到表 'n.'
2026-03-12 17:49:09,260 - INFO - 插入单词 'Roofialakta' 到表 'n.'
2026-03-12 17:49:09,261 - INFO - 插入单词 'Rook' 到表 'v.'
2026-03-12 17:49:09,261 - INFO - 插入单词 'Rorm' 到表 'v.'
2026-03-12 17:49:09,261 - INFO - 插入单词 'Rova' 到表 'n.'
2026-03-12 17:49:09,261 - INFO - 插入单词 'Rowt' 到表 'n.'
2026-03-12 17:49:09,261 - INFO - 插入单词 'Rustie' 到表 'v.'
2026-03-12 17:49:09,261 - INFO - 插入单词 'Ryksion' 到表 'n.'
2026-03-12 17:49:09,261 - INFO - 插入单词 'Sai' 到表 'n.'
2026-03-12 17:49:09,261 - INFO - 插入单词 'Sail' 到表 'n.'
2026-03-12 17:49:09,261 - INFO - 插入单词 'Salah' 到表 'n.'
2026-03-12 17:49:09,261 - INFO - 插入单词 'Salff' 到表 'adj.'
2026-03-12 17:49:09,261 - INFO - 插入单词 'Samb' 到表 'adj.'
2026-03-12 17:49:09,261 - INFO - 插入单词 'San' 到表 'v.'
2026-03-12 17:49:09,261 - INFO - 插入单词 'Sanctue' 到表 'n.'
2026-03-12 17:49:09,261 - INFO - 插入单词 'Sanz' 到表 'adj.'
2026-03-12 17:49:09,261 - INFO - 插入单词 'Sar' 到表 'prep.'
2026-03-12 17:49:09,261 - INFO - 插入单词 'Saray' 到表 'n.'
2026-03-12 17:49:09,262 - INFO - 插入单词 'Sarga' 到表 'n.'
2026-03-12 17:49:09,262 - INFO - 插入单词 'Sarp' 到表 'n.'
2026-03-12 17:49:09,262 - INFO - 插入单词 'Sartain' 到表 'n.'
2026-03-12 17:49:09,262 - INFO - 插入单词 'Saryarte' 到表 'adv.'
2026-03-12 17:49:09,262 - INFO - 插入单词 'Saus' 到表 'num.'
2026-03-12 17:49:09,262 - INFO - 插入单词 'Saut' 到表 'n.'
2026-03-12 17:49:09,262 - INFO - 插入单词 'Scape' 到表 'v.'
2026-03-12 17:49:09,262 - INFO - 插入单词 'Schaff' 到表 'n.'
2026-03-12 17:49:09,262 - INFO - 插入单词 'Scteus' 到表 'n.'
2026-03-12 17:49:09,262 - INFO - 插入单词 'Sctution' 到表 'v.'
2026-03-12 17:49:09,262 - INFO - 插入单词 'Seeda' 到表 'v.'
2026-03-12 17:49:09,262 - INFO - 插入单词 'Seedat' 到表 'n.'
2026-03-12 17:49:09,262 - INFO - 插入单词 'Seek' 到表 'v.'
2026-03-12 17:49:09,262 - INFO - 插入单词 'Seeka' 到表 'v.'
2026-03-12 17:49:09,262 - INFO - 插入单词 'Seekle' 到表 'adj.'
2026-03-12 17:49:09,262 - INFO - 插入单词 'Seema' 到表 'v.'
2026-03-12 17:49:09,262 - INFO - 插入单词 'Seez' 到表 'n.'
2026-03-12 17:49:09,262 - INFO - 插入单词 'Sei' 到表 'adj.'
2026-03-12 17:49:09,262 - INFO - 插入单词 'Seia' 到表 'pron.'
2026-03-12 17:49:09,262 - INFO - 插入单词 'Seiren' 到表 'v.'
2026-03-12 17:49:09,262 - INFO - 插入单词 'Sej' 到表 'interj.'
2026-03-12 17:49:09,262 - INFO - 插入单词 'Sejleqq' 到表 'v.'
2026-03-12 17:49:09,262 - INFO - 插入单词 'Sel' 到表 'adj.'
2026-03-12 17:49:09,264 - INFO - 插入单词 'Selaf' 到表 'n.'
2026-03-12 17:49:09,264 - INFO - 插入单词 'Selanya' 到表 'v.'
2026-03-12 17:49:09,264 - INFO - 插入单词 'Selate' 到表 'adj.'
2026-03-12 17:49:09,264 - INFO - 插入单词 'Selep' 到表 'n.'
2026-03-12 17:49:09,264 - INFO - 插入单词 'Selfe' 到表 'v.'
2026-03-12 17:49:09,264 - INFO - 插入单词 'Selgiek' 到表 'n.'
2026-03-12 17:49:09,264 - INFO - 插入单词 'Selti' 到表 'n.'
2026-03-12 17:49:09,264 - INFO - 插入单词 'Selvell' 到表 'n.'
2026-03-12 17:49:09,264 - INFO - 插入单词 'Senju' 到表 'v.'
2026-03-12 17:49:09,264 - INFO - 插入单词 'Shalm' 到表 'adj.'
2026-03-12 17:49:09,264 - INFO - 插入单词 'Sharla' 到表 'n.'
2026-03-12 17:49:09,264 - INFO - 插入单词 'Shay' 到表 'n.'
2026-03-12 17:49:09,264 - INFO - 插入单词 'Shelim' 到表 'adj.'
2026-03-12 17:49:09,266 - INFO - 插入单词 'Shelimlait' 到表 'adv.'
2026-03-12 17:49:09,266 - INFO - 插入单词 'Shelista' 到表 'n.'
2026-03-12 17:49:09,266 - INFO - 插入单词 'Shellarm' 到表 'n.'
2026-03-12 17:49:09,266 - INFO - 插入单词 'Shellius' 到表 'n.'
2026-03-12 17:49:09,266 - INFO - 插入单词 'Shellte' 到表 'adv.'
2026-03-12 17:49:09,266 - INFO - 插入单词 'Shelta' 到表 'v.'
2026-03-12 17:49:09,266 - INFO - 插入单词 'Shiita' 到表 'n.'
2026-03-12 17:49:09,266 - INFO - 插入单词 'Shiitaria' 到表 'n.'
2026-03-12 17:49:09,266 - INFO - 插入单词 'Siala' 到表 'n.'
2026-03-12 17:49:09,266 - INFO - 插入单词 'Sigik' 到表 'v.'
2026-03-12 17:49:09,266 - INFO - 插入单词 'Siifii' 到表 'n.'
2026-03-12 17:49:09,266 - INFO - 插入单词 'Siiqlea' 到表 'v.'
2026-03-12 17:49:09,266 - INFO - 插入单词 'Sikid' 到表 'n.'
2026-03-12 17:49:09,266 - INFO - 插入单词 'Sikidnoalait' 到表 'adv.'
2026-03-12 17:49:09,267 - INFO - 插入单词 'Sikidorkle' 到表 'adv.'
2026-03-12 17:49:09,267 - INFO - 插入单词 'Sinai' 到表 'adv.'
2026-03-12 17:49:09,267 - INFO - 插入单词 'Sindipqls' 到表 'n.'
2026-03-12 17:49:09,267 - INFO - 插入单词 'Sinis' 到表 'n.'
2026-03-12 17:49:09,267 - INFO - 插入单词 'Sinq' 到表 'n.'
2026-03-12 17:49:09,267 - INFO - 插入单词 'Sion' 到表 'v.'
2026-03-12 17:49:09,267 - INFO - 插入单词 'Sipil' 到表 'n.'
2026-03-12 17:49:09,267 - INFO - 插入单词 'Sis' 到表 'v.'
2026-03-12 17:49:09,267 - INFO - 插入单词 'Siviliem' 到表 'n.'
2026-03-12 17:49:09,267 - INFO - 插入单词 'Siwpid' 到表 'n.'
2026-03-12 17:49:09,267 - INFO - 插入单词 'Sjeid' 到表 'n.'
2026-03-12 17:49:09,267 - INFO - 插入单词 'Sjeidmea' 到表 'adj.'
2026-03-12 17:49:09,267 - INFO - 插入单词 'Sjeidveitmea' 到表 'adj.'
2026-03-12 17:49:09,268 - INFO - 插入单词 'Sjlyupe' 到表 'v.'
2026-03-12 17:49:09,268 - INFO - 插入单词 'Skaid' 到表 'v.'
2026-03-12 17:49:09,268 - INFO - 插入单词 'Skeem' 到表 'v.'
2026-03-12 17:49:09,268 - INFO - 插入单词 'Skelat' 到表 'v.'
2026-03-12 17:49:09,268 - INFO - 插入单词 'Skie' 到表 'v.'
2026-03-12 17:49:09,268 - INFO - 插入单词 'Skima' 到表 'v.'
2026-03-12 17:49:09,268 - INFO - 插入单词 'Skyar' 到表 'v.'
2026-03-12 17:49:09,268 - INFO - 插入单词 'Slay' 到表 'n.'
2026-03-12 17:49:09,268 - INFO - 插入单词 'Sleetia' 到表 'n.'
2026-03-12 17:49:09,268 - INFO - 插入单词 'Slialius' 到表 'v.'
2026-03-12 17:49:09,268 - INFO - 插入单词 'Sloa' 到表 'n.'
2026-03-12 17:49:09,268 - INFO - 插入单词 'Sol' 到表 'v.'
2026-03-12 17:49:09,268 - INFO - 插入单词 'Sole' 到表 'n.'
2026-03-12 17:49:09,269 - INFO - 插入单词 'Solfe' 到表 'n.'
2026-03-12 17:49:09,269 - INFO - 插入单词 'Solien' 到表 'n.'
2026-03-12 17:49:09,269 - INFO - 插入单词 'Solte' 到表 'n.'
2026-03-12 17:49:09,269 - INFO - 插入单词 'Sou' 到表 'n.'
2026-03-12 17:49:09,269 - INFO - 插入单词 'Soup' 到表 'n.'
2026-03-12 17:49:09,269 - INFO - 插入单词 'Spai' 到表 'v.'
2026-03-12 17:49:09,269 - INFO - 插入单词 'Spay' 到表 'n.'
2026-03-12 17:49:09,269 - INFO - 插入单词 'Speixam' 到表 'n.'
2026-03-12 17:49:09,269 - INFO - 插入单词 'Sphiep' 到表 'n.'
2026-03-12 17:49:09,270 - INFO - 插入单词 'Spitia' 到表 'n.'
2026-03-12 17:49:09,270 - INFO - 插入单词 'Squa' 到表 'v.'
2026-03-12 17:49:09,270 - INFO - 插入单词 'Stache' 到表 'n.'
2026-03-12 17:49:09,270 - INFO - 插入单词 'Staple' 到表 'n.'
2026-03-12 17:49:09,270 - INFO - 插入单词 'Staps' 到表 'v.'
2026-03-12 17:49:09,270 - INFO - 插入单词 'Stea' 到表 'v.'
2026-03-12 17:49:09,270 - INFO - 插入单词 'Stegraid' 到表 'n.'
2026-03-12 17:49:09,270 - INFO - 插入单词 'Stei' 到表 'n.'
2026-03-12 17:49:09,270 - INFO - 插入单词 'Stica' 到表 'v.'
2026-03-12 17:49:09,270 - INFO - 插入单词 'Stirant' 到表 'n.'
2026-03-12 17:49:09,270 - INFO - 插入单词 'Stjpile' 到表 'v.'
2026-03-12 17:49:09,270 - INFO - 插入单词 'Sto' 到表 'n.'
2026-03-12 17:49:09,270 - INFO - 插入单词 'Story' 到表 'n.'
2026-03-12 17:49:09,270 - INFO - 插入单词 'Storys' 到表 'n.'
2026-03-12 17:49:09,271 - INFO - 插入单词 'Sween' 到表 'v.'
2026-03-12 17:49:09,271 - INFO - 插入单词 'Swii' 到表 'v.'
2026-03-12 17:49:09,271 - INFO - 插入单词 'Swinia' 到表 'n.'
2026-03-12 17:49:09,271 - INFO - 插入单词 'Swiina' 到表 'v.'
2026-03-12 17:49:09,271 - INFO - 插入单词 'Swormin' 到表 'v.'
2026-03-12 17:49:09,271 - INFO - 插入单词 'Sworntie' 到表 'v.'
2026-03-12 17:49:09,271 - INFO - 插入单词 'Syarfi' 到表 'n.'
2026-03-12 17:49:09,272 - INFO - 插入单词 'Syeilla' 到表 'n.'
2026-03-12 17:49:09,272 - INFO - 插入单词 'Syeillaqls' 到表 'n.'
2026-03-12 17:49:09,272 - INFO - 插入单词 'Syeillas' 到表 'n.'
2026-03-12 17:49:09,272 - INFO - 插入单词 'Syena' 到表 'adj.'
2026-03-12 17:49:09,272 - INFO - 插入单词 'Synapse' 到表 'n.'
2026-03-12 17:49:09,272 - INFO - 插入单词 'Talis' 到表 'n.'
2026-03-12 17:49:09,272 - INFO - 插入单词 'Tarn' 到表 'n.'
2026-03-12 17:49:09,272 - INFO - 插入单词 'Taz' 到表 'n.'
2026-03-12 17:49:09,273 - INFO - 插入单词 'Teejt' 到表 'v.'
2026-03-12 17:49:09,273 - INFO - 插入单词 'Tefind' 到表 'n.'
2026-03-12 17:49:09,273 - INFO - 插入单词 'Tehomea' 到表 'n.'
2026-03-12 17:49:09,273 - INFO - 插入单词 'Telis' 到表 'v.'
2026-03-12 17:49:09,273 - INFO - 插入单词 'Tella' 到表 'v.'
2026-03-12 17:49:09,273 - INFO - 插入单词 'Telly' 到表 'v.'
2026-03-12 17:49:09,273 - INFO - 插入单词 'Tepistl' 到表 'adj.'
2026-03-12 17:49:09,273 - INFO - 插入单词 'Termz' 到表 'n.'
2026-03-12 17:49:09,273 - INFO - 插入单词 'Terra' 到表 'n.'
2026-03-12 17:49:09,273 - INFO - 插入单词 'Theegie' 到表 'n.'
2026-03-12 17:49:09,273 - INFO - 插入单词 'Theek' 到表 'n.'
2026-03-12 17:49:09,273 - INFO - 插入单词 'Thloo' 到表 'interj.'
2026-03-12 17:49:09,273 - INFO - 插入单词 'Thuivili' 到表 'adv.'
2026-03-12 17:49:09,273 - INFO - 插入单词 'Tiag' 到表 'v.'
2026-03-12 17:49:09,273 - INFO - 插入单词 'Ticca' 到表 'adj.'
2026-03-12 17:49:09,273 - INFO - 插入单词 'Ticcarm' 到表 'adv.'
2026-03-12 17:49:09,274 - INFO - 插入单词 'Ticcla' 到表 'n.'
2026-03-12 17:49:09,274 - INFO - 插入单词 'tie' 到表 'prep.'
2026-03-12 17:49:09,274 - INFO - 插入单词 'Tifijl' 到表 'n.'
2026-03-12 17:49:09,274 - INFO - 插入单词 'Tigalm' 到表 'v.'
2026-03-12 17:49:09,275 - INFO - 插入单词 'Tiika' 到表 'v.'
2026-03-12 17:49:09,275 - INFO - 插入单词 'Tiisa' 到表 'v.'
2026-03-12 17:49:09,275 - INFO - 插入单词 'Tigilijk' 到表 'v.'
2026-03-12 17:49:09,275 - INFO - 插入单词 'Tikelt' 到表 'adv.'
2026-03-12 17:49:09,275 - INFO - 插入单词 'Tikk' 到表 'v.'
2026-03-12 17:49:09,275 - INFO - 插入单词 'Tilk' 到表 'n.'
2026-03-12 17:49:09,275 - INFO - 插入单词 'Tim' 到表 'n.'
2026-03-12 17:49:09,275 - INFO - 插入单词 'Tit' 到表 'n.'
2026-03-12 17:49:09,275 - INFO - 插入单词 'Tittri' 到表 'n.'
2026-03-12 17:49:09,275 - INFO - 插入单词 'Tleiket' 到表 'v.'
2026-03-12 17:49:09,275 - INFO - 插入单词 'Tlli' 到表 'v.'
2026-03-12 17:49:09,276 - INFO - 插入单词 'Tollm' 到表 'v.'
2026-03-12 17:49:09,276 - INFO - 插入单词 'Tollti' 到表 'v.'
2026-03-12 17:49:09,276 - INFO - 插入单词 'Tolltit' 到表 'adj.'
2026-03-12 17:49:09,276 - INFO - 插入单词 'Tone' 到表 'n.'
2026-03-12 17:49:09,276 - INFO - 插入单词 'Torch' 到表 'n.'
2026-03-12 17:49:09,276 - INFO - 插入单词 'Tordu' 到表 'n.'
2026-03-12 17:49:09,276 - INFO - 插入单词 'Toriesta' 到表 'n.'
2026-03-12 17:49:09,276 - INFO - 插入单词 'Torjest' 到表 'v.'
2026-03-12 17:49:09,276 - INFO - 插入单词 'Torke' 到表 'v.'
2026-03-12 17:49:09,276 - INFO - 插入单词 'tou' 到表 'prep.'
2026-03-12 17:49:09,276 - INFO - 插入单词 'Toubi' 到表 'v.'
2026-03-12 17:49:09,276 - INFO - 插入单词 'Toup' 到表 'n.'
2026-03-12 17:49:09,276 - INFO - 插入单词 'towai' 到表 'n.'
2026-03-12 17:49:09,276 - INFO - 插入单词 'Toys' 到表 'n.'
2026-03-12 17:49:09,276 - INFO - 插入单词 'Tozlom' 到表 'adv.'
2026-03-12 17:49:09,276 - INFO - 插入单词 'Traluki' 到表 'v.'
2026-03-12 17:49:09,276 - INFO - 插入单词 'Trane' 到表 'n.'
2026-03-12 17:49:09,276 - INFO - 插入单词 'Trias' 到表 'n.'
2026-03-12 17:49:09,276 - INFO - 插入单词 'Trico' 到表 'v.'
2026-03-12 17:49:09,276 - INFO - 插入单词 'Tuklt' 到表 'n.'
2026-03-12 17:49:09,277 - INFO - 插入单词 'Tvulei' 到表 'n.'
2026-03-12 17:49:09,277 - INFO - 插入单词 'Twiik' 到表 'adj.'
2026-03-12 17:49:09,277 - INFO - 插入单词 'Uaguaz' 到表 'n.'
2026-03-12 17:49:09,277 - INFO - 插入单词 'Uarmeil' 到表 'v.'
2026-03-12 17:49:09,277 - INFO - 插入单词 'Uerisaqui' 到表 'adj.'
2026-03-12 17:49:09,277 - INFO - 插入单词 'Uerris' 到表 'v.'
2026-03-12 17:49:09,278 - INFO - 插入单词 'Ueyzij' 到表 'adj.'
2026-03-12 17:49:09,278 - INFO - 插入单词 'Uiideliap' 到表 'n.'
2026-03-12 17:49:09,278 - INFO - 插入单词 'Ukkt' 到表 'v.'
2026-03-12 17:49:09,278 - INFO - 插入单词 'Uleim' 到表 'adj.'
2026-03-12 17:49:09,278 - INFO - 插入单词 'Ullem' 到表 'n.'
2026-03-12 17:49:09,278 - INFO - 插入单词 'Uluxfa' 到表 'v.'
2026-03-12 17:49:09,278 - INFO - 插入单词 'Umm' 到表 'interj.'
2026-03-12 17:49:09,278 - INFO - 插入单词 'Unharla' 到表 'n.'
2026-03-12 17:49:09,278 - INFO - 插入单词 'Uwoles' 到表 'v.'
2026-03-12 17:49:09,278 - INFO - 插入单词 'Vaice' 到表 'n.'
2026-03-12 17:49:09,278 - INFO - 插入单词 'Vakka' 到表 'v.'
2026-03-12 17:49:09,278 - INFO - 插入单词 'Vala' 到表 'n.'
2026-03-12 17:49:09,279 - INFO - 插入单词 'Veditt' 到表 'v.'
2026-03-12 17:49:09,279 - INFO - 插入单词 'Veida' 到表 'n.'
2026-03-12 17:49:09,279 - INFO - 插入单词 'Veilatoriet' 到表 'n.'
2026-03-12 17:49:09,279 - INFO - 插入单词 'Veilatorietqls' 到表 'n.'
2026-03-12 17:49:09,279 - INFO - 插入单词 'Veis' 到表 'n.'
2026-03-12 17:49:09,279 - INFO - 插入单词 'Veit' 到表 'adj.'
2026-03-12 17:49:09,279 - INFO - 插入单词 'Velaiye' 到表 'v.'
2026-03-12 17:49:09,279 - INFO - 插入单词 'Velidi' 到表 'n.'
2026-03-12 17:49:09,279 - INFO - 插入单词 'Vell' 到表 'v.'
2026-03-12 17:49:09,279 - INFO - 插入单词 'Vellediola' 到表 'n.'
2026-03-12 17:49:09,280 - INFO - 插入单词 'Velsiam' 到表 'adj.'
2026-03-12 17:49:09,280 - INFO - 插入单词 'Venesene' 到表 'n.'
2026-03-12 17:49:09,280 - INFO - 插入单词 'Venesenes' 到表 'n.'
2026-03-12 17:49:09,280 - INFO - 插入单词 'Verde' 到表 'adj.'
2026-03-12 17:49:09,280 - INFO - 插入单词 'Verlivif' 到表 'v.'
2026-03-12 17:49:09,280 - INFO - 插入单词 'Verry' 到表 'n.'
2026-03-12 17:49:09,280 - INFO - 插入单词 'Versalyke' 到表 'n.'
2026-03-12 17:49:09,280 - INFO - 插入单词 'Verse' 到表 'v.'
2026-03-12 17:49:09,280 - INFO - 插入单词 'Vevis' 到表 'adj.'
2026-03-12 17:49:09,280 - INFO - 插入单词 'Via' 到表 'n.'
2026-03-12 17:49:09,280 - INFO - 插入单词 'Viazulu' 到表 'n.'
2026-03-12 17:49:09,280 - INFO - 插入单词 'Viazulus' 到表 'n.'
2026-03-12 17:49:09,280 - INFO - 插入单词 'Vidd' 到表 'n.'
2026-03-12 17:49:09,280 - INFO - 插入单词 'Vidi' 到表 'n.'
2026-03-12 17:49:09,282 - INFO - 插入单词 'Vielakaite' 到表 'n.'
2026-03-12 17:49:09,282 - INFO - 插入单词 'Vig' 到表 'pron.'
2026-03-12 17:49:09,282 - INFO - 插入单词 'Vigyte' 到表 'adj.'
2026-03-12 17:49:09,282 - INFO - 插入单词 'Viin' 到表 'v.'
2026-03-12 17:49:09,282 - INFO - 插入单词 'Viizy' 到表 'n.'
2026-03-12 17:49:09,282 - INFO - 插入单词 'Vijg' 到表 'adj.'
2026-03-12 17:49:09,282 - INFO - 插入单词 'Vindi' 到表 'n.'
2026-03-12 17:49:09,282 - INFO - 插入单词 'Vindiald' 到表 'v.'
2026-03-12 17:49:09,282 - INFO - 插入单词 'Vinelo' 到表 'n.'
2026-03-12 17:49:09,282 - INFO - 插入单词 'Vins' 到表 'adj.'
2026-03-12 17:49:09,282 - INFO - 插入单词 'Vinshellm' 到表 'n.'
2026-03-12 17:49:09,282 - INFO - 插入单词 'Vinshellms' 到表 'n.'
2026-03-12 17:49:09,282 - INFO - 插入单词 'Vinsijv' 到表 'n.'
2026-03-12 17:49:09,282 - INFO - 插入单词 'Vinsikid' 到表 'n.'
2026-03-12 17:49:09,283 - INFO - 插入单词 'Visc' 到表 'adj.'
2026-03-12 17:49:09,283 - INFO - 插入单词 'Visini' 到表 'n.'
2026-03-12 17:49:09,283 - INFO - 插入单词 'Vitui' 到表 'n.'
2026-03-12 17:49:09,283 - INFO - 插入单词 'Vivi' 到表 'v.'
2026-03-12 17:49:09,283 - INFO - 插入单词 'Vleid' 到表 'adj.'
2026-03-12 17:49:09,283 - INFO - 插入单词 'Vleisa' 到表 'adj.'
2026-03-12 17:49:09,283 - INFO - 插入单词 'Vleitiad' 到表 'adj.'
2026-03-12 17:49:09,283 - INFO - 插入单词 'Vlikt' 到表 'n.'
2026-03-12 17:49:09,283 - INFO - 插入单词 'Voi' 到表 'adv.'
2026-03-12 17:49:09,283 - INFO - 插入单词 'Volp' 到表 'n.'
2026-03-12 17:49:09,283 - INFO - 插入单词 'Walhalla' 到表 'n.'
2026-03-12 17:49:09,285 - INFO - 插入单词 'Waltisala' 到表 'n.'
2026-03-12 17:49:09,285 - INFO - 插入单词 'Wasiim' 到表 'adv.'
2026-03-12 17:49:09,285 - INFO - 插入单词 'Way' 到表 'n.'
2026-03-12 17:49:09,285 - INFO - 插入单词 'Waz' 到表 'adv.'
2026-03-12 17:49:09,285 - INFO - 插入单词 'Wedikarti' 到表 'n.'
2026-03-12 17:49:09,285 - INFO - 插入单词 'Ween' 到表 'n.'
2026-03-12 17:49:09,285 - INFO - 插入单词 'Weika' 到表 'adj.'
2026-03-12 17:49:09,285 - INFO - 插入单词 'weil' 到表 'prep.'
2026-03-12 17:49:09,286 - INFO - 插入单词 'Weilla' 到表 'v.'
2026-03-12 17:49:09,286 - INFO - 插入单词 'Weiv' 到表 'n.'
2026-03-12 17:49:09,286 - INFO - 插入单词 'weiy' 到表 'prep.'
2026-03-12 17:49:09,286 - INFO - 插入单词 'Weliim' 到表 'v.'
2026-03-12 17:49:09,286 - INFO - 插入单词 'Well' 到表 'n.'
2026-03-12 17:49:09,286 - INFO - 插入单词 'Wely' 到表 'v.'
2026-03-12 17:49:09,286 - INFO - 插入单词 'Wendiak' 到表 'adj.'
2026-03-12 17:49:09,286 - INFO - 插入单词 'Wendiq' 到表 'v.'
2026-03-12 17:49:09,286 - INFO - 插入单词 'Wendit' 到表 'adj.'
2026-03-12 17:49:09,286 - INFO - 插入单词 'Wetijka' 到表 'adv.'
2026-03-12 17:49:09,286 - INFO - 插入单词 'Wetik' 到表 'adj.'
2026-03-12 17:49:09,286 - INFO - 插入单词 'Whiil' 到表 'adj.'
2026-03-12 17:49:09,286 - INFO - 插入单词 'Widbe' 到表 'v.'
2026-03-12 17:49:09,286 - INFO - 插入单词 'Wihrind' 到表 'v.'
2026-03-12 17:49:09,286 - INFO - 插入单词 'Wiina' 到表 'v.'
2026-03-12 17:49:09,286 - INFO - 插入单词 'Wilenq' 到表 'adv.'
2026-03-12 17:49:09,286 - INFO - 插入单词 'Will' 到表 'n.'
2026-03-12 17:49:09,286 - INFO - 插入单词 'Wimb' 到表 'adv.'
2026-03-12 17:49:09,286 - INFO - 插入单词 'Winde' 到表 'prep.'
2026-03-12 17:49:09,288 - INFO - 插入单词 'Wipsam' 到表 'n.'
2026-03-12 17:49:09,288 - INFO - 插入单词 'Wipt' 到表 'v.'
2026-03-12 17:49:09,288 - INFO - 插入单词 'Wiry' 到表 'n.'
2026-03-12 17:49:09,288 - INFO - 插入单词 'Wivd' 到表 'adj.'
2026-03-12 17:49:09,288 - INFO - 插入单词 'Wiziliq' 到表 'adj.'
2026-03-12 17:49:09,288 - INFO - 插入单词 'Wizladeneqls' 到表 'n.'
2026-03-12 17:49:09,288 - INFO - 插入单词 'Wjalig' 到表 'v.'
2026-03-12 17:49:09,288 - INFO - 插入单词 'Woli' 到表 'v.'
2026-03-12 17:49:09,288 - INFO - 插入单词 'Wolif' 到表 'n.'
2026-03-12 17:49:09,288 - INFO - 插入单词 'Wolme' 到表 'n.'
2026-03-12 17:49:09,288 - INFO - 插入单词 'Womphil' 到表 'v.'
2026-03-12 17:49:09,288 - INFO - 插入单词 'Wond' 到表 'n.'
2026-03-12 17:49:09,288 - INFO - 插入单词 'Wondidda' 到表 'n.'
2026-03-12 17:49:09,289 - INFO - 插入单词 'Wondilip' 到表 'v.'
2026-03-12 17:49:09,289 - INFO - 插入单词 'Wondist' 到表 'n.'
2026-03-12 17:49:09,289 - INFO - 插入单词 'Wranbend' 到表 'n.'
2026-03-12 17:49:09,289 - INFO - 插入单词 'Wyejzek' 到表 'v.'
2026-03-12 17:49:09,289 - INFO - 插入单词 'Xaite' 到表 'adj.'
2026-03-12 17:49:09,289 - INFO - 插入单词 'Xia' 到表 'n.'
2026-03-12 17:49:09,290 - INFO - 插入单词 'Xianya' 到表 'n.'
2026-03-12 17:49:09,290 - INFO - 插入单词 'Xiaoli' 到表 'n.'
2026-03-12 17:49:09,290 - INFO - 插入单词 'Xieti' 到表 'adv.'
2026-03-12 17:49:09,290 - INFO - 插入单词 'Xlleidies' 到表 'n.'
2026-03-12 17:49:09,290 - INFO - 插入单词 'Xsion' 到表 'n.'
2026-03-12 17:49:09,290 - INFO - 插入单词 'Yedit' 到表 'v.'
2026-03-12 17:49:09,290 - INFO - 插入单词 'Yeft' 到表 'v.'
2026-03-12 17:49:09,290 - INFO - 插入单词 'Yekis' 到表 'n.'
2026-03-12 17:49:09,290 - INFO - 插入单词 'Yilie' 到表 'adv.'
2026-03-12 17:49:09,290 - INFO - 插入单词 'Yine' 到表 'n.'
2026-03-12 17:49:09,290 - INFO - 插入单词 'Yujplimes' 到表 'n.'
2026-03-12 17:49:09,290 - INFO - 插入单词 'Yulleia' 到表 'adv.'
2026-03-12 17:49:09,290 - INFO - 插入单词 'Yutul' 到表 'n.'
2026-03-12 17:49:09,290 - INFO - 插入单词 'Yutulsinv' 到表 'n.'
2026-03-12 17:49:09,290 - INFO - 插入单词 'Yuwlpie' 到表 'n.'
2026-03-12 17:49:09,290 - INFO - 插入单词 'Zeit' 到表 'n.'
2026-03-12 17:49:09,290 - INFO - 插入单词 'Zel' 到表 'n.'
2026-03-12 17:49:09,290 - INFO - 插入单词 'Zenoth' 到表 'n.'
2026-03-12 17:49:09,290 - INFO - 插入单词 'Zia' 到表 'pron.'
2026-03-12 17:49:09,290 - INFO - 插入单词 'Zibilial' 到表 'adj.'
2026-03-12 17:49:09,290 - INFO - 插入单词 'Ziksiilait' 到表 'adv.'
2026-03-12 17:49:09,290 - INFO - 插入单词 'Zillyte' 到表 'adj.'
2026-03-12 17:49:09,290 - INFO - 插入单词 'Ziok' 到表 'n.'
2026-03-12 17:49:09,290 - INFO - 插入单词 'Ziokla' 到表 'n.'
2026-03-12 17:49:09,290 - INFO - 插入单词 'Zyte' 到表 'adj.'
2026-03-12 17:49:09,290 - INFO - 插入单词 'ahh' 到表 'interj.'
2026-03-12 17:49:09,290 - INFO - 插入单词 'la' 到表 'interj.'
2026-03-12 17:49:09,292 - INFO - 插入单词 'Wei' 到表 'interj.'
2026-03-12 17:49:09,292 - INFO - 插入单词 'ah/ahh' 到表 'interj.'
2026-03-12 17:49:09,292 - INFO - 插入单词 'ob' 到表 'v.'
2026-03-12 17:49:09,292 - INFO - 插入单词 'ol' 到表 'v.'
2026-03-12 17:49:09,292 - INFO - 插入单词 'sii' 到表 'interj.'
2026-03-12 17:49:09,292 - INFO - 
有词性单词处理完成！
  - 处理单词数量: 1307
  - 创建表数量: 0
  - 插入: 1297 个
  - 更新: 0 个
2026-03-12 17:49:09,292 - INFO - 开始处理没有词性的单词
2026-03-12 17:49:09,292 - INFO - 找到 29 个没有词性的单词
2026-03-12 17:49:09,292 - INFO - 
无词性单词处理完成！
  - 插入: 0 个
  - 更新: 0 个
2026-03-12 17:49:09,370 - INFO - 
数据分类完成!
2026-03-12 17:49:09,370 - INFO - 数据库连接已关闭
2026-03-12 17:50:37,682 - INFO - 开始执行单词分类更新
2026-03-12 17:50:37,683 - INFO - 数据库中的表: ['sqlite_sequence', 'songs', 'phrase', 'Signature', 'interj.', 'v.', 'n.', 'adj.', 'adv.', 'art.', 'prep.', 'pron.', 'num.', 'conj.', 'no_class', 'raw', 'dictionary', 'Album1', 'Album2', 'Album3', 'Single', 'All_words', 'Unknown', 'test']
2026-03-12 17:50:37,683 - INFO - 开始处理有词性的单词
2026-03-12 17:50:37,730 - INFO - 
有词性单词处理完成！
  - 处理单词数量: 1307
  - 创建表数量: 0
  - 插入: 0 个
  - 更新: 0 个
2026-03-12 17:50:37,731 - INFO - 开始处理没有词性的单词
2026-03-12 17:50:37,732 - INFO - 找到 29 个没有词性的单词
2026-03-12 17:50:37,733 - INFO - 
无词性单词处理完成！
  - 插入: 0 个
  - 更新: 0 个
2026-03-12 17:50:37,733 - INFO - 
数据分类完成!
2026-03-12 17:50:37,733 - INFO - 数据库连接已关闭
2026-03-12 17:55:09,488 - INFO - 开始执行单词词频更新
2026-03-12 17:55:09,488 - INFO - 成功连接到数据库
2026-03-12 17:55:09,490 - INFO - 找到 1336 个有效单词
2026-03-12 17:55:09,544 - INFO - 歌词处理完成，共处理 53 条有效歌词
2026-03-12 17:55:09,606 - INFO - 
没有需要更新的统计数据
2026-03-12 17:55:09,606 - INFO - 
数据库连接已关闭
2026-03-12 17:59:29,774 - INFO - [update_word_count] - ================================================================================
2026-03-12 17:59:29,774 - INFO - [update_word_count] - 开始执行 update_word_count.py 程序
2026-03-12 17:59:29,774 - INFO - [update_word_count] - ================================================================================
2026-03-12 17:59:29,774 - INFO - [update_word_count] - 开始执行单词词频更新
2026-03-12 17:59:29,776 - INFO - [update_word_count] - 成功连接到数据库
2026-03-12 17:59:29,777 - INFO - [update_word_count] - 找到 1336 个有效单词
2026-03-12 17:59:29,828 - INFO - [update_word_count] - 歌词处理完成，共处理 53 条有效歌词
2026-03-12 17:59:29,892 - INFO - [update_word_count] - 
没有需要更新的统计数据
2026-03-12 17:59:29,892 - INFO - [update_word_count] - 
数据库连接已关闭
2026-03-12 17:59:29,892 - INFO - [update_word_count] - ================================================================================
2026-03-12 17:59:29,892 - INFO - [update_word_count] - update_word_count.py 程序执行结束
2026-03-12 17:59:29,892 - INFO - [update_word_count] - ================================================================================
2026-03-12 18:01:03,285 - INFO - [update_word_count] - ================================================================================
2026-03-12 18:01:03,285 - INFO - [update_word_count] - 开始执行 update_word_count.py 程序
2026-03-12 18:01:03,285 - INFO - [update_word_count] - ================================================================================
2026-03-12 18:01:03,285 - INFO - [update_word_count] - 开始执行单词词频更新
2026-03-12 18:01:03,286 - INFO - [update_word_count] - 成功连接到数据库
2026-03-12 18:01:03,288 - INFO - [update_word_count] - 找到 1336 个有效单词
2026-03-12 18:01:03,341 - INFO - [update_word_count] - 歌词处理完成，共处理 53 条有效歌词
2026-03-12 18:01:03,405 - INFO - [update_word_count] - 
没有需要更新的统计数据
2026-03-12 18:01:03,405 - INFO - [update_word_count] - 
数据库连接已关闭
2026-03-12 18:01:03,405 - INFO - [update_word_count] - ================================================================================
2026-03-12 18:01:03,405 - INFO - [update_word_count] - update_word_count.py 程序执行结束
2026-03-12 18:01:03,405 - INFO - [update_word_count] - ================================================================================
2026-03-12 18:01:20,745 - INFO - [classify_words] - ================================================================================
2026-03-12 18:01:20,745 - INFO - [classify_words] - 开始执行 classify_words.py 程序
2026-03-12 18:01:20,745 - INFO - [classify_words] - ================================================================================
2026-03-12 18:01:20,745 - INFO - [classify_words] - 开始执行单词分类更新
2026-03-12 18:01:20,747 - INFO - [classify_words] - 数据库中的表: ['sqlite_sequence', 'songs', 'phrase', 'Signature', 'interj.', 'v.', 'n.', 'adj.', 'adv.', 'art.', 'prep.', 'pron.', 'num.', 'conj.', 'no_class', 'raw', 'dictionary', 'Album1', 'Album2', 'Album3', 'Single', 'All_words', 'Unknown', 'test']
2026-03-12 18:01:20,747 - INFO - [classify_words] - 开始处理有词性的单词
2026-03-12 18:01:20,796 - INFO - [classify_words] - 
有词性单词处理完成！
  - 处理单词数量: 1307
  - 创建表数量: 0
  - 插入: 0 个
  - 更新: 0 个
2026-03-12 18:01:20,796 - INFO - [classify_words] - 开始处理没有词性的单词
2026-03-12 18:01:20,797 - INFO - [classify_words] - 找到 29 个没有词性的单词
2026-03-12 18:01:20,797 - INFO - [classify_words] - 
无词性单词处理完成！
  - 插入: 0 个
  - 更新: 0 个
2026-03-12 18:01:20,797 - INFO - [classify_words] - 
数据分类完成!
2026-03-12 18:01:20,797 - INFO - [classify_words] - 数据库连接已关闭
2026-03-12 18:01:20,797 - INFO - [classify_words] - ================================================================================
2026-03-12 18:01:20,797 - INFO - [classify_words] - classify_words.py 程序执行结束
2026-03-12 18:01:20,797 - INFO - [classify_words] - ================================================================================
2026-03-12 18:05:53,804 - INFO - 开始执行单词词频更新
2026-03-12 18:05:53,818 - INFO - 成功连接到数据库
2026-03-12 18:05:53,822 - INFO - 找到 1336 个有效单词
2026-03-12 18:05:53,877 - INFO - 歌词处理完成，共处理 53 条有效歌词
2026-03-12 18:06:01,040 - INFO - 
没有需要更新的统计数据
2026-03-12 18:06:01,046 - INFO - 
数据库连接已关闭
2026-03-12 18:07:51,935 - INFO - 开始执行单词分类更新
2026-03-12 18:07:51,937 - INFO - 数据库中的表: ['sqlite_sequence', 'songs', 'phrase', 'Signature', 'interj.', 'v.', 'n.', 'adj.', 'adv.', 'art.', 'prep.', 'pron.', 'num.', 'conj.', 'no_class', 'raw', 'dictionary', 'Album1', 'Album2', 'Album3', 'Single', 'All_words', 'Unknown', 'test']
2026-03-12 18:07:51,937 - INFO - 开始处理有词性的单词
2026-03-12 18:07:51,984 - INFO - 
有词性单词处理完成！
  - 处理单词数量: 1307
  - 创建表数量: 0
  - 插入: 0 个
  - 更新: 0 个
2026-03-12 18:07:51,984 - INFO - 开始处理没有词性的单词
2026-03-12 18:07:51,984 - INFO - 找到 29 个没有词性的单词
2026-03-12 18:07:51,986 - INFO - 
无词性单词处理完成！
  - 插入: 0 个
  - 更新: 0 个
2026-03-12 18:07:51,986 - INFO - 
数据分类完成!
2026-03-12 18:07:51,986 - INFO - 数据库连接已关闭
2026-03-12 18:08:37,617 - INFO - 开始执行单词分类更新
2026-03-12 18:08:37,618 - INFO - 数据库中的表: ['sqlite_sequence', 'songs', 'phrase', 'Signature', 'interj.', 'v.', 'n.', 'adj.', 'adv.', 'art.', 'prep.', 'pron.', 'num.', 'conj.', 'no_class', 'raw', 'dictionary', 'Album1', 'Album2', 'Album3', 'Single', 'All_words', 'Unknown', 'test']
2026-03-12 18:08:37,619 - INFO - 开始处理有词性的单词
2026-03-12 18:08:37,665 - INFO - 
有词性单词处理完成！
  - 处理单词数量: 1307
  - 创建表数量: 0
  - 插入: 0 个
  - 更新: 0 个
2026-03-12 18:08:37,665 - INFO - 开始处理没有词性的单词
2026-03-12 18:08:37,665 - INFO - 找到 29 个没有词性的单词
2026-03-12 18:08:37,667 - INFO - 
无词性单词处理完成！
  - 插入: 0 个
  - 更新: 0 个
2026-03-12 18:08:37,667 - INFO - 
数据分类完成!
2026-03-12 18:08:37,667 - INFO - 数据库连接已关闭
2026-03-12 18:08:47,576 - INFO - 开始执行单词分类更新
2026-03-12 18:08:47,576 - INFO - 数据库中的表: ['sqlite_sequence', 'songs', 'phrase', 'Signature', 'interj.', 'v.', 'n.', 'adj.', 'adv.', 'art.', 'prep.', 'pron.', 'num.', 'conj.', 'no_class', 'raw', 'dictionary', 'Album1', 'Album2', 'Album3', 'Single', 'All_words', 'Unknown', 'test']
2026-03-12 18:08:47,578 - INFO - 开始处理有词性的单词
2026-03-12 18:08:47,622 - INFO - 
有词性单词处理完成！
  - 处理单词数量: 1307
  - 创建表数量: 0
  - 插入: 0 个
  - 更新: 0 个
2026-03-12 18:08:47,624 - INFO - 开始处理没有词性的单词
2026-03-12 18:08:47,624 - INFO - 找到 29 个没有词性的单词
2026-03-12 18:08:47,624 - INFO - 
无词性单词处理完成！
  - 插入: 0 个
  - 更新: 0 个
2026-03-12 18:08:47,625 - INFO - 
数据分类完成!
2026-03-12 18:08:47,625 - INFO - 数据库连接已关闭
2026-03-12 18:12:05,726 - INFO - 开始执行单词分类更新
2026-03-12 18:12:05,727 - INFO - 数据库中的表: ['sqlite_sequence', 'songs', 'phrase', 'Signature', 'interj.', 'v.', 'n.', 'adj.', 'adv.', 'art.', 'prep.', 'pron.', 'num.', 'conj.', 'no_class', 'raw', 'dictionary', 'Album1', 'Album2', 'Album3', 'Single', 'All_words', 'Unknown', 'test']
2026-03-12 18:12:05,727 - INFO - 开始处理有词性的单词
2026-03-12 18:12:05,773 - INFO - 
有词性单词处理完成！
  - 处理单词数量: 1307
  - 创建表数量: 0
  - 插入: 0 个
  - 更新: 0 个
2026-03-12 18:12:05,774 - INFO - 开始处理没有词性的单词
2026-03-12 18:12:05,775 - INFO - 找到 29 个没有词性的单词
2026-03-12 18:12:05,775 - INFO - 
无词性单词处理完成！
  - 插入: 0 个
  - 更新: 0 个
2026-03-12 18:12:05,775 - INFO - 
数据分类完成!
2026-03-12 18:12:05,776 - INFO - 数据库连接已关闭
2026-03-12 18:29:33,235 - INFO - 开始执行单词分类更新
2026-03-12 18:29:33,235 - INFO - 数据库中的表: ['sqlite_sequence', 'songs', 'phrase', 'Signature', 'interj.', 'v.', 'n.', 'adj.', 'adv.', 'art.', 'prep.', 'pron.', 'num.', 'conj.', 'no_class', 'raw', 'dictionary', 'Album1', 'Album2', 'Album3', 'Single', 'All_words', 'Unknown', 'test']
2026-03-12 18:29:33,235 - INFO - 开始处理有词性的单词
2026-03-12 18:29:33,282 - INFO - 
有词性单词处理完成！
  - 处理单词数量: 1307
  - 创建表数量: 0
  - 插入: 0 个
  - 更新: 0 个
2026-03-12 18:29:33,282 - INFO - 开始处理没有词性的单词
2026-03-12 18:29:33,282 - INFO - 找到 29 个没有词性的单词
2026-03-12 18:29:33,283 - INFO - 
无词性单词处理完成！
  - 插入: 0 个
  - 更新: 0 个
2026-03-12 18:29:33,283 - INFO - 
数据分类完成!
2026-03-12 18:29:33,284 - INFO - 数据库连接已关闭
2026-04-22 20:01:52,592 - INFO - 开始执行单词词频更新
2026-04-22 20:01:52,596 - INFO - 成功连接到数据库
2026-04-22 20:01:52,599 - INFO - 找到 1337 个有效单词
2026-04-22 20:01:52,716 - INFO - 歌词处理完成，共处理 53 条有效歌词
2026-04-22 20:01:52,828 - INFO - 更新单词 'Koll'（ID: 1337）: count: None -> 10; variety: None -> 8
2026-04-22 20:01:52,833 - INFO - 
批量更新 1 个单词的统计结果
2026-04-22 20:01:52,833 - INFO - 
数据库连接已关闭
2026-04-22 20:02:34,455 - INFO - 开始执行单词分类更新
2026-04-22 20:02:34,455 - INFO - 数据库中的表: ['sqlite_sequence', 'songs', 'phrase', 'Signature', 'interj.', 'v.', 'n.', 'adj.', 'adv.', 'art.', 'prep.', 'pron.', 'num.', 'conj.', 'no_class', 'raw', 'dictionary', 'Album1', 'Album2', 'Album3', 'Single', 'All_words', 'Unknown', 'test']
2026-04-22 20:02:34,455 - INFO - 开始处理有词性的单词
2026-04-22 20:02:34,586 - INFO - 插入单词 'Koll' 到表 'adv.'
2026-04-22 20:02:34,596 - INFO - 
有词性单词处理完成！
  - 处理单词数量: 1308
  - 创建表数量: 0
  - 插入: 1 个
  - 更新: 0 个
2026-04-22 20:02:34,600 - INFO - 开始处理没有词性的单词
2026-04-22 20:02:34,608 - INFO - 找到 29 个没有词性的单词
2026-04-22 20:02:34,608 - INFO - 
无词性单词处理完成！
  - 插入: 0 个
  - 更新: 0 个
2026-04-22 20:02:34,611 - INFO - 
数据分类完成!
2026-04-22 20:02:34,611 - INFO - 数据库连接已关闭
2026-05-03 23:25:37,022 - INFO - 开始执行单词词频更新
2026-05-03 23:25:37,022 - INFO - 成功连接到数据库
2026-05-03 23:25:37,025 - INFO - 找到 1338 个有效单词
2026-05-03 23:25:37,141 - INFO - 歌词处理完成，共处理 53 条有效歌词
2026-05-03 23:25:37,156 - INFO - 
没有需要更新的统计数据
2026-05-03 23:25:37,157 - INFO - 
数据库连接已关闭
