2026-03-11 20:18:15,452 - INFO - 日志文件已配置: C:\Users\25307\Desktop\Alician_dictionary-26_2_18\update_checker.log
2026-03-11 20:18:15,526 - INFO - 开始后台检查更新...
2026-03-11 20:18:15,527 - INFO - 本地数据库文件SHA1值: 2c936d271dadbf7532d9476c252a653092f9879d
2026-03-11 20:18:26,009 - ERROR - 从https://raw.githubusercontent.com/Meartraep/Alician_dictionary/main/translated.db获取文件内容失败: HTTPSConnectionPool(host='raw.githubusercontent.com', port=443): Read timed out. (read timeout=10)
2026-03-11 20:30:29,741 - INFO - 日志文件已配置: C:\Users\25307\Desktop\Alician_dictionary-26_2_18\update_checker.log
2026-03-11 20:30:29,789 - INFO - 开始后台检查更新...
2026-03-11 20:30:29,791 - INFO - 本地数据库文件SHA1值: 2c936d271dadbf7532d9476c252a653092f9879d
2026-03-14 16:12:40,916 - INFO - 日志文件已配置: C:\Users\25307\Desktop\Alician_dictionary-26_2_18\update_checker.log
2026-03-14 16:12:41,101 - INFO - 开始后台检查更新...
2026-03-14 16:12:41,105 - INFO - 本地数据库文件SHA1值: a44d708de4cbcaa0045c77d357af664e36ec3625
2026-03-14 16:12:46,770 - INFO - 日志文件已配置: C:\Users\25307\Desktop\Alician_dictionary-26_2_18\update_checker.log
2026-03-14 16:12:46,816 - INFO - 开始后台检查更新...
2026-03-14 16:12:46,817 - INFO - 本地数据库文件SHA1值: a44d708de4cbcaa0045c77d357af664e36ec3625
2026-03-14 16:40:15,369 - INFO - 日志文件已配置: C:\Users\25307\Desktop\Alician_dictionary-26_2_18\update_checker.log
2026-03-14 16:40:15,417 - INFO - 开始后台检查更新...
2026-03-14 16:40:15,417 - INFO - 本地数据库文件SHA1值: a44d708de4cbcaa0045c77d357af664e36ec3625
2026-03-14 16:40:16,503 - INFO - 从https://raw.githubusercontent.com/Meartraep/Alician_dictionary/main/translated.db获取文件内容成功，大小: 708608字节
2026-03-14 16:40:16,505 - INFO - 检测到更新: 本地SHA1=a44d708de4cbcaa0045c77d357af664e36ec3625, 远程SHA1=2c936d271dadbf7532d9476c252a653092f9879d
2026-03-14 16:40:16,505 - INFO - 后台检查完成，需要更新: True
2026-03-18 21:38:12,111 - INFO - 日志文件已配置: C:\Users\25307\Desktop\Alician_dictionary-26_2_18\update_checker.log
2026-03-18 21:38:12,295 - INFO - 开始后台检查更新...
2026-03-18 21:38:12,302 - INFO - 本地数据库文件SHA1值: 8681b3631d19336459596d7d06dd2f14cf8366ce
2026-03-18 21:38:33,057 - INFO - 从https://raw.githubusercontent.com/Meartraep/Alician_dictionary/main/translated.db获取文件内容成功，大小: 708608字节
2026-03-18 21:38:33,075 - INFO - 检测到更新: 本地SHA1=8681b3631d19336459596d7d06dd2f14cf8366ce, 远程SHA1=2c936d271dadbf7532d9476c252a653092f9879d
2026-03-18 21:38:33,075 - INFO - 后台检查完成，需要更新: True
2026-03-18 21:38:46,317 - INFO - 日志文件已配置: C:\Users\25307\Desktop\Alician_dictionary-26_2_18\update_checker.log
2026-03-18 21:38:46,361 - INFO - 开始后台检查更新...
2026-03-18 21:38:46,361 - INFO - 本地数据库文件SHA1值: 8681b3631d19336459596d7d06dd2f14cf8366ce
2026-03-18 21:38:56,783 - ERROR - 从https://raw.githubusercontent.com/Meartraep/Alician_dictionary/main/translated.db获取文件内容失败: HTTPSConnectionPool(host='raw.githubusercontent.com', port=443): Read timed out. (read timeout=10)
2026-03-18 21:39:16,835 - ERROR - 从https://mirror.ghproxy.com/https://raw.githubusercontent.com/Meartraep/Alician_dictionary/main/translated.db获取文件内容失败: HTTPSConnectionPool(host='mirror.ghproxy.com', port=443): Max retries exceeded with url: /https://raw.githubusercontent.com/Meartraep/Alician_dictionary/main/translated.db (Caused by ConnectTimeoutError(<HTTPSConnection(host='mirror.ghproxy.com', port=443) at 0x25af3521910>, 'Connection to mirror.ghproxy.com timed out. (connect timeout=10)'))
2026-03-18 21:39:16,835 - WARNING - 无法获取GitHub文件内容
2026-03-18 21:39:16,835 - INFO - 方法1失败，尝试方法2
2026-03-18 21:39:18,361 - INFO - 从https://api.github.com/repos/Meartraep/Alician_dictionary/contents/translated.db获取SHA值成功: 110e7ef02b283ae4d54607cb5d89b3e7efdf36df
2026-03-18 21:39:45,024 - INFO - 从https://raw.githubusercontent.com/Meartraep/Alician_dictionary/main/translated.db获取文件内容成功，大小: 708608字节
2026-03-18 21:39:45,024 - INFO - 检测到更新: 本地SHA1=8681b3631d19336459596d7d06dd2f14cf8366ce
2026-03-18 21:39:45,024 - INFO - 后台检查完成，需要更新: True
2026-03-18 21:43:18,783 - INFO - 日志文件已配置: C:\Users\25307\Desktop\Alician_dictionary-26_2_18\update_checker.log
2026-03-18 21:43:18,830 - INFO - 开始后台检查更新...
2026-03-18 21:43:18,830 - INFO - 本地数据库文件SHA1值: 8681b3631d19336459596d7d06dd2f14cf8366ce
2026-03-18 21:43:29,290 - ERROR - 从https://raw.githubusercontent.com/Meartraep/Alician_dictionary/main/translated.db获取文件内容失败: HTTPSConnectionPool(host='raw.githubusercontent.com', port=443): Read timed out. (read timeout=10)
2026-03-18 21:43:49,306 - ERROR - 从https://mirror.ghproxy.com/https://raw.githubusercontent.com/Meartraep/Alician_dictionary/main/translated.db获取文件内容失败: HTTPSConnectionPool(host='mirror.ghproxy.com', port=443): Max retries exceeded with url: /https://raw.githubusercontent.com/Meartraep/Alician_dictionary/main/translated.db (Caused by ConnectTimeoutError(<HTTPSConnection(host='mirror.ghproxy.com', port=443) at 0x284af233fd0>, 'Connection to mirror.ghproxy.com timed out. (connect timeout=10)'))
2026-03-18 21:43:49,306 - WARNING - 无法获取GitHub文件内容
2026-03-18 21:43:49,306 - INFO - 方法1失败，尝试方法2
2026-03-18 21:43:51,436 - INFO - 从https://api.github.com/repos/Meartraep/Alician_dictionary/contents/translated.db获取SHA值成功: 110e7ef02b283ae4d54607cb5d89b3e7efdf36df
2026-03-18 21:44:10,233 - INFO - 从https://raw.githubusercontent.com/Meartraep/Alician_dictionary/main/translated.db获取文件内容成功，大小: 708608字节
2026-03-18 21:44:10,233 - INFO - 检测到更新: 本地SHA1=8681b3631d19336459596d7d06dd2f14cf8366ce
2026-03-18 21:44:10,233 - INFO - 后台检查完成，需要更新: True
2026-04-11 21:25:59,415 - INFO - 日志文件已配置: C:\Users\25307\Desktop\Alician_dictionary-26_2_18\update_checker.log
2026-04-11 21:25:59,474 - INFO - 开始后台检查更新...
2026-04-11 21:25:59,480 - INFO - 本地数据库文件SHA1值: 8681b3631d19336459596d7d06dd2f14cf8366ce
2026-04-18 16:39:09,522 - INFO - 日志文件已配置: C:\Users\25307\Desktop\Alician_dictionary-26_2_18\update_checker.log
2026-04-18 16:39:10,089 - INFO - 开始后台检查更新...
2026-04-18 16:39:10,095 - INFO - 本地数据库文件SHA1值: 8681b3631d19336459596d7d06dd2f14cf8366ce
2026-04-18 16:39:20,925 - ERROR - 从https://raw.githubusercontent.com/Meartraep/Alician_dictionary/main/translated.db获取文件内容失败: HTTPSConnectionPool(host='raw.githubusercontent.com', port=443): Read timed out.
2026-04-18 16:39:30,937 - ERROR - 从https://mirror.ghproxy.com/https://raw.githubusercontent.com/Meartraep/Alician_dictionary/main/translated.db获取文件内容失败: HTTPSConnectionPool(host='mirror.ghproxy.com', port=443): Max retries exceeded with url: /https://raw.githubusercontent.com/Meartraep/Alician_dictionary/main/translated.db (Caused by ConnectTimeoutError(<urllib3.connection.HTTPSConnection object at 0x0000025AB5DC0450>, 'Connection to mirror.ghproxy.com timed out. (connect timeout=10)'))
2026-04-18 16:39:30,937 - WARNING - 无法获取GitHub文件内容
2026-04-18 16:39:30,938 - INFO - 方法1失败，尝试方法2
2026-04-18 16:39:44,389 - INFO - 从https://api.github.com/repos/Meartraep/Alician_dictionary/contents/translated.db获取SHA值成功: bb2a15e9bf9b4d1792aa70c544f384b5eab30f52
2026-04-18 16:39:48,407 - INFO - 从https://raw.githubusercontent.com/Meartraep/Alician_dictionary/main/translated.db获取文件内容成功，大小: 712704字节
2026-04-18 16:39:48,407 - INFO - 检测到更新: 本地SHA1=8681b3631d19336459596d7d06dd2f14cf8366ce
2026-04-18 16:39:48,407 - INFO - 后台检查完成，需要更新: True
2026-04-22 10:08:03,095 - INFO - 日志文件已配置: C:\Users\25307\Desktop\Alician_dictionary-26_2_18\update_checker.log
2026-04-22 10:08:03,192 - INFO - 开始后台检查更新...
2026-04-22 10:08:03,197 - INFO - 本地数据库文件SHA1值: 8681b3631d19336459596d7d06dd2f14cf8366ce
2026-04-22 10:08:04,416 - INFO - 从https://raw.githubusercontent.com/Meartraep/Alician_dictionary/main/translated.db获取文件内容成功，大小: 712704字节
2026-04-22 10:08:04,416 - INFO - 检测到更新: 本地SHA1=8681b3631d19336459596d7d06dd2f14cf8366ce, 远程SHA1=d469cf279f7d6885a636054338017cb9e0636b77
2026-04-22 10:08:04,417 - INFO - 后台检查完成，需要更新: True
2026-04-22 10:08:47,660 - INFO - 日志文件已配置: C:\Users\25307\Desktop\Alician_dictionary-26_2_18\update_checker.log
2026-04-22 10:08:47,723 - INFO - 开始后台检查更新...
2026-04-22 10:08:47,724 - INFO - 本地数据库文件SHA1值: 8681b3631d19336459596d7d06dd2f14cf8366ce
2026-04-22 10:08:48,694 - INFO - 从https://raw.githubusercontent.com/Meartraep/Alician_dictionary/main/translated.db获取文件内容成功，大小: 712704字节
2026-04-22 10:08:48,694 - INFO - 检测到更新: 本地SHA1=8681b3631d19336459596d7d06dd2f14cf8366ce, 远程SHA1=d469cf279f7d6885a636054338017cb9e0636b77
2026-04-22 10:08:48,694 - INFO - 后台检查完成，需要更新: True
2026-04-22 16:21:22,512 - INFO - 日志文件已配置: C:\Users\25307\Desktop\Alician_dictionary-26_2_18\update_checker.log
2026-04-22 16:21:22,607 - INFO - 开始后台检查更新...
2026-04-22 16:21:22,609 - INFO - 本地数据库文件SHA1值: 8681b3631d19336459596d7d06dd2f14cf8366ce
2026-04-22 16:21:23,705 - INFO - 从https://raw.githubusercontent.com/Meartraep/Alician_dictionary/main/translated.db获取文件内容成功，大小: 712704字节
2026-04-22 16:21:23,706 - INFO - 检测到更新: 本地SHA1=8681b3631d19336459596d7d06dd2f14cf8366ce, 远程SHA1=d469cf279f7d6885a636054338017cb9e0636b77
2026-04-22 16:21:23,706 - INFO - 后台检查完成，需要更新: True
2026-04-22 19:22:34,827 - INFO - 日志文件已配置: C:\Users\25307\Desktop\Alician_dictionary-26_2_18\update_checker.log
2026-04-22 19:22:35,032 - INFO - 开始后台检查更新...
2026-04-22 19:22:35,036 - INFO - 本地数据库文件SHA1值: 8681b3631d19336459596d7d06dd2f14cf8366ce
2026-04-22 19:22:36,673 - INFO - 从https://raw.githubusercontent.com/Meartraep/Alician_dictionary/main/translated.db获取文件内容成功，大小: 712704字节
2026-04-22 19:22:36,675 - INFO - 检测到更新: 本地SHA1=8681b3631d19336459596d7d06dd2f14cf8366ce, 远程SHA1=d469cf279f7d6885a636054338017cb9e0636b77
2026-04-22 19:22:36,675 - INFO - 后台检查完成，需要更新: True
2026-04-22 19:50:53,042 - INFO - 日志文件已配置: C:\Users\25307\Desktop\Alician_dictionary-26_2_18\update_checker.log
2026-04-22 19:50:53,506 - INFO - 开始后台检查更新...
2026-04-22 19:50:53,516 - INFO - 本地数据库文件SHA1值: 8681b3631d19336459596d7d06dd2f14cf8366ce
2026-04-22 19:50:55,146 - INFO - 从https://raw.githubusercontent.com/Meartraep/Alician_dictionary/main/translated.db获取文件内容成功，大小: 712704字节
2026-04-22 19:50:55,146 - INFO - 检测到更新: 本地SHA1=8681b3631d19336459596d7d06dd2f14cf8366ce, 远程SHA1=d469cf279f7d6885a636054338017cb9e0636b77
2026-04-22 19:50:55,146 - INFO - 后台检查完成，需要更新: True
2026-04-22 20:12:33,013 - INFO - 日志文件已配置: C:\Users\25307\Desktop\Alician_dictionary-26_2_18\update_checker.log
2026-04-22 20:12:33,181 - INFO - 开始后台检查更新...
2026-04-22 20:12:33,185 - INFO - 本地数据库文件SHA1值: ce2dcb4923579de7ac4302995075ed13cdb827f0
2026-04-22 20:12:34,518 - INFO - 从https://raw.githubusercontent.com/Meartraep/Alician_dictionary/main/translated.db获取文件内容成功，大小: 712704字节
2026-04-22 20:12:34,518 - INFO - 检测到更新: 本地SHA1=ce2dcb4923579de7ac4302995075ed13cdb827f0, 远程SHA1=d469cf279f7d6885a636054338017cb9e0636b77
2026-04-22 20:12:34,518 - INFO - 后台检查完成，需要更新: True
2026-04-22 20:13:47,024 - INFO - 日志文件已配置: C:\Users\25307\Desktop\Alician_dictionary-26_2_18\update_checker.log
2026-04-22 20:13:47,202 - INFO - 开始后台检查更新...
2026-04-22 20:13:47,205 - INFO - 本地数据库文件SHA1值: ce2dcb4923579de7ac4302995075ed13cdb827f0
2026-04-22 20:13:48,221 - INFO - 从https://raw.githubusercontent.com/Meartraep/Alician_dictionary/main/translated.db获取文件内容成功，大小: 712704字节
2026-04-22 20:13:48,222 - INFO - 检测到更新: 本地SHA1=ce2dcb4923579de7ac4302995075ed13cdb827f0, 远程SHA1=d469cf279f7d6885a636054338017cb9e0636b77
2026-04-22 20:13:48,222 - INFO - 后台检查完成，需要更新: True
2026-04-22 20:18:29,886 - INFO - 日志文件已配置: C:\Users\25307\Desktop\Alician_dictionary-26_2_18\update_checker.log
2026-04-22 20:18:30,055 - INFO - 开始后台检查更新...
2026-04-22 20:18:30,058 - INFO - 本地数据库文件SHA1值: ce2dcb4923579de7ac4302995075ed13cdb827f0
2026-04-22 20:18:31,289 - INFO - 从https://raw.githubusercontent.com/Meartraep/Alician_dictionary/main/translated.db获取文件内容成功，大小: 712704字节
2026-04-22 20:18:31,289 - INFO - 检测到更新: 本地SHA1=ce2dcb4923579de7ac4302995075ed13cdb827f0, 远程SHA1=d469cf279f7d6885a636054338017cb9e0636b77
2026-04-22 20:18:31,289 - INFO - 后台检查完成，需要更新: True
2026-04-22 20:19:36,292 - INFO - 日志文件已配置: C:\Users\25307\Desktop\Alician_dictionary-26_2_18\update_checker.log
2026-04-22 20:19:36,434 - INFO - 开始后台检查更新...
2026-04-22 20:19:36,437 - INFO - 本地数据库文件SHA1值: ce2dcb4923579de7ac4302995075ed13cdb827f0
2026-04-22 20:19:37,400 - INFO - 从https://raw.githubusercontent.com/Meartraep/Alician_dictionary/main/translated.db获取文件内容成功，大小: 712704字节
2026-04-22 20:19:37,400 - INFO - 检测到更新: 本地SHA1=ce2dcb4923579de7ac4302995075ed13cdb827f0, 远程SHA1=d469cf279f7d6885a636054338017cb9e0636b77
2026-04-22 20:19:37,400 - INFO - 后台检查完成，需要更新: True
2026-04-22 20:19:55,997 - INFO - 日志文件已配置: C:\Users\25307\Desktop\Alician_dictionary-26_2_18\update_checker.log
2026-04-22 20:19:56,150 - INFO - 开始后台检查更新...
2026-04-22 20:19:56,152 - INFO - 本地数据库文件SHA1值: ce2dcb4923579de7ac4302995075ed13cdb827f0
2026-04-22 20:19:57,175 - INFO - 从https://raw.githubusercontent.com/Meartraep/Alician_dictionary/main/translated.db获取文件内容成功，大小: 712704字节
2026-04-22 20:19:57,177 - INFO - 检测到更新: 本地SHA1=ce2dcb4923579de7ac4302995075ed13cdb827f0, 远程SHA1=d469cf279f7d6885a636054338017cb9e0636b77
2026-04-22 20:19:57,177 - INFO - 后台检查完成，需要更新: True
2026-04-22 20:30:12,003 - INFO - 日志文件已配置: C:\Users\25307\Desktop\Alician_dictionary-26_2_18\update_checker.log
2026-04-22 20:30:12,248 - INFO - 开始后台检查更新...
2026-04-22 20:30:12,251 - INFO - 本地数据库文件SHA1值: ce2dcb4923579de7ac4302995075ed13cdb827f0
2026-04-22 20:30:24,538 - ERROR - 从https://raw.githubusercontent.com/Meartraep/Alician_dictionary/main/translated.db获取文件内容失败: HTTPSConnectionPool(host='raw.githubusercontent.com', port=443): Read timed out.
2026-04-22 20:30:44,620 - ERROR - 从https://mirror.ghproxy.com/https://raw.githubusercontent.com/Meartraep/Alician_dictionary/main/translated.db获取文件内容失败: HTTPSConnectionPool(host='mirror.ghproxy.com', port=443): Max retries exceeded with url: /https://raw.githubusercontent.com/Meartraep/Alician_dictionary/main/translated.db (Caused by ConnectTimeoutError(<urllib3.connection.HTTPSConnection object at 0x00000197C1698D90>, 'Connection to mirror.ghproxy.com timed out. (connect timeout=10)'))
2026-04-22 20:30:44,622 - WARNING - 无法获取GitHub文件内容
2026-04-22 20:30:44,622 - INFO - 方法1失败，尝试方法2
2026-04-22 20:30:46,659 - INFO - 从https://api.github.com/repos/Meartraep/Alician_dictionary/contents/translated.db获取SHA值成功: bb2a15e9bf9b4d1792aa70c544f384b5eab30f52
2026-04-22 20:44:19,712 - INFO - 日志文件已配置: C:\Users\25307\Desktop\Alician_dictionary-26_2_18\update_checker.log
2026-04-22 20:44:19,881 - INFO - 开始后台检查更新...
2026-04-22 20:44:19,885 - INFO - 本地数据库文件SHA1值: ce2dcb4923579de7ac4302995075ed13cdb827f0
2026-04-22 20:44:31,640 - ERROR - 从https://raw.githubusercontent.com/Meartraep/Alician_dictionary/main/translated.db获取文件内容失败: HTTPSConnectionPool(host='raw.githubusercontent.com', port=443): Read timed out. (read timeout=10)
2026-04-22 20:44:51,730 - ERROR - 从https://mirror.ghproxy.com/https://raw.githubusercontent.com/Meartraep/Alician_dictionary/main/translated.db获取文件内容失败: HTTPSConnectionPool(host='mirror.ghproxy.com', port=443): Max retries exceeded with url: /https://raw.githubusercontent.com/Meartraep/Alician_dictionary/main/translated.db (Caused by ConnectTimeoutError(<urllib3.connection.HTTPSConnection object at 0x0000020FCE2FAE50>, 'Connection to mirror.ghproxy.com timed out. (connect timeout=10)'))
2026-04-22 20:44:51,732 - WARNING - 无法获取GitHub文件内容
2026-04-22 20:44:51,732 - INFO - 方法1失败，尝试方法2
2026-04-22 20:44:54,831 - INFO - 从https://api.github.com/repos/Meartraep/Alician_dictionary/contents/translated.db获取SHA值成功: bb2a15e9bf9b4d1792aa70c544f384b5eab30f52
2026-04-22 20:45:06,626 - ERROR - 从https://raw.githubusercontent.com/Meartraep/Alician_dictionary/main/translated.db获取文件内容失败: HTTPSConnectionPool(host='raw.githubusercontent.com', port=443): Read timed out. (read timeout=10)
2026-04-22 20:45:26,653 - ERROR - 从https://mirror.ghproxy.com/https://raw.githubusercontent.com/Meartraep/Alician_dictionary/main/translated.db获取文件内容失败: HTTPSConnectionPool(host='mirror.ghproxy.com', port=443): Max retries exceeded with url: /https://raw.githubusercontent.com/Meartraep/Alician_dictionary/main/translated.db (Caused by ConnectTimeoutError(<urllib3.connection.HTTPSConnection object at 0x0000020FCE300B90>, 'Connection to mirror.ghproxy.com timed out. (connect timeout=10)'))
2026-04-22 20:45:26,654 - WARNING - 无法获取GitHub文件内容
2026-04-22 20:45:26,654 - WARNING - 无法获取文件内容，跳过更新
2026-04-22 20:45:26,654 - INFO - 后台检查完成，需要更新: False
2026-04-24 20:13:20,727 - INFO - 日志文件已配置: C:\Users\25307\Desktop\Alician_dictionary-26_2_18\update_checker.log
2026-04-24 20:13:20,908 - INFO - 开始后台检查更新...
2026-04-24 20:13:20,910 - INFO - 本地数据库文件SHA1值: 8284d77d980cdd6a5dd13827c92f339164ba13f3
2026-04-24 20:13:21,990 - INFO - 从https://raw.githubusercontent.com/Meartraep/Alician_dictionary/main/translated.db获取文件内容成功，大小: 712704字节
2026-04-24 20:13:21,991 - INFO - 检测到更新: 本地SHA1=8284d77d980cdd6a5dd13827c92f339164ba13f3, 远程SHA1=d469cf279f7d6885a636054338017cb9e0636b77
2026-04-24 20:13:21,991 - INFO - 后台检查完成，需要更新: True
2026-04-24 20:15:03,903 - INFO - 日志文件已配置: C:\Users\25307\Desktop\Alician_dictionary-26_2_18\update_checker.log
2026-04-24 20:15:03,956 - INFO - 开始后台检查更新...
2026-04-24 20:15:03,957 - INFO - 本地数据库文件SHA1值: 8284d77d980cdd6a5dd13827c92f339164ba13f3
2026-04-24 20:15:04,792 - INFO - 从https://raw.githubusercontent.com/Meartraep/Alician_dictionary/main/translated.db获取文件内容成功，大小: 712704字节
2026-04-24 20:15:04,793 - INFO - 检测到更新: 本地SHA1=8284d77d980cdd6a5dd13827c92f339164ba13f3, 远程SHA1=d469cf279f7d6885a636054338017cb9e0636b77
2026-04-24 20:15:04,793 - INFO - 后台检查完成，需要更新: True
2026-04-24 20:24:04,131 - INFO - 日志文件已配置: C:\Users\25307\Desktop\Alician_dictionary-26_2_18\update_checker.log
2026-04-24 20:24:04,198 - INFO - 开始后台检查更新...
2026-04-24 20:24:04,199 - INFO - 本地数据库文件SHA1值: 8284d77d980cdd6a5dd13827c92f339164ba13f3
2026-04-24 20:24:05,183 - INFO - 从https://raw.githubusercontent.com/Meartraep/Alician_dictionary/main/translated.db获取文件内容成功，大小: 712704字节
2026-04-24 20:24:05,185 - INFO - 检测到更新: 本地SHA1=8284d77d980cdd6a5dd13827c92f339164ba13f3, 远程SHA1=d469cf279f7d6885a636054338017cb9e0636b77
2026-04-24 20:24:05,185 - INFO - 后台检查完成，需要更新: True
2026-04-24 21:29:18,974 - INFO - 日志文件已配置: C:\Users\25307\Desktop\Alician_dictionary-26_2_18\update_checker.log
2026-04-24 21:29:19,039 - INFO - 开始后台检查更新...
2026-04-24 21:29:19,041 - INFO - 本地数据库文件SHA1值: 8284d77d980cdd6a5dd13827c92f339164ba13f3
2026-04-24 21:29:20,162 - INFO - 从https://raw.githubusercontent.com/Meartraep/Alician_dictionary/main/translated.db获取文件内容成功，大小: 712704字节
2026-04-24 21:29:20,163 - INFO - 检测到更新: 本地SHA1=8284d77d980cdd6a5dd13827c92f339164ba13f3, 远程SHA1=d469cf279f7d6885a636054338017cb9e0636b77
2026-04-24 21:29:20,163 - INFO - 后台检查完成，需要更新: True
2026-04-24 21:40:43,853 - INFO - 日志文件已配置: C:\Users\25307\Desktop\Alician_dictionary-26_2_18\update_checker.log
2026-04-24 21:40:43,916 - INFO - 开始后台检查更新...
2026-04-24 21:40:43,917 - INFO - 本地数据库文件SHA1值: 8284d77d980cdd6a5dd13827c92f339164ba13f3
2026-04-24 21:40:44,966 - INFO - 从https://raw.githubusercontent.com/Meartraep/Alician_dictionary/main/translated.db获取文件内容成功，大小: 712704字节
2026-04-24 21:40:44,967 - INFO - 检测到更新: 本地SHA1=8284d77d980cdd6a5dd13827c92f339164ba13f3, 远程SHA1=d469cf279f7d6885a636054338017cb9e0636b77
2026-04-24 21:40:44,967 - INFO - 后台检查完成，需要更新: True
2026-04-24 21:43:58,581 - INFO - 日志文件已配置: C:\Users\25307\Desktop\Alician_dictionary-26_2_18\update_checker.log
2026-04-24 21:43:58,634 - INFO - 开始后台检查更新...
2026-04-24 21:43:58,636 - INFO - 本地数据库文件SHA1值: 8284d77d980cdd6a5dd13827c92f339164ba13f3
2026-04-24 21:43:59,695 - INFO - 从https://raw.githubusercontent.com/Meartraep/Alician_dictionary/main/translated.db获取文件内容成功，大小: 712704字节
2026-04-24 21:43:59,696 - INFO - 检测到更新: 本地SHA1=8284d77d980cdd6a5dd13827c92f339164ba13f3, 远程SHA1=d469cf279f7d6885a636054338017cb9e0636b77
2026-04-24 21:43:59,696 - INFO - 后台检查完成，需要更新: True
2026-04-24 21:50:54,837 - INFO - 日志文件已配置: C:\Users\25307\Desktop\Alician_dictionary-26_2_18\update_checker.log
2026-04-24 21:50:54,903 - INFO - 开始后台检查更新...
2026-04-24 21:50:54,904 - INFO - 本地数据库文件SHA1值: 8284d77d980cdd6a5dd13827c92f339164ba13f3
2026-04-24 21:50:55,912 - INFO - 从https://raw.githubusercontent.com/Meartraep/Alician_dictionary/main/translated.db获取文件内容成功，大小: 712704字节
2026-04-24 21:50:55,913 - INFO - 检测到更新: 本地SHA1=8284d77d980cdd6a5dd13827c92f339164ba13f3, 远程SHA1=d469cf279f7d6885a636054338017cb9e0636b77
2026-04-24 21:50:55,913 - INFO - 后台检查完成，需要更新: True
2026-04-24 21:59:37,277 - INFO - 日志文件已配置: C:\Users\25307\Desktop\Alician_dictionary-26_2_18\update_checker.log
2026-04-24 21:59:37,344 - INFO - 开始后台检查更新...
2026-04-24 21:59:37,346 - INFO - 本地数据库文件SHA1值: 8284d77d980cdd6a5dd13827c92f339164ba13f3
2026-04-24 21:59:38,357 - INFO - 从https://raw.githubusercontent.com/Meartraep/Alician_dictionary/main/translated.db获取文件内容成功，大小: 712704字节
2026-04-24 21:59:38,358 - INFO - 检测到更新: 本地SHA1=8284d77d980cdd6a5dd13827c92f339164ba13f3, 远程SHA1=d469cf279f7d6885a636054338017cb9e0636b77
2026-04-24 21:59:38,358 - INFO - 后台检查完成，需要更新: True
2026-04-24 22:02:41,224 - INFO - 日志文件已配置: C:\Users\25307\Desktop\Alician_dictionary-26_2_18\update_checker.log
2026-04-24 22:02:41,276 - INFO - 开始后台检查更新...
2026-04-24 22:02:41,277 - INFO - 本地数据库文件SHA1值: 8284d77d980cdd6a5dd13827c92f339164ba13f3
2026-04-24 22:02:42,107 - INFO - 从https://raw.githubusercontent.com/Meartraep/Alician_dictionary/main/translated.db获取文件内容成功，大小: 712704字节
2026-04-24 22:02:42,109 - INFO - 检测到更新: 本地SHA1=8284d77d980cdd6a5dd13827c92f339164ba13f3, 远程SHA1=d469cf279f7d6885a636054338017cb9e0636b77
2026-04-24 22:02:42,109 - INFO - 后台检查完成，需要更新: True
2026-04-24 22:03:07,834 - INFO - 日志文件已配置: C:\Users\25307\Desktop\Alician_dictionary-26_2_18\update_checker.log
2026-04-24 22:03:07,889 - INFO - 开始后台检查更新...
2026-04-24 22:03:07,891 - INFO - 本地数据库文件SHA1值: 8284d77d980cdd6a5dd13827c92f339164ba13f3
2026-04-24 22:03:08,719 - INFO - 从https://raw.githubusercontent.com/Meartraep/Alician_dictionary/main/translated.db获取文件内容成功，大小: 712704字节
2026-04-24 22:03:08,720 - INFO - 检测到更新: 本地SHA1=8284d77d980cdd6a5dd13827c92f339164ba13f3, 远程SHA1=d469cf279f7d6885a636054338017cb9e0636b77
2026-04-24 22:03:08,720 - INFO - 后台检查完成，需要更新: True
2026-04-24 23:02:17,206 - INFO - 日志文件已配置: C:\Users\25307\Desktop\Alician_dictionary-26_2_18\update_checker.log
2026-04-24 23:02:17,207 - INFO - 开始后台检查更新...
2026-04-24 23:02:17,209 - INFO - 本地数据库文件SHA1值: 8284d77d980cdd6a5dd13827c92f339164ba13f3
2026-04-24 23:02:18,305 - INFO - 从https://raw.githubusercontent.com/Meartraep/Alician_dictionary/main/translated.db获取文件内容成功，大小: 712704字节
2026-04-24 23:02:18,306 - INFO - 检测到更新: 本地SHA1=8284d77d980cdd6a5dd13827c92f339164ba13f3, 远程SHA1=d469cf279f7d6885a636054338017cb9e0636b77
2026-04-24 23:02:18,307 - INFO - 后台检查完成，需要更新: True
2026-04-24 23:44:44,564 - INFO - 日志文件已配置: C:\Users\25307\Desktop\Alician_dictionary-26_2_18\update_checker.log
2026-04-24 23:44:44,564 - INFO - 开始后台检查更新...
2026-04-24 23:44:44,566 - INFO - 本地数据库文件SHA1值: 8284d77d980cdd6a5dd13827c92f339164ba13f3
2026-04-24 23:44:45,588 - INFO - 从https://raw.githubusercontent.com/Meartraep/Alician_dictionary/main/translated.db获取文件内容成功，大小: 712704字节
2026-04-24 23:44:45,589 - INFO - 检测到更新: 本地SHA1=8284d77d980cdd6a5dd13827c92f339164ba13f3, 远程SHA1=d469cf279f7d6885a636054338017cb9e0636b77
2026-04-24 23:44:45,589 - INFO - 后台检查完成，需要更新: True
2026-04-24 23:58:25,509 - INFO - 开始执行更新...
2026-04-24 23:58:25,512 - INFO - 本地数据库文件SHA1值: d469cf279f7d6885a636054338017cb9e0636b77
2026-04-24 23:58:25,512 - INFO - 从GitHub更新成功，更新后SHA1值: d469cf279f7d6885a636054338017cb9e0636b77
2026-04-24 23:58:27,872 - INFO - 日志文件已配置: C:\Users\25307\Desktop\Alician_dictionary-26_2_18\update_checker.log
2026-04-24 23:58:27,873 - INFO - 开始后台检查更新...
2026-04-24 23:58:27,874 - INFO - 本地数据库文件SHA1值: d469cf279f7d6885a636054338017cb9e0636b77
2026-04-24 23:58:29,376 - INFO - 从https://raw.githubusercontent.com/Meartraep/Alician_dictionary/main/translated.db获取文件内容成功，大小: 712704字节
2026-04-24 23:58:29,378 - INFO - 数据库文件已是最新版本: SHA1=d469cf279f7d6885a636054338017cb9e0636b77
2026-04-24 23:58:29,378 - INFO - 后台检查完成，需要更新: False
2026-04-25 00:00:50,195 - INFO - 无需更新
2026-04-25 00:05:36,841 - INFO - 日志文件已配置: C:\Users\25307\Desktop\Alician_dictionary-26_2_18\update_checker.log
2026-04-25 00:05:36,842 - INFO - 开始后台检查更新...
2026-04-25 00:05:36,844 - INFO - 本地数据库文件SHA1值: d469cf279f7d6885a636054338017cb9e0636b77
2026-04-25 00:05:37,984 - INFO - 从https://raw.githubusercontent.com/Meartraep/Alician_dictionary/main/translated.db获取文件内容成功，大小: 712704字节
2026-04-25 00:05:37,985 - INFO - 数据库文件已是最新版本: SHA1=d469cf279f7d6885a636054338017cb9e0636b77
2026-04-25 00:05:37,986 - INFO - 后台检查完成，需要更新: False
2026-04-25 00:47:01,370 - INFO - 日志文件已配置: C:\Users\25307\Desktop\Alician_dictionary-26_2_18\update_checker.log
2026-04-25 00:47:01,371 - INFO - 开始后台检查更新...
2026-04-25 00:47:01,373 - INFO - 本地数据库文件SHA1值: d469cf279f7d6885a636054338017cb9e0636b77
2026-04-25 00:47:02,402 - INFO - 从https://raw.githubusercontent.com/Meartraep/Alician_dictionary/main/translated.db获取文件内容成功，大小: 712704字节
2026-04-25 00:47:02,403 - INFO - 数据库文件已是最新版本: SHA1=d469cf279f7d6885a636054338017cb9e0636b77
2026-04-25 00:47:02,403 - INFO - 后台检查完成，需要更新: False
2026-04-25 01:04:38,817 - INFO - 日志文件已配置: C:\Users\25307\Desktop\Alician_dictionary-26_2_18\update_checker.log
2026-04-25 01:04:38,818 - INFO - 开始后台检查更新...
2026-04-25 01:04:38,819 - INFO - 本地数据库文件SHA1值: d469cf279f7d6885a636054338017cb9e0636b77
2026-04-25 01:04:39,895 - INFO - 从https://raw.githubusercontent.com/Meartraep/Alician_dictionary/main/translated.db获取文件内容成功，大小: 712704字节
2026-04-25 01:04:39,901 - INFO - 数据库文件已是最新版本: SHA1=d469cf279f7d6885a636054338017cb9e0636b77
2026-04-25 01:04:39,901 - INFO - 后台检查完成，需要更新: False
2026-04-25 01:10:59,350 - INFO - 日志文件已配置: C:\Users\25307\Desktop\Alician_dictionary-26_2_18\update_checker.log
2026-04-25 01:10:59,351 - INFO - 开始后台检查更新...
2026-04-25 01:10:59,353 - INFO - 本地数据库文件SHA1值: d469cf279f7d6885a636054338017cb9e0636b77
2026-04-25 01:11:00,447 - INFO - 从https://raw.githubusercontent.com/Meartraep/Alician_dictionary/main/translated.db获取文件内容成功，大小: 712704字节
2026-04-25 01:11:00,448 - INFO - 数据库文件已是最新版本: SHA1=d469cf279f7d6885a636054338017cb9e0636b77
2026-04-25 01:11:00,449 - INFO - 后台检查完成，需要更新: False
2026-04-25 01:11:06,233 - INFO - 无需更新
2026-04-25 01:18:33,539 - INFO - 日志文件已配置: C:\Users\25307\Desktop\Alician_dictionary-26_2_18\update_checker.log
2026-04-25 01:18:33,540 - INFO - 开始后台检查更新...
2026-04-25 01:18:33,542 - INFO - 本地数据库文件SHA1值: d469cf279f7d6885a636054338017cb9e0636b77
2026-04-25 01:18:34,580 - INFO - 从https://raw.githubusercontent.com/Meartraep/Alician_dictionary/main/translated.db获取文件内容成功，大小: 712704字节
2026-04-25 01:18:34,581 - INFO - 数据库文件已是最新版本: SHA1=d469cf279f7d6885a636054338017cb9e0636b77
2026-04-25 01:18:34,581 - INFO - 后台检查完成，需要更新: False
2026-04-25 01:22:35,397 - INFO - 无需更新
2026-04-25 01:29:10,891 - INFO - 日志文件已配置: C:\Users\25307\Desktop\Alician_dictionary-26_2_18\update_checker.log
2026-04-25 01:29:10,892 - INFO - 开始后台检查更新...
2026-04-25 01:29:10,892 - INFO - 本地数据库文件SHA1值: d469cf279f7d6885a636054338017cb9e0636b77
2026-04-25 01:29:11,873 - INFO - 从https://raw.githubusercontent.com/Meartraep/Alician_dictionary/main/translated.db获取文件内容成功，大小: 712704字节
2026-04-25 01:29:11,874 - INFO - 数据库文件已是最新版本: SHA1=d469cf279f7d6885a636054338017cb9e0636b77
2026-04-25 01:29:11,874 - INFO - 后台检查完成，需要更新: False
2026-04-25 01:40:22,023 - INFO - 无需更新
2026-04-25 01:40:25,040 - INFO - 日志文件已配置: C:\Users\25307\Desktop\Alician_dictionary-26_2_18\update_checker.log
2026-04-25 01:40:25,041 - INFO - 开始后台检查更新...
2026-04-25 01:40:25,043 - INFO - 本地数据库文件SHA1值: d469cf279f7d6885a636054338017cb9e0636b77
2026-04-25 01:40:26,289 - INFO - 从https://raw.githubusercontent.com/Meartraep/Alician_dictionary/main/translated.db获取文件内容成功，大小: 712704字节
2026-04-25 01:40:26,290 - INFO - 数据库文件已是最新版本: SHA1=d469cf279f7d6885a636054338017cb9e0636b77
2026-04-25 01:40:26,290 - INFO - 后台检查完成，需要更新: False
2026-04-25 01:42:25,549 - INFO - 无需更新
2026-04-25 01:42:27,870 - INFO - 日志文件已配置: C:\Users\25307\Desktop\Alician_dictionary-26_2_18\update_checker.log
2026-04-25 01:42:27,872 - INFO - 开始后台检查更新...
2026-04-25 01:42:27,874 - INFO - 本地数据库文件SHA1值: d469cf279f7d6885a636054338017cb9e0636b77
2026-04-25 01:42:28,752 - INFO - 从https://raw.githubusercontent.com/Meartraep/Alician_dictionary/main/translated.db获取文件内容成功，大小: 712704字节
2026-04-25 01:42:28,754 - INFO - 数据库文件已是最新版本: SHA1=d469cf279f7d6885a636054338017cb9e0636b77
2026-04-25 01:42:28,754 - INFO - 后台检查完成，需要更新: False
2026-04-25 01:50:27,887 - INFO - 无需更新
2026-04-25 01:50:30,470 - INFO - 日志文件已配置: C:\Users\25307\Desktop\Alician_dictionary-26_2_18\update_checker.log
2026-04-25 01:50:30,472 - INFO - 开始后台检查更新...
2026-04-25 01:50:30,473 - INFO - 本地数据库文件SHA1值: d469cf279f7d6885a636054338017cb9e0636b77
2026-04-25 01:50:31,395 - INFO - 从https://raw.githubusercontent.com/Meartraep/Alician_dictionary/main/translated.db获取文件内容成功，大小: 712704字节
2026-04-25 01:50:31,396 - INFO - 数据库文件已是最新版本: SHA1=d469cf279f7d6885a636054338017cb9e0636b77
2026-04-25 01:50:31,396 - INFO - 后台检查完成，需要更新: False
2026-04-25 01:50:56,156 - INFO - 无需更新
2026-04-25 01:50:59,387 - INFO - 日志文件已配置: C:\Users\25307\Desktop\Alician_dictionary-26_2_18\update_checker.log
2026-04-25 01:50:59,388 - INFO - 开始后台检查更新...
2026-04-25 01:50:59,389 - INFO - 本地数据库文件SHA1值: d469cf279f7d6885a636054338017cb9e0636b77
2026-04-25 01:51:00,146 - INFO - 从https://raw.githubusercontent.com/Meartraep/Alician_dictionary/main/translated.db获取文件内容成功，大小: 712704字节
2026-04-25 01:51:00,147 - INFO - 数据库文件已是最新版本: SHA1=d469cf279f7d6885a636054338017cb9e0636b77
2026-04-25 01:51:00,147 - INFO - 后台检查完成，需要更新: False
2026-04-25 01:51:56,290 - INFO - 无需更新
2026-04-25 01:51:58,542 - INFO - 日志文件已配置: C:\Users\25307\Desktop\Alician_dictionary-26_2_18\update_checker.log
2026-04-25 01:51:58,543 - INFO - 开始后台检查更新...
2026-04-25 01:51:58,545 - INFO - 本地数据库文件SHA1值: d469cf279f7d6885a636054338017cb9e0636b77
2026-04-25 01:51:59,361 - INFO - 从https://raw.githubusercontent.com/Meartraep/Alician_dictionary/main/translated.db获取文件内容成功，大小: 712704字节
2026-04-25 01:51:59,362 - INFO - 数据库文件已是最新版本: SHA1=d469cf279f7d6885a636054338017cb9e0636b77
2026-04-25 01:51:59,362 - INFO - 后台检查完成，需要更新: False
2026-04-25 01:54:52,426 - INFO - 无需更新
2026-04-25 01:54:55,203 - INFO - 日志文件已配置: C:\Users\25307\Desktop\Alician_dictionary-26_2_18\update_checker.log
2026-04-25 01:54:55,205 - INFO - 开始后台检查更新...
2026-04-25 01:54:55,207 - INFO - 本地数据库文件SHA1值: d469cf279f7d6885a636054338017cb9e0636b77
2026-04-25 01:54:55,992 - INFO - 从https://raw.githubusercontent.com/Meartraep/Alician_dictionary/main/translated.db获取文件内容成功，大小: 712704字节
2026-04-25 01:54:55,993 - INFO - 数据库文件已是最新版本: SHA1=d469cf279f7d6885a636054338017cb9e0636b77
2026-04-25 01:54:55,994 - INFO - 后台检查完成，需要更新: False
2026-04-25 01:56:45,208 - INFO - 无需更新
2026-04-25 01:56:48,435 - INFO - 日志文件已配置: C:\Users\25307\Desktop\Alician_dictionary-26_2_18\update_checker.log
2026-04-25 01:56:48,436 - INFO - 开始后台检查更新...
2026-04-25 01:56:48,437 - INFO - 本地数据库文件SHA1值: d469cf279f7d6885a636054338017cb9e0636b77
2026-04-25 01:56:49,618 - INFO - 从https://raw.githubusercontent.com/Meartraep/Alician_dictionary/main/translated.db获取文件内容成功，大小: 712704字节
2026-04-25 01:56:49,619 - INFO - 数据库文件已是最新版本: SHA1=d469cf279f7d6885a636054338017cb9e0636b77
2026-04-25 01:56:49,619 - INFO - 后台检查完成，需要更新: False
2026-04-25 02:03:03,088 - INFO - 无需更新
2026-04-25 02:03:05,703 - INFO - 日志文件已配置: C:\Users\25307\Desktop\Alician_dictionary-26_2_18\update_checker.log
2026-04-25 02:03:05,704 - INFO - 开始后台检查更新...
2026-04-25 02:03:05,706 - INFO - 本地数据库文件SHA1值: d469cf279f7d6885a636054338017cb9e0636b77
2026-04-25 02:03:06,692 - INFO - 从https://raw.githubusercontent.com/Meartraep/Alician_dictionary/main/translated.db获取文件内容成功，大小: 712704字节
2026-04-25 02:03:06,702 - INFO - 数据库文件已是最新版本: SHA1=d469cf279f7d6885a636054338017cb9e0636b77
2026-04-25 02:03:06,703 - INFO - 后台检查完成，需要更新: False
2026-04-25 02:04:04,884 - INFO - 无需更新
2026-04-25 02:04:07,402 - INFO - 日志文件已配置: C:\Users\25307\Desktop\Alician_dictionary-26_2_18\update_checker.log
2026-04-25 02:04:07,403 - INFO - 开始后台检查更新...
2026-04-25 02:04:07,405 - INFO - 本地数据库文件SHA1值: d469cf279f7d6885a636054338017cb9e0636b77
2026-04-25 02:04:08,698 - INFO - 从https://raw.githubusercontent.com/Meartraep/Alician_dictionary/main/translated.db获取文件内容成功，大小: 712704字节
2026-04-25 02:04:08,699 - INFO - 数据库文件已是最新版本: SHA1=d469cf279f7d6885a636054338017cb9e0636b77
2026-04-25 02:04:08,699 - INFO - 后台检查完成，需要更新: False
2026-04-25 02:10:32,008 - INFO - 日志文件已配置: C:\Users\25307\Desktop\Alician_dictionary-26_2_18\update_checker.log
2026-04-25 02:10:32,010 - INFO - 开始后台检查更新...
2026-04-25 02:10:32,012 - INFO - 本地数据库文件SHA1值: d469cf279f7d6885a636054338017cb9e0636b77
2026-04-25 02:10:32,969 - INFO - 从https://raw.githubusercontent.com/Meartraep/Alician_dictionary/main/translated.db获取文件内容成功，大小: 712704字节
2026-04-25 02:10:32,971 - INFO - 数据库文件已是最新版本: SHA1=d469cf279f7d6885a636054338017cb9e0636b77
2026-04-25 02:10:32,971 - INFO - 后台检查完成，需要更新: False
2026-04-25 02:11:13,343 - INFO - 无需更新
2026-04-25 11:37:57,307 - INFO - 日志文件已配置: C:\Users\25307\Desktop\Alician_dictionary-26_2_18\update_checker.log
2026-04-25 11:37:57,308 - INFO - 开始后台检查更新...
2026-04-25 11:37:57,312 - INFO - 本地数据库文件SHA1值: d469cf279f7d6885a636054338017cb9e0636b77
2026-04-25 11:37:59,594 - INFO - 从https://raw.githubusercontent.com/Meartraep/Alician_dictionary/main/translated.db获取文件内容成功，大小: 712704字节
2026-04-25 11:37:59,595 - INFO - 数据库文件已是最新版本: SHA1=d469cf279f7d6885a636054338017cb9e0636b77
2026-04-25 11:37:59,595 - INFO - 后台检查完成，需要更新: False
2026-04-25 12:01:20,731 - INFO - 无需更新
2026-04-25 12:01:34,263 - INFO - 日志文件已配置: C:\Users\25307\Desktop\Alician_dictionary-26_2_18\update_checker.log
2026-04-25 12:01:34,264 - INFO - 开始后台检查更新...
2026-04-25 12:01:34,265 - INFO - 本地数据库文件SHA1值: d469cf279f7d6885a636054338017cb9e0636b77
2026-04-25 12:01:35,675 - INFO - 从https://raw.githubusercontent.com/Meartraep/Alician_dictionary/main/translated.db获取文件内容成功，大小: 712704字节
2026-04-25 12:01:35,676 - INFO - 数据库文件已是最新版本: SHA1=d469cf279f7d6885a636054338017cb9e0636b77
2026-04-25 12:01:35,676 - INFO - 后台检查完成，需要更新: False
2026-04-25 12:13:55,932 - INFO - 日志文件已配置: C:\Users\25307\Desktop\Alician_dictionary-26_2_18\update_checker.log
2026-04-25 12:13:55,933 - INFO - 开始后台检查更新...
2026-04-25 12:13:55,934 - INFO - 本地数据库文件SHA1值: d469cf279f7d6885a636054338017cb9e0636b77
2026-04-25 12:13:57,260 - INFO - 从https://raw.githubusercontent.com/Meartraep/Alician_dictionary/main/translated.db获取文件内容成功，大小: 712704字节
2026-04-25 12:13:57,260 - INFO - 数据库文件已是最新版本: SHA1=d469cf279f7d6885a636054338017cb9e0636b77
2026-04-25 12:13:57,260 - INFO - 后台检查完成，需要更新: False
2026-04-25 12:19:33,838 - INFO - 无需更新
2026-04-25 12:19:36,098 - INFO - 日志文件已配置: C:\Users\25307\Desktop\Alician_dictionary-26_2_18\update_checker.log
2026-04-25 12:19:36,099 - INFO - 开始后台检查更新...
2026-04-25 12:19:36,099 - INFO - 本地数据库文件SHA1值: d469cf279f7d6885a636054338017cb9e0636b77
2026-04-25 12:19:37,036 - INFO - 从https://raw.githubusercontent.com/Meartraep/Alician_dictionary/main/translated.db获取文件内容成功，大小: 712704字节
2026-04-25 12:19:37,037 - INFO - 数据库文件已是最新版本: SHA1=d469cf279f7d6885a636054338017cb9e0636b77
2026-04-25 12:19:37,037 - INFO - 后台检查完成，需要更新: False
2026-04-25 12:19:42,684 - INFO - 无需更新
2026-04-25 12:19:45,209 - INFO - 日志文件已配置: C:\Users\25307\Desktop\Alician_dictionary-26_2_18\update_checker.log
2026-04-25 12:19:45,210 - INFO - 开始后台检查更新...
2026-04-25 12:19:45,212 - INFO - 本地数据库文件SHA1值: d469cf279f7d6885a636054338017cb9e0636b77
2026-04-25 12:19:46,091 - INFO - 从https://raw.githubusercontent.com/Meartraep/Alician_dictionary/main/translated.db获取文件内容成功，大小: 712704字节
2026-04-25 12:19:46,092 - INFO - 数据库文件已是最新版本: SHA1=d469cf279f7d6885a636054338017cb9e0636b77
2026-04-25 12:19:46,092 - INFO - 后台检查完成，需要更新: False
2026-04-25 12:23:00,484 - INFO - 无需更新
2026-04-25 12:23:03,004 - INFO - 日志文件已配置: C:\Users\25307\Desktop\Alician_dictionary-26_2_18\update_checker.log
2026-04-25 12:23:03,005 - INFO - 开始后台检查更新...
2026-04-25 12:23:03,007 - INFO - 本地数据库文件SHA1值: d469cf279f7d6885a636054338017cb9e0636b77
2026-04-25 12:23:03,786 - INFO - 从https://raw.githubusercontent.com/Meartraep/Alician_dictionary/main/translated.db获取文件内容成功，大小: 712704字节
2026-04-25 12:23:03,787 - INFO - 数据库文件已是最新版本: SHA1=d469cf279f7d6885a636054338017cb9e0636b77
2026-04-25 12:23:03,787 - INFO - 后台检查完成，需要更新: False
2026-04-25 12:25:27,423 - INFO - 无需更新
2026-04-25 12:25:30,042 - INFO - 日志文件已配置: C:\Users\25307\Desktop\Alician_dictionary-26_2_18\update_checker.log
2026-04-25 12:25:30,043 - INFO - 开始后台检查更新...
2026-04-25 12:25:30,045 - INFO - 本地数据库文件SHA1值: d469cf279f7d6885a636054338017cb9e0636b77
2026-04-25 12:25:30,942 - INFO - 从https://raw.githubusercontent.com/Meartraep/Alician_dictionary/main/translated.db获取文件内容成功，大小: 712704字节
2026-04-25 12:25:30,943 - INFO - 数据库文件已是最新版本: SHA1=d469cf279f7d6885a636054338017cb9e0636b77
2026-04-25 12:25:30,943 - INFO - 后台检查完成，需要更新: False
2026-04-25 13:52:00,357 - INFO - 日志文件已配置: C:\Users\25307\Desktop\Alician_dictionary-26_2_18\update_checker.log
2026-04-25 13:52:00,357 - INFO - 开始后台检查更新...
2026-04-25 13:52:00,360 - INFO - 本地数据库文件SHA1值: d469cf279f7d6885a636054338017cb9e0636b77
2026-04-25 13:52:02,049 - INFO - 从https://raw.githubusercontent.com/Meartraep/Alician_dictionary/main/translated.db获取文件内容成功，大小: 712704字节
2026-04-25 13:52:02,051 - INFO - 数据库文件已是最新版本: SHA1=d469cf279f7d6885a636054338017cb9e0636b77
2026-04-25 13:52:02,051 - INFO - 后台检查完成，需要更新: False
2026-04-25 14:06:50,827 - INFO - 无需更新
2026-04-25 14:06:53,047 - INFO - 日志文件已配置: C:\Users\25307\Desktop\Alician_dictionary-26_2_18\update_checker.log
2026-04-25 14:06:53,049 - INFO - 开始后台检查更新...
2026-04-25 14:06:53,050 - INFO - 本地数据库文件SHA1值: d469cf279f7d6885a636054338017cb9e0636b77
2026-04-25 14:07:02,015 - INFO - 无需更新
2026-04-26 21:41:59,928 - INFO - 日志文件已配置: C:\Users\25307\Desktop\Alician_dictionary-26_2_18\update_checker.log
2026-04-26 21:41:59,933 - INFO - 开始后台检查更新...
2026-04-26 21:41:59,990 - INFO - 本地数据库文件SHA1值: d469cf279f7d6885a636054338017cb9e0636b77
2026-04-26 21:42:01,379 - INFO - 从https://raw.githubusercontent.com/Meartraep/Alician_dictionary/main/translated.db获取文件内容成功，大小: 712704字节
2026-04-26 21:42:01,382 - INFO - 数据库文件已是最新版本: SHA1=d469cf279f7d6885a636054338017cb9e0636b77
2026-04-26 21:42:01,382 - INFO - 后台检查完成，需要更新: False
2026-04-26 21:42:11,334 - INFO - 无需更新
2026-04-26 21:42:19,604 - INFO - 日志文件已配置: C:\Users\25307\Desktop\Alician_dictionary-26_2_18\update_checker.log
2026-04-26 21:42:19,606 - INFO - 开始后台检查更新...
2026-04-26 21:42:19,610 - INFO - 本地数据库文件SHA1值: d469cf279f7d6885a636054338017cb9e0636b77
2026-04-26 21:42:20,566 - INFO - 从https://raw.githubusercontent.com/Meartraep/Alician_dictionary/main/translated.db获取文件内容成功，大小: 712704字节
2026-04-26 21:42:20,568 - INFO - 数据库文件已是最新版本: SHA1=d469cf279f7d6885a636054338017cb9e0636b77
2026-04-26 21:42:20,568 - INFO - 后台检查完成，需要更新: False
2026-04-26 23:23:38,657 - INFO - 无需更新
2026-05-03 22:38:50,481 - INFO - 日志文件已配置: C:\Users\25307\Desktop\Alician_dictionary-26_2_18\update_checker.log
2026-05-03 22:38:50,481 - INFO - 开始后台检查更新...
2026-05-03 22:38:50,486 - INFO - 本地数据库文件SHA1值: d469cf279f7d6885a636054338017cb9e0636b77
2026-05-03 22:39:43,255 - INFO - 日志文件已配置: C:\Users\25307\Desktop\Alician_dictionary-26_2_18\update_checker.log
2026-05-03 22:39:43,255 - INFO - 开始后台检查更新...
2026-05-03 22:39:43,257 - INFO - 本地数据库文件SHA1值: d469cf279f7d6885a636054338017cb9e0636b77
2026-05-03 22:40:00,648 - INFO - 从https://raw.githubusercontent.com/Meartraep/Alician_dictionary/main/translated.db获取文件内容成功，大小: 712704字节
2026-05-03 22:40:00,648 - INFO - 数据库文件已是最新版本: SHA1=d469cf279f7d6885a636054338017cb9e0636b77
2026-05-03 22:40:00,648 - INFO - 后台检查完成，需要更新: False
2026-05-03 22:40:01,942 - INFO - 无需更新
2026-05-03 23:33:46,382 - INFO - 日志文件已配置: C:\Users\25307\Desktop\Alician_dictionary-26_2_18\update_checker.log
2026-05-03 23:33:46,385 - INFO - 开始后台检查更新...
2026-05-03 23:33:46,386 - INFO - 本地数据库文件SHA1值: d469cf279f7d6885a636054338017cb9e0636b77
2026-05-03 23:33:48,096 - INFO - 从https://raw.githubusercontent.com/Meartraep/Alician_dictionary/main/translated.db获取文件内容成功，大小: 712704字节
2026-05-03 23:33:48,097 - INFO - 数据库文件已是最新版本: SHA1=d469cf279f7d6885a636054338017cb9e0636b77
2026-05-03 23:33:48,097 - INFO - 后台检查完成，需要更新: False
2026-05-03 23:33:55,972 - INFO - 无需更新
